# timestamp | duration | file | instruction | dir | modtime | etag | size | fileId | status | errorString | http result code | other size | other modtime | other etag | other fileId | other instruction
#=#=#=# Syncrun started 2017-02-13T20:37:20 until 2017-02-13T20:37:43 (23781 msec)
19:37:37|385|Bilbliothek.bib|INST_NEW|Up|1486999576||17527||4||201|0|0|||INST_NONE|
19:37:38|1317|DieHorussoehne.pdf|INST_NEW|Up|1487000155||1285960||4||201|0|0|||INST_NONE|
19:37:37|425|DieHorussoehne.tex|INST_NEW|Up|1487011892||74805||4||201|0|0|||INST_NONE|
19:37:37|423|DieHorussöhne.odt|INST_NEW|Up|1456393025||61974||4||201|0|0|||INST_NONE|
19:37:39|1795|DieHorussöhne.pdf|INST_NEW|Up|1486500369||1293789||4||201|0|0|||INST_NONE|
19:37:38|531|DieHorussöhne.tex.alt|INST_NEW|Up|1486500369||57233||4||201|0|0|||INST_NONE|
19:37:40|2304|Titel-Hell.jpg|INST_NEW|Up|1485268349||1116636||4||201|0|0|||INST_NONE|
19:37:43|5494|Titel-raw.jpg|INST_NEW|Up|1485266824||3161189||4||201|0|0|||INST_NONE|
19:37:42|3259|Titel.jpg|INST_NEW|Up|1485266938||1718104||4||201|0|0|||INST_NONE|
19:37:41|409|horussoehne.reflib|INST_NEW|Up|1486999567||47308||4||201|0|0|||INST_NONE|
19:37:41|382|hosussoehne|INST_NEW|Up|1486999567||17703||4||201|0|0|||INST_NONE|
19:37:42|1289|zeittabelle Basel.odt|INST_NEW|Up|1475830770||64077||4||201|0|0|||INST_NONE|
#=#=#=# Syncrun started 2017-02-13T20:38:24 until 2017-02-13T20:38:24 (204 msec)
#=#=#=# Syncrun started 2017-02-13T20:38:39 until 2017-02-13T20:38:41 (1199 msec)
#=#=#=# Syncrun started 2017-02-13T20:40:22 until 2017-02-13T20:40:23 (1116 msec)
#=#=#=# Syncrun started 2017-02-13T20:42:59 until 2017-02-13T20:43:01 (1825 msec)
|0|DieHorussoehne.pdf|INST_SYNC|Up|1487014977||1286194||3|Eine lokale Datei wurde während der Synchronisation geändert.|0|1285960|1487000155|a28f1776f86526ab9a004d3863eec258|00000696oc5ffx67w6cp|INST_NONE|
|0|DieHorussoehne.tex|INST_SYNC|Up|1487014977||74807||3|Eine lokale Datei wurde während der Synchronisation geändert.|0|74805|1487011892|4ef821a88225aa26789c494ed7784e36|00000694oc5ffx67w6cp|INST_NONE|
#=#=#=# Syncrun started 2017-02-13T20:43:03 until 2017-02-13T20:43:04 (1100 msec)
19:43:04|955|DieHorussoehne.pdf|INST_SYNC|Up|1487014980||1286194||4||204|1285960|1487000155|a28f1776f86526ab9a004d3863eec258|00000696oc5ffx67w6cp|INST_NONE|
19:43:03|438|DieHorussoehne.tex|INST_SYNC|Up|1487014980||74807||4||204|74805|1487011892|4ef821a88225aa26789c494ed7784e36|00000694oc5ffx67w6cp|INST_NONE|
#=#=#=# Syncrun started 2017-02-13T20:43:50 until 2017-02-13T20:43:52 (1737 msec)
#=#=#=# Syncrun started 2017-02-13T22:44:20 until 2017-02-13T22:44:22 (1826 msec)
#=#=#=# Syncrun started 2017-02-14T10:49:24 until 2017-02-14T10:49:26 (2129 msec)
#=#=#=# Syncrun started 2017-02-14T10:53:21 until 2017-02-14T10:53:24 (3083 msec)
09:53:23|2642|DieHorussoehne.pdf|INST_SYNC|Up|1487065999||1286190||4||204|1286194|1487014980|ea0720b439771d96503985ac2a011714|00000696oc5ffx67w6cp|INST_NONE|
09:53:23|2781|DieHorussoehne.tex|INST_SYNC|Up|1487065999||74804||4||204|74807|1487014980|7a3177b1e081906c1867820ff0b15fbf|00000694oc5ffx67w6cp|INST_NONE|
#=#=#=# Syncrun started 2017-02-14T10:53:51 until 2017-02-14T10:53:55 (3320 msec)
09:53:54|1986|DieHorussoehne.pdf|INST_SYNC|Up|1487066029||1286194||4||204|1286190|1487065999|a79243b94d415b061ab44fbdaae9a356|00000696oc5ffx67w6cp|INST_NONE|
09:53:54|1979|DieHorussoehne.tex|INST_SYNC|Up|1487066029||74752||4||204|74804|1487065999|7d71cc09067c7fe223759fe43828be77|00000694oc5ffx67w6cp|INST_NONE|
#=#=#=# Syncrun started 2017-02-14T10:54:45 until 2017-02-14T10:54:47 (1693 msec)
#=#=#=# Syncrun started 2017-02-14T10:57:25 until 2017-02-14T10:57:29 (4171 msec)
09:57:29|2969|DieHorussoehne.pdf|INST_SYNC|Up|1487066243||1286140||4||204|1286194|1487066029|3fbeecd996a94805d81a6fc820350057|00000696oc5ffx67w6cp|INST_NONE|
09:57:28|2964|DieHorussoehne.tex|INST_SYNC|Up|1487066243||74758||4||204|74752|1487066029|1edf9a0fa5859278692858946bbcf4fb|00000694oc5ffx67w6cp|INST_NONE|
#=#=#=# Syncrun started 2017-02-14T10:57:35 until 2017-02-14T10:57:38 (3330 msec)
09:57:38|1971|DieHorussoehne.pdf|INST_SYNC|Up|1487066253||1286157||4||204|1286140|1487066243|3925cacfa2c18433bc7254d1cff63e77|00000696oc5ffx67w6cp|INST_NONE|
09:57:37|702|DieHorussoehne.tex|INST_SYNC|Up|1487066253||74757||4||204|74758|1487066243|542daf4a62e1c512b2d47f8d9f94786c|00000694oc5ffx67w6cp|INST_NONE|
#=#=#=# Syncrun started 2017-02-14T10:58:22 until 2017-02-14T10:58:22 (799 msec)
#=#=#=# Syncrun started 2017-02-14T10:59:47 until 2017-02-14T10:59:49 (2297 msec)
09:59:49|985|DieHorussoehne.tex|INST_SYNC|Up|1487066385||74778||4||204|74757|1487066253|20aed6b613a9659472c2076a4bad963c|00000694oc5ffx67w6cp|INST_NONE|
#=#=#=# Syncrun started 2017-02-14T11:00:47 until 2017-02-14T11:00:48 (927 msec)
#=#=#=# Syncrun started 2017-02-14T11:11:41 until 2017-02-14T11:11:44 (3421 msec)
10:11:43|1978|DieHorussoehne.tex|INST_SYNC|Up|1487067099||74786||4||204|74778|1487066385|dd4fd8033829df8edc93a275f7b5601b|00000694oc5ffx67w6cp|INST_NONE|
#=#=#=# Syncrun started 2017-02-14T11:11:59 until 2017-02-14T11:12:01 (2417 msec)
10:12:01|960|DieHorussoehne.tex|INST_SYNC|Up|1487067117||74786||4||204|74786|1487067099|8844dda1665468c7d71970b682aa8ec0|00000694oc5ffx67w6cp|INST_NONE|
#=#=#=# Syncrun started 2017-02-14T11:12:47 until 2017-02-14T11:12:48 (913 msec)
#=#=#=# Syncrun started 2017-02-14T11:13:40 until 2017-02-14T11:13:42 (2800 msec)
10:13:42|972|DieHorussoehne.tex|INST_SYNC|Up|1487067218||74786||4||204|74786|1487067117|7675bfafd9b73bcf281939c936761315|00000694oc5ffx67w6cp|INST_NONE|
#=#=#=# Syncrun started 2017-02-14T11:14:03 until 2017-02-14T11:14:05 (1828 msec)
|0|DieHorussoehne.tex|INST_SYNC|Up|1487067241||74786||3|Eine lokale Datei wurde während der Synchronisation geändert.|0|74786|1487067218|cc8010a7fa1dca5f5b074f130a27374e|00000694oc5ffx67w6cp|INST_NONE|
#=#=#=# Syncrun started 2017-02-14T11:14:07 until 2017-02-14T11:14:10 (3808 msec)
10:14:09|1847|DieHorussoehne.tex|INST_SYNC|Up|1487067244||74786||4||204|74786|1487067218|cc8010a7fa1dca5f5b074f130a27374e|00000694oc5ffx67w6cp|INST_NONE|
#=#=#=# Syncrun started 2017-02-14T11:15:03 until 2017-02-14T11:15:04 (939 msec)
#=#=#=# Syncrun started 2017-02-14T11:18:05 until 2017-02-14T11:18:07 (2314 msec)
10:18:07|982|DieHorussoehne.tex|INST_SYNC|Up|1487067483||74787||4||204|74786|1487067244|6d2d6510ba6bc00b4991dd5c6527dcb0|00000694oc5ffx67w6cp|INST_NONE|
#=#=#=# Syncrun started 2017-02-14T11:18:52 until 2017-02-14T11:18:53 (821 msec)
#=#=#=# Syncrun started 2017-02-14T11:32:57 until 2017-02-14T11:33:00 (3835 msec)
10:33:00|1984|DieHorussoehne.pdf|INST_SYNC|Up|1487068375||1287531||4||204|1286157|1487066253|e6599f30b1cc400fa0171c3e554a949d|00000696oc5ffx67w6cp|INST_NONE|
10:32:59|392|DieHorussoehne.tex|INST_SYNC|Up|1487068375||74811||4||204|74787|1487067483|2d4d66c9567202808de991ad14289e63|00000694oc5ffx67w6cp|INST_NONE|
#=#=#=# Syncrun started 2017-02-14T11:33:44 until 2017-02-14T11:33:45 (1299 msec)
10:33:45|1119|DieHorussoehne.tex|INST_SYNC|Up|1487068422||74843||4||204|74811|1487068375|2d6a56b3e7150f07671c54c42f92e0d9|00000694oc5ffx67w6cp|INST_NONE|
#=#=#=# Syncrun started 2017-02-14T11:34:00 until 2017-02-14T11:34:03 (3121 msec)
10:34:03|1779|DieHorussoehne.pdf|INST_SYNC|Up|1487068438||1288884||4||204|1287531|1487068375|fafe92149b13d414c790c375cd80e887|00000696oc5ffx67w6cp|INST_NONE|
10:34:02|705|DieHorussoehne.tex|INST_SYNC|Up|1487068438||74869||4||204|74843|1487068422|e5b5c08d1c2ac8df7ac307b4133ee237|00000694oc5ffx67w6cp|INST_NONE|
#=#=#=# Syncrun started 2017-02-14T11:34:45 until 2017-02-14T11:34:47 (1716 msec)
#=#=#=# Syncrun started 2017-02-14T11:43:44 until 2017-02-14T11:43:46 (2207 msec)
10:43:46|973|DieHorussoehne.tex|INST_SYNC|Up|1487069022||74932||4||204|74869|1487068438|0a9ba2bc3abfa0ed0696392039798e5b|00000694oc5ffx67w6cp|INST_NONE|
#=#=#=# Syncrun started 2017-02-14T11:44:47 until 2017-02-14T11:44:48 (913 msec)
#=#=#=# Syncrun started 2017-02-14T11:59:49 until 2017-02-14T11:59:52 (3249 msec)
10:59:52|1971|DieHorussoehne.pdf|INST_SYNC|Up|1487069987||1290541||4||204|1288884|1487068438|220cdff760ff081195caf728fc5b3546|00000696oc5ffx67w6cp|INST_NONE|
10:59:51|640|DieHorussoehne.tex|INST_SYNC|Up|1487069987||74927||4||204|74932|1487069022|4a62c9f1cacf3b1eee613b296623935a|00000694oc5ffx67w6cp|INST_NONE|
#=#=#=# Syncrun started 2017-02-14T12:00:45 until 2017-02-14T12:00:47 (1358 msec)
#=#=#=# Syncrun started 2017-02-14T12:03:44 until 2017-02-14T12:03:46 (2297 msec)
11:03:46|973|DieHorussoehne.tex|INST_SYNC|Up|1487070222||75182||4||204|74927|1487069987|36a5ceda1d564807715ea1422e500a6e|00000694oc5ffx67w6cp|INST_NONE|
#=#=#=# Syncrun started 2017-02-14T12:04:45 until 2017-02-14T12:04:52 (6712 msec)
#=#=#=# Syncrun started 2017-02-14T12:12:40 until 2017-02-14T12:12:43 (2700 msec)
11:12:43|1358|DieHorussoehne.pdf|INST_SYNC|Up|1487070758||1291490||4||204|1290541|1487069987|278ab03eb1201c44a13fdf3171e52e82|00000696oc5ffx67w6cp|INST_NONE|
11:12:42|600|DieHorussoehne.tex|INST_SYNC|Up|1487070758||76030||4||204|75182|1487070222|784bd39bd42d81ddea934f1711394153|00000694oc5ffx67w6cp|INST_NONE|
#=#=#=# Syncrun started 2017-02-14T12:13:44 until 2017-02-14T12:13:46 (2298 msec)
11:13:46|971|DieHorussoehne.tex|INST_SYNC|Up|1487070822||76172||4||204|76030|1487070758|e6fdbc865a94384fd3739114adfa3e34|00000694oc5ffx67w6cp|INST_NONE|
#=#=#=# Syncrun started 2017-02-14T12:14:47 until 2017-02-14T12:14:48 (914 msec)
#=#=#=# Syncrun started 2017-02-14T12:23:44 until 2017-02-14T12:23:46 (2286 msec)
11:23:46|974|DieHorussoehne.tex|INST_SYNC|Up|1487071422||77153||4||204|76172|1487070822|63938bc58867b79bd9cffe1c45ba2e8b|00000694oc5ffx67w6cp|INST_NONE|
#=#=#=# Syncrun started 2017-02-14T12:24:47 until 2017-02-14T12:24:48 (920 msec)
#=#=#=# Syncrun started 2017-02-14T12:27:21 until 2017-02-14T12:27:24 (3408 msec)
11:27:24|1963|DieHorussoehne.pdf|INST_SYNC|Up|1487071639||1292751||4||204|1291490|1487070758|7c8a6838e6f2eda093f7d00f1c3723af|00000696oc5ffx67w6cp|INST_NONE|
11:27:23|410|DieHorussoehne.tex|INST_SYNC|Up|1487071639||77441||4||204|77153|1487071422|af1c148c3b3293842ea9171e5b8d261e|00000694oc5ffx67w6cp|INST_NONE|
#=#=#=# Syncrun started 2017-02-14T12:28:17 until 2017-02-14T12:28:18 (907 msec)
#=#=#=# Syncrun started 2017-02-14T12:50:59 until 2017-02-14T12:51:01 (1955 msec)
11:51:01|1397|DieHorussoehne.pdf|INST_SYNC|Up|1487073057||1292751||4||204|1292751|1487071639|34e2600d58c1799cc3eb2e2ed01ca3b9|00000696oc5ffx67w6cp|INST_NONE|
11:51:00|449|DieHorussoehne.tex|INST_SYNC|Up|1487073057||77441||4||204|77441|1487071639|e1cfe3edc4fb7c87484385828c59c1f9|00000694oc5ffx67w6cp|INST_NONE|
#=#=#=# Syncrun started 2017-02-14T12:51:47 until 2017-02-14T12:51:47 (187 msec)
#=#=#=# Syncrun started 2017-02-14T12:53:44 until 2017-02-14T12:53:46 (1481 msec)
11:53:45|567|DieHorussoehne.tex|INST_SYNC|Up|1487073222||77466||4||204|77441|1487073057|1c50da0b74c31ebe376d895aebc332c4|00000694oc5ffx67w6cp|INST_NONE|
#=#=#=# Syncrun started 2017-02-14T12:54:45 until 2017-02-14T12:54:46 (1364 msec)
#=#=#=# Syncrun started 2017-02-14T12:55:20 until 2017-02-14T12:55:23 (2288 msec)
11:55:22|994|horussoehne.reflib|INST_SYNC|Up|1487073318||47806||4||204|47308|1486999567|1900aea1a18467122f3119b6f067c8f3|00000700oc5ffx67w6cp|INST_NONE|
11:55:22|993|hosussoehne|INST_SYNC|Up|1487073318||17902||4||204|17703|1486999567|742f8d2a1d748bf9584eb89c35f5fb5c|00000701oc5ffx67w6cp|INST_NONE|
#=#=#=# Syncrun started 2017-02-14T12:55:31 until 2017-02-14T12:55:33 (1983 msec)
11:55:33|584|Bilbliothek.bib|INST_SYNC|Up|1487073329||17722||4||204|17527|1486999576|c227a1be51cbac8c5cac5948493ca5be|00000693oc5ffx67w6cp|INST_NONE|
#=#=#=# Syncrun started 2017-02-14T12:56:15 until 2017-02-14T12:56:17 (1702 msec)
#=#=#=# Syncrun started 2017-02-14T12:58:02 until 2017-02-14T12:58:04 (2317 msec)
11:58:04|987|horussoehne.reflib|INST_SYNC|Up|1487073480||48266||4||204|47806|1487073318|883e1134913aecd17c566dec70aeff99|00000700oc5ffx67w6cp|INST_NONE|
11:58:04|987|hosussoehne|INST_SYNC|Up|1487073480||18063||4||204|17902|1487073318|99d2729dacfd988257f9d9c9ceba9834|00000701oc5ffx67w6cp|INST_NONE|
#=#=#=# Syncrun started 2017-02-14T12:58:11 until 2017-02-14T12:58:14 (3874 msec)
11:58:13|1851|Bilbliothek.bib|INST_SYNC|Up|1487073489||17879||4||204|17722|1487073329|384c1e7934f6bb977fc252b8fbca1733|00000693oc5ffx67w6cp|INST_NONE|
#=#=#=# Syncrun started 2017-02-14T12:59:15 until 2017-02-14T12:59:17 (1743 msec)
#=#=#=# Syncrun started 2017-02-14T13:01:58 until 2017-02-14T13:02:00 (2306 msec)
12:02:00|962|horussoehne.reflib|INST_SYNC|Up|1487073716||48278||4||204|48266|1487073480|8798d356720317c230a80dda36ee3ed2|00000700oc5ffx67w6cp|INST_NONE|
12:02:00|964|hosussoehne|INST_SYNC|Up|1487073716||18075||4||204|18063|1487073480|8f515bac7fd141eef8756aa6cddfae44|00000701oc5ffx67w6cp|INST_NONE|
#=#=#=# Syncrun started 2017-02-14T13:02:04 until 2017-02-14T13:02:06 (2730 msec)
12:02:06|967|Bilbliothek.bib|INST_SYNC|Up|1487073722||17891||4||204|17879|1487073489|c5b8372d5d59a97c66577b61103e183c|00000693oc5ffx67w6cp|INST_NONE|
#=#=#=# Syncrun started 2017-02-14T13:03:02 until 2017-02-14T13:03:03 (917 msec)
#=#=#=# Syncrun started 2017-02-14T13:03:44 until 2017-02-14T13:03:46 (2294 msec)
12:03:46|971|DieHorussoehne.tex|INST_SYNC|Up|1487073822||77569||4||204|77466|1487073222|2ba764dc85cb1c9f9324558b22eb3d26|00000694oc5ffx67w6cp|INST_NONE|
#=#=#=# Syncrun started 2017-02-14T13:04:47 until 2017-02-14T13:04:48 (824 msec)
#=#=#=# Syncrun started 2017-02-14T13:09:34 until 2017-02-14T13:09:35 (1950 msec)
12:09:35|964|DieHorussoehne.tex|INST_SYNC|Up|1487074171||77410||4||204|77569|1487073822|469e11ddd04c00c9517d55799649fa84|00000694oc5ffx67w6cp|INST_NONE|
#=#=#=# Syncrun started 2017-02-14T13:10:17 until 2017-02-14T13:10:20 (2899 msec)
12:10:18|1993|DieHorussoehne.tex|INST_SYNC|Up|1487074215||77411||4||204|77410|1487074171|35557e6f5a9ab60a090307f401f739a7|00000694oc5ffx67w6cp|INST_NONE|
#=#=#=# Syncrun started 2017-02-14T13:11:05 until 2017-02-14T13:11:07 (2313 msec)
12:11:07|981|DieHorussoehne.tex|INST_SYNC|Up|1487074263||77381||4||204|77411|1487074215|b38dca8ea862a13650bc1c23d750428b|00000694oc5ffx67w6cp|INST_NONE|
#=#=#=# Syncrun started 2017-02-14T13:11:47 until 2017-02-14T13:11:48 (914 msec)
#=#=#=# Syncrun started 2017-02-14T13:13:44 until 2017-02-14T13:13:46 (2296 msec)
12:13:46|972|DieHorussoehne.tex|INST_SYNC|Up|1487074422||77347||4||204|77381|1487074263|db9ba1cdea47462c99631445641c58c1|00000694oc5ffx67w6cp|INST_NONE|
#=#=#=# Syncrun started 2017-02-14T13:14:47 until 2017-02-14T13:14:48 (916 msec)
#=#=#=# Syncrun started 2017-02-14T13:38:34 until 2017-02-14T13:38:36 (2231 msec)
12:38:36|960|DieHorussoehne.tex|INST_SYNC|Up|1487075912||77347||4||204|77347|1487074422|cc7493850c1865a709c9b7b4f836622b|00000694oc5ffx67w6cp|INST_NONE|
#=#=#=# Syncrun started 2017-02-14T13:39:17 until 2017-02-14T13:39:18 (929 msec)
#=#=#=# Syncrun started 2017-02-14T13:40:14 until 2017-02-14T13:40:16 (1865 msec)
12:40:14|1689|DieHorussoehne.tex|INST_SYNC|Up|1487076012||77347||4||204|77347|1487075912|83db77a7f198d575d657fd00bf18eebc|00000694oc5ffx67w6cp|INST_NONE|
#=#=#=# Syncrun started 2017-02-14T13:41:17 until 2017-02-14T13:41:18 (925 msec)
#=#=#=# Syncrun started 2017-02-14T13:53:25 until 2017-02-14T13:53:28 (3702 msec)
12:53:28|1978|DieHorussoehne.pdf|INST_SYNC|Up|1487076803||1282846||4||204|1292751|1487073057|f1c1dd624ab577fc9e10846cbedf1dce|00000696oc5ffx67w6cp|INST_NONE|
12:53:27|486|DieHorussoehne.tex|INST_SYNC|Up|1487076803||77684||4||204|77347|1487076012|d44b35100e4b1c554611393fcb8af0c8|00000694oc5ffx67w6cp|INST_NONE|
#=#=#=# Syncrun started 2017-02-14T13:53:44 until 2017-02-14T13:53:45 (1287 msec)
12:53:45|1058|DieHorussoehne.tex|INST_SYNC|Up|1487076822||77684||4||204|77684|1487076803|03a99047b7198466766b3f1c3ead6bff|00000694oc5ffx67w6cp|INST_NONE|
#=#=#=# Syncrun started 2017-02-14T13:54:45 until 2017-02-14T13:54:47 (1719 msec)
#=#=#=# Syncrun started 2017-02-14T13:57:14 until 2017-02-14T13:57:17 (3315 msec)
12:57:17|1974|DieHorussoehne.pdf|INST_SYNC|Up|1487077032||1283005||4||204|1282846|1487076803|a2d57a877a7e1082cdb2e3fb4d85dd81|00000696oc5ffx67w6cp|INST_NONE|
12:57:16|576|DieHorussoehne.tex|INST_SYNC|Up|1487077032||77915||4||204|77684|1487076822|51fe6fee67fe98b4867d46c30bd30547|00000694oc5ffx67w6cp|INST_NONE|
#=#=#=# Syncrun started 2017-02-14T13:58:17 until 2017-02-14T13:58:18 (914 msec)
#=#=#=# Syncrun started 2017-02-14T14:01:26 until 2017-02-14T14:01:30 (3404 msec)
13:01:30|2209|DieHorussoehne.pdf|INST_SYNC|Up|1487077284||1283707||4||204|1283005|1487077032|da645c64457500af5248cb1f48274d3f|00000696oc5ffx67w6cp|INST_NONE|
13:01:28|944|DieHorussoehne.tex|INST_SYNC|Up|1487077284||78265||4||204|77915|1487077032|6652f7effaa68ca5e30e2918d680c04c|00000694oc5ffx67w6cp|INST_NONE|
#=#=#=# Syncrun started 2017-02-14T14:02:17 until 2017-02-14T14:02:18 (901 msec)
#=#=#=# Syncrun started 2017-02-14T14:03:44 until 2017-02-14T14:03:46 (2297 msec)
13:03:46|973|DieHorussoehne.tex|INST_SYNC|Up|1487077422||78361||4||204|78265|1487077284|1c9ddd11288eaeb4c50d92aa9094306b|00000694oc5ffx67w6cp|INST_NONE|
#=#=#=# Syncrun started 2017-02-14T14:04:47 until 2017-02-14T14:04:50 (3193 msec)
#=#=#=# Syncrun started 2017-02-14T14:13:44 until 2017-02-14T14:13:46 (2285 msec)
13:13:46|971|DieHorussoehne.tex|INST_SYNC|Up|1487078022||78942||4||204|78361|1487077422|e343d94140c91ae3e76cc5a8a9fcc756|00000694oc5ffx67w6cp|INST_NONE|
#=#=#=# Syncrun started 2017-02-14T14:14:47 until 2017-02-14T14:14:48 (928 msec)
#=#=#=# Syncrun started 2017-02-14T14:22:55 until 2017-02-14T14:22:57 (2316 msec)
13:22:57|2039|DieHorussoehne.pdf|INST_SYNC|Up|1487078573||1284556||4||204|1283707|1487077284|55e6c743eb7f5fedc0eab012cb7ac851|00000696oc5ffx67w6cp|INST_NONE|
13:22:56|398|DieHorussoehne.tex|INST_SYNC|Up|1487078573||79322||4||204|78942|1487078022|d4acb3e0468e7050a74611e434866c0b|00000694oc5ffx67w6cp|INST_NONE|
#=#=#=# Syncrun started 2017-02-14T14:23:44 until 2017-02-14T14:23:46 (2286 msec)
13:23:46|957|DieHorussoehne.tex|INST_SYNC|Up|1487078622||79343||4||204|79322|1487078573|c421888f370bd3a591f5adecf8362fc7|00000694oc5ffx67w6cp|INST_NONE|
#=#=#=# Syncrun started 2017-02-14T14:24:47 until 2017-02-14T14:24:48 (912 msec)
#=#=#=# Syncrun started 2017-02-14T14:33:44 until 2017-02-14T14:33:46 (2284 msec)
13:33:46|960|DieHorussoehne.tex|INST_SYNC|Up|1487079222||80024||4||204|79343|1487078622|d41c567804c9f9d86c43b8487df089d4|00000694oc5ffx67w6cp|INST_NONE|
#=#=#=# Syncrun started 2017-02-14T14:35:02 until 2017-02-14T14:35:03 (914 msec)
#=#=#=# Syncrun started 2017-02-14T14:36:15 until 2017-02-14T14:36:18 (2750 msec)
13:36:16|2555|DieHorussoehne.pdf|INST_SYNC|Up|1487079373||1285261||4||204|1284556|1487078573|7e1cfca5f14e4431b746feb7f35ea05e|00000696oc5ffx67w6cp|INST_NONE|
13:36:15|473|DieHorussoehne.tex|INST_SYNC|Up|1487079373||80200||4||204|80024|1487079222|d2efe6d2c3ad8938bc2ec75675fdb91f|00000694oc5ffx67w6cp|INST_NONE|
#=#=#=# Syncrun started 2017-02-14T14:36:43 until 2017-02-14T14:36:46 (3202 msec)
13:36:46|1362|DieHorussoehne.pdf|INST_SYNC|Up|1487079401||1285256||4||204|1285261|1487079373|355b6621e45bb3bdd938eb8c6c96c371|00000696oc5ffx67w6cp|INST_NONE|
13:36:45|443|DieHorussoehne.tex|INST_SYNC|Up|1487079401||80229||4||204|80200|1487079373|e7f4060d59d62f93b6f71c3de1732878|00000694oc5ffx67w6cp|INST_NONE|
#=#=#=# Syncrun started 2017-02-14T14:37:46 until 2017-02-14T14:37:48 (1431 msec)
#=#=#=# Syncrun started 2017-02-14T14:43:44 until 2017-02-14T14:43:45 (1126 msec)
13:43:45|611|DieHorussoehne.tex|INST_SYNC|Up|1487079822||80682||4||204|80229|1487079401|a82a1ef22ca1433622099d3d313cd564|00000694oc5ffx67w6cp|INST_NONE|
#=#=#=# Syncrun started 2017-02-14T14:44:47 until 2017-02-14T14:44:48 (926 msec)
#=#=#=# Syncrun started 2017-02-14T14:46:43 until 2017-02-14T14:46:47 (3816 msec)
13:46:45|1974|DieHorussoehne.pdf|INST_SYNC|Up|1487080001||1285765||4||204|1285256|1487079401|7911dc7c73cdc2893a28f1a1622bd694|00000696oc5ffx67w6cp|INST_NONE|
13:46:45|441|DieHorussoehne.tex|INST_SYNC|Up|1487080001||80797||4||204|80682|1487079822|4dbfea4c6316290064b1e4dee29735ac|00000694oc5ffx67w6cp|INST_NONE|
#=#=#=# Syncrun started 2017-02-14T14:47:45 until 2017-02-14T14:47:46 (199 msec)
#=#=#=# Syncrun started 2017-02-14T14:52:27 until 2017-02-14T14:52:30 (3719 msec)
13:52:30|1975|DieHorussoehne.pdf|INST_SYNC|Up|1487080345||1286172||4||204|1285765|1487080001|31d8eafa0735f1e04d7ba1990a7b743b|00000696oc5ffx67w6cp|INST_NONE|
13:52:29|557|DieHorussoehne.tex|INST_SYNC|Up|1487080345||81290||4||204|80797|1487080001|8f5b7f8c98a5c41b7ca1bee68b19c180|00000694oc5ffx67w6cp|INST_NONE|
#=#=#=# Syncrun started 2017-02-14T14:53:00 until 2017-02-14T14:53:04 (3703 msec)
13:53:03|1978|DieHorussoehne.pdf|INST_SYNC|Up|1487080378||1286192||4||204|1286172|1487080345|d20b63be0fde31772c8c54b82832628e|00000696oc5ffx67w6cp|INST_NONE|
13:53:02|475|DieHorussoehne.tex|INST_SYNC|Up|1487080378||81284||4||204|81290|1487080345|15cdb160b2d4eb9425ca553c28d4399a|00000694oc5ffx67w6cp|INST_NONE|
#=#=#=# Syncrun started 2017-02-14T14:53:16 until 2017-02-14T14:53:19 (2979 msec)
13:53:19|1253|DieHorussoehne.pdf|INST_SYNC|Up|1487080394||1286192||4||204|1286192|1487080378|3b1af156610bad571ee9368c1ee42bac|00000696oc5ffx67w6cp|INST_NONE|
13:53:18|682|DieHorussoehne.tex|INST_SYNC|Up|1487080394||81282||4||204|81284|1487080378|0c49d4623732c4c0f8b3d60134b15339|00000694oc5ffx67w6cp|INST_NONE|
#=#=#=# Syncrun started 2017-02-14T14:53:44 until 2017-02-14T14:53:46 (2288 msec)
13:53:46|975|DieHorussoehne.tex|INST_SYNC|Up|1487080422||81303||4||204|81282|1487080394|c49bd9396931688694cb4b5eadc46932|00000694oc5ffx67w6cp|INST_NONE|
#=#=#=# Syncrun started 2017-02-14T14:54:47 until 2017-02-14T14:54:47 (568 msec)
#=#=#=# Syncrun started 2017-02-14T14:59:56 until 2017-02-14T15:00:00 (3430 msec)
13:59:59|1978|DieHorussoehne.pdf|INST_SYNC|Up|1487080794||1287542||4||204|1286192|1487080394|06cee19e89ddc94eccb951062c6616ef|00000696oc5ffx67w6cp|INST_NONE|
13:59:58|572|DieHorussoehne.tex|INST_SYNC|Up|1487080794||81338||4||204|81303|1487080422|4ecec70384d65326d61ffe690669afb5|00000694oc5ffx67w6cp|INST_NONE|
#=#=#=# Syncrun started 2017-02-14T15:00:47 until 2017-02-14T15:00:48 (912 msec)
#=#=#=# Syncrun started 2017-02-14T15:02:20 until 2017-02-14T15:02:23 (3314 msec)
14:02:23|1982|DieHorussoehne.pdf|INST_SYNC|Up|1487080938||1288308||4||204|1287542|1487080794|d0a4fcd747efc8ca3a518da8ff1665d5|00000696oc5ffx67w6cp|INST_NONE|
14:02:22|577|DieHorussoehne.tex|INST_SYNC|Up|1487080938||81398||4||204|81338|1487080794|27dc2471454251794b641e0d766366b3|00000694oc5ffx67w6cp|INST_NONE|
#=#=#=# Syncrun started 2017-02-14T15:03:15 until 2017-02-14T15:03:15 (555 msec)
#=#=#=# Syncrun started 2017-02-14T15:03:44 until 2017-02-14T15:03:45 (1260 msec)
14:03:45|1046|DieHorussoehne.tex|INST_SYNC|Up|1487081022||81398||4||204|81398|1487080938|91a5447cf12394c462855c40ea4740c8|00000694oc5ffx67w6cp|INST_NONE|
#=#=#=# Syncrun started 2017-02-14T15:04:47 until 2017-02-14T15:04:47 (160 msec)
#=#=#=# Syncrun started 2017-02-14T15:13:44 until 2017-02-14T15:13:46 (2248 msec)
14:13:46|973|DieHorussoehne.tex|INST_SYNC|Up|1487081622||81725||4||204|81398|1487081022|ce229e0f88e8a2050357c4f24c5b305f|00000694oc5ffx67w6cp|INST_NONE|
#=#=#=# Syncrun started 2017-02-14T15:14:45 until 2017-02-14T15:14:47 (1741 msec)
#=#=#=# Syncrun started 2017-02-14T15:53:44 until 2017-02-14T15:53:46 (2297 msec)
14:53:46|974|DieHorussoehne.tex|INST_SYNC|Up|1487084022||81849||4||204|81725|1487081622|4e0df875dc94094ed754a6113f5cd127|00000694oc5ffx67w6cp|INST_NONE|
#=#=#=# Syncrun started 2017-02-14T15:54:47 until 2017-02-14T15:54:48 (901 msec)
#=#=#=# Syncrun started 2017-02-14T15:54:55 until 2017-02-14T15:54:59 (3818 msec)
14:54:58|2002|DieHorussoehne.pdf|INST_SYNC|Up|1487084093||1288440||4||204|1288308|1487080938|52eb6fe5e030b2769f831c3300721f83|00000696oc5ffx67w6cp|INST_NONE|
14:54:57|430|DieHorussoehne.tex|INST_SYNC|Up|1487084093||81921||4||204|81849|1487084022|33e08e4fb519fbc801831649d7f9cdae|00000694oc5ffx67w6cp|INST_NONE|
#=#=#=# Syncrun started 2017-02-14T15:55:45 until 2017-02-14T15:55:47 (1737 msec)
#=#=#=# Syncrun started 2017-02-14T16:03:34 until 2017-02-14T16:03:37 (3804 msec)
15:03:37|1976|DieHorussoehne.pdf|INST_SYNC|Up|1487084612||1288841||4||204|1288440|1487084093|e1e259b52e5512aa496536a15f64045b|00000696oc5ffx67w6cp|INST_NONE|
15:03:36|455|DieHorussoehne.tex|INST_SYNC|Up|1487084612||82423||4||204|81921|1487084093|fad5534c35f185f091503eb45c3e9f08|00000694oc5ffx67w6cp|INST_NONE|
#=#=#=# Syncrun started 2017-02-14T16:03:44 until 2017-02-14T16:03:45 (1284 msec)
15:03:45|1104|DieHorussoehne.tex|INST_SYNC|Up|1487084622||82428||4||204|82423|1487084612|9d905093cf50283226c62142c6253d57|00000694oc5ffx67w6cp|INST_NONE|
#=#=#=# Syncrun started 2017-02-14T16:04:46 until 2017-02-14T16:04:48 (1215 msec)
#=#=#=# Syncrun started 2017-02-14T16:13:44 until 2017-02-14T16:13:46 (2299 msec)
15:13:46|980|DieHorussoehne.tex|INST_SYNC|Up|1487085222||82987||4||204|82428|1487084622|e3a401aeaf33098e3b7c5c277986fb28|00000694oc5ffx67w6cp|INST_NONE|
#=#=#=# Syncrun started 2017-02-14T16:14:47 until 2017-02-14T16:14:48 (917 msec)
#=#=#=# Syncrun started 2017-02-14T16:21:08 until 2017-02-14T16:21:12 (3831 msec)
15:21:11|1994|DieHorussoehne.pdf|INST_SYNC|Up|1487085666||1290338||4||204|1288841|1487084612|db121daf07e96812788a23d59a34e782|00000696oc5ffx67w6cp|INST_NONE|
15:21:10|594|DieHorussoehne.tex|INST_SYNC|Up|1487085666||83724||4||204|82987|1487085222|37ba37f6b8ae3f4b3efd895d16f82e2b|00000694oc5ffx67w6cp|INST_NONE|
#=#=#=# Syncrun started 2017-02-14T16:21:47 until 2017-02-14T16:21:49 (1905 msec)
#=#=#=# Syncrun started 2017-02-14T16:23:44 until 2017-02-14T16:23:45 (1296 msec)
15:23:45|1121|DieHorussoehne.tex|INST_SYNC|Up|1487085822||83877||4||204|83724|1487085666|6819f5e9f63210775959f13d4d6a543a|00000694oc5ffx67w6cp|INST_NONE|
#=#=#=# Syncrun started 2017-02-14T16:24:47 until 2017-02-14T16:24:48 (917 msec)
#=#=#=# Syncrun started 2017-02-14T16:31:07 until 2017-02-14T16:31:12 (4865 msec)
15:31:11|1975|DieHorussoehne.pdf|INST_SYNC|Up|1487086265||1291034||4||204|1290338|1487085666|f9c4a59495096e7a5d3adffebe00f4a9|00000696oc5ffx67w6cp|INST_NONE|
15:31:10|521|DieHorussoehne.tex|INST_SYNC|Up|1487086265||84551||4||204|83877|1487085822|6970cbc2a2b8c11be6bc6241b0647713|00000694oc5ffx67w6cp|INST_NONE|
#=#=#=# Syncrun started 2017-02-14T16:31:46 until 2017-02-14T16:31:47 (823 msec)
#=#=#=# Syncrun started 2017-02-14T16:33:44 until 2017-02-14T16:33:46 (2286 msec)
15:33:46|967|DieHorussoehne.tex|INST_SYNC|Up|1487086422||84847||4||204|84551|1487086265|1b8cb9d58123060b46e5274267e424eb|00000694oc5ffx67w6cp|INST_NONE|
#=#=#=# Syncrun started 2017-02-14T16:34:45 until 2017-02-14T16:34:47 (1743 msec)
#=#=#=# Syncrun started 2017-02-14T16:43:44 until 2017-02-14T16:43:46 (2287 msec)
15:43:46|972|DieHorussoehne.tex|INST_SYNC|Up|1487087022||85861||4||204|84847|1487086422|6e9ff8be9bb96796967520b1fafe6db6|00000694oc5ffx67w6cp|INST_NONE|
#=#=#=# Syncrun started 2017-02-14T16:44:47 until 2017-02-14T16:44:47 (405 msec)
#=#=#=# Syncrun started 2017-02-14T16:48:09 until 2017-02-14T16:48:13 (3819 msec)
15:48:12|1993|DieHorussoehne.pdf|INST_SYNC|Up|1487087287||1292542||4||204|1291034|1487086265|cedc0275769c1ad6844c4f65928d7195|00000696oc5ffx67w6cp|INST_NONE|
15:48:11|713|DieHorussoehne.tex|INST_SYNC|Up|1487087287||86354||4||204|85861|1487087022|0c9b85a6f89af4e22bbcd9d9294513ca|00000694oc5ffx67w6cp|INST_NONE|
#=#=#=# Syncrun started 2017-02-14T16:48:47 until 2017-02-14T16:48:48 (913 msec)
#=#=#=# Syncrun started 2017-02-14T16:53:38 until 2017-02-14T16:53:41 (3814 msec)
15:53:41|1972|DieHorussoehne.pdf|INST_SYNC|Up|1487087616||1292887||4||204|1292542|1487087287|54d42d6455e639e3bacb0367f0bc10a9|00000696oc5ffx67w6cp|INST_NONE|
15:53:40|549|DieHorussoehne.tex|INST_SYNC|Up|1487087616||86843||4||204|86354|1487087287|2ef3af602c4ca5c64cd80ab2645bf412|00000694oc5ffx67w6cp|INST_NONE|
#=#=#=# Syncrun started 2017-02-14T16:54:18 until 2017-02-14T16:54:19 (922 msec)
#=#=#=# Syncrun started 2017-02-14T16:58:53 until 2017-02-14T16:58:57 (3818 msec)
15:58:56|1993|DieHorussoehne.pdf|INST_SYNC|Up|1487087931||1293706||4||204|1292887|1487087616|ea19ee2609b697f3ba28a0f90f4ee7bf|00000696oc5ffx67w6cp|INST_NONE|
15:58:55|448|DieHorussoehne.tex|INST_SYNC|Up|1487087931||87286||4||204|86843|1487087616|1dd6ee1f7142a8a4486c2cccba027f56|00000694oc5ffx67w6cp|INST_NONE|
#=#=#=# Syncrun started 2017-02-14T16:59:47 until 2017-02-14T16:59:47 (288 msec)
#=#=#=# Syncrun started 2017-02-14T17:03:44 until 2017-02-14T17:03:46 (2298 msec)
16:03:46|984|DieHorussoehne.tex|INST_SYNC|Up|1487088222||87857||4||204|87286|1487087931|9ba374ea43f16bd3a8b248b358502c95|00000694oc5ffx67w6cp|INST_NONE|
#=#=#=# Syncrun started 2017-02-14T17:04:23 until 2017-02-14T17:04:26 (3401 msec)
16:04:26|1967|DieHorussoehne.pdf|INST_SYNC|Up|1487088261||1294193||4||204|1293706|1487087931|1257039d407e2ddcd30be7d673f0caee|00000696oc5ffx67w6cp|INST_NONE|
16:04:25|538|DieHorussoehne.tex|INST_SYNC|Up|1487088261||87879||4||204|87857|1487088222|234b5c78e96726b0380ebc2bdb093558|00000694oc5ffx67w6cp|INST_NONE|
#=#=#=# Syncrun started 2017-02-14T17:04:53 until 2017-02-14T17:04:55 (2327 msec)
16:04:55|1919|DieHorussoehne.pdf|INST_SYNC|Up|1487088291||1294219||4||204|1294193|1487088261|767ac27349acc7758cebea8c5c44d8e9|00000696oc5ffx67w6cp|INST_NONE|
16:04:54|966|DieHorussoehne.tex|INST_SYNC|Up|1487088291||87893||4||204|87879|1487088261|7ab34d52da000d4e378debb77e38b137|00000694oc5ffx67w6cp|INST_NONE|
#=#=#=# Syncrun started 2017-02-14T17:05:47 until 2017-02-14T17:05:48 (928 msec)
#=#=#=# Syncrun started 2017-02-14T17:10:31 until 2017-02-14T17:10:34 (3313 msec)
16:10:34|1977|DieHorussoehne.pdf|INST_SYNC|Up|1487088629||1294210||4||204|1294219|1487088291|8a34ecb819aa95fa1d47c0dde2dd2eff|00000696oc5ffx67w6cp|INST_NONE|
16:10:33|883|DieHorussoehne.tex|INST_SYNC|Up|1487088629||87894||4||204|87893|1487088291|26389471ddc85d4d7706e6f0f46edfbf|00000694oc5ffx67w6cp|INST_NONE|
#=#=#=# Syncrun started 2017-02-14T17:10:53 until 2017-02-14T17:10:56 (3814 msec)
16:10:56|1980|DieHorussoehne.pdf|INST_SYNC|Up|1487088651||1294219||4||204|1294210|1487088629|ebc4326390b024eeac3c30f10fc8e6c0|00000696oc5ffx67w6cp|INST_NONE|
16:10:55|565|DieHorussoehne.tex|INST_SYNC|Up|1487088651||87896||4||204|87894|1487088629|c0f2b9bb951c1c62f00874f3b1dd83d9|00000694oc5ffx67w6cp|INST_NONE|
#=#=#=# Syncrun started 2017-02-14T17:11:46 until 2017-02-14T17:11:48 (1747 msec)
#=#=#=# Syncrun started 2017-02-14T17:13:44 until 2017-02-14T17:13:45 (1298 msec)
16:13:45|1119|DieHorussoehne.tex|INST_SYNC|Up|1487088822||88060||4||204|87896|1487088651|06e17e7585e2e4c18b5f883e1bacdb37|00000694oc5ffx67w6cp|INST_NONE|
#=#=#=# Syncrun started 2017-02-14T17:14:36 until 2017-02-14T17:14:39 (3861 msec)
16:14:39|1966|DieHorussoehne.pdf|INST_SYNC|Up|1487088874||1294360||4||204|1294219|1487088651|2478513bb430f7b033c04817a92fe0ba|00000696oc5ffx67w6cp|INST_NONE|
16:14:38|643|DieHorussoehne.tex|INST_SYNC|Up|1487088874||88123||4||204|88060|1487088822|44669ae6f0314c4887a2053620530d91|00000694oc5ffx67w6cp|INST_NONE|
#=#=#=# Syncrun started 2017-02-14T17:15:17 until 2017-02-14T17:15:18 (931 msec)
#=#=#=# Syncrun started 2017-02-14T17:23:44 until 2017-02-14T17:23:45 (499 msec)
16:23:45|314|DieHorussoehne.tex|INST_SYNC|Up|1487089422||88261||4||204|88123|1487088874|2b79aadff18eb296fe1d7518f5ceb532|00000694oc5ffx67w6cp|INST_NONE|
#=#=#=# Syncrun started 2017-02-14T17:24:47 until 2017-02-14T17:24:48 (925 msec)
#=#=#=# Syncrun started 2017-02-14T17:33:44 until 2017-02-14T17:33:45 (1297 msec)
16:33:45|1104|DieHorussoehne.tex|INST_SYNC|Up|1487090022||88912||4||204|88261|1487089422|21bf33329dc4a377d650d97ea78ec2c0|00000694oc5ffx67w6cp|INST_NONE|
#=#=#=# Syncrun started 2017-02-14T17:34:47 until 2017-02-14T17:34:48 (911 msec)
#=#=#=# Syncrun started 2017-02-14T17:43:44 until 2017-02-14T17:43:46 (2286 msec)
16:43:46|961|DieHorussoehne.tex|INST_SYNC|Up|1487090622||89815||4||204|88912|1487090022|44aba6c77de5cd4f7b01c6e145207fe9|00000694oc5ffx67w6cp|INST_NONE|
#=#=#=# Syncrun started 2017-02-14T17:44:47 until 2017-02-14T17:44:48 (913 msec)
#=#=#=# Syncrun started 2017-02-14T17:53:44 until 2017-02-14T17:53:45 (1288 msec)
16:53:45|1086|DieHorussoehne.tex|INST_SYNC|Up|1487091222||90715||4||204|89815|1487090622|08b68c2d38c31140832ba07281435603|00000694oc5ffx67w6cp|INST_NONE|
#=#=#=# Syncrun started 2017-02-14T17:54:21 until 2017-02-14T17:54:26 (4319 msec)
16:54:24|2979|DieHorussoehne.pdf|INST_SYNC|Up|1487091259||1296502||4||204|1294360|1487088874|a142117e1ce0c289763cc9e59287d89e|00000696oc5ffx67w6cp|INST_NONE|
16:54:23|986|DieHorussoehne.tex|INST_SYNC|Up|1487091259||90670||4||204|90715|1487091222|df30934aace53ab5c2226dbf0337602e|00000694oc5ffx67w6cp|INST_NONE|
#=#=#=# Syncrun started 2017-02-14T17:55:17 until 2017-02-14T17:55:18 (916 msec)
#=#=#=# Syncrun started 2017-02-14T18:02:16 until 2017-02-14T18:02:19 (3307 msec)
17:02:19|1968|DieHorussoehne.pdf|INST_SYNC|Up|1487091734||1296862||4||204|1296502|1487091259|7a681c2b4bba26c8f57d1c163ecf05bc|00000696oc5ffx67w6cp|INST_NONE|
17:02:18|554|DieHorussoehne.tex|INST_SYNC|Up|1487091734||91175||4||204|90670|1487091259|ae4cfc6f2eee75af28b1e9763b119306|00000694oc5ffx67w6cp|INST_NONE|
#=#=#=# Syncrun started 2017-02-14T18:03:17 until 2017-02-14T18:03:18 (913 msec)
#=#=#=# Syncrun started 2017-02-14T18:03:44 until 2017-02-14T18:03:45 (1284 msec)
17:03:45|1091|DieHorussoehne.tex|INST_SYNC|Up|1487091822||91320||4||204|91175|1487091734|7254baab7f8cbb4cbdb14eacc2134e6b|00000694oc5ffx67w6cp|INST_NONE|
#=#=#=# Syncrun started 2017-02-14T18:03:48 until 2017-02-14T18:03:51 (3804 msec)
17:03:51|1976|DieHorussoehne.pdf|INST_SYNC|Up|1487091826||1297417||4||204|1296862|1487091734|b4cb3126daa42180df6fa403df3ea1d2|00000696oc5ffx67w6cp|INST_NONE|
17:03:50|464|DieHorussoehne.tex|INST_SYNC|Up|1487091826||91320||4||204|91320|1487091822|a57957b3d22752e2e20417d9ad6791b4|00000694oc5ffx67w6cp|INST_NONE|
#=#=#=# Syncrun started 2017-02-14T18:04:45 until 2017-02-14T18:04:47 (1729 msec)
#=#=#=# Syncrun started 2017-02-14T18:05:13 until 2017-02-14T18:05:16 (2321 msec)
17:05:15|2094|DieHorussoehne.pdf|INST_SYNC|Up|1487091911||1297429||4||204|1297417|1487091826|2e8ea7d35d1489238ba77623e6c7d026|00000696oc5ffx67w6cp|INST_NONE|
17:05:14|330|DieHorussoehne.tex|INST_SYNC|Up|1487091911||91333||4||204|91320|1487091826|1691e72482c8eed8553b5cbb8287e36a|00000694oc5ffx67w6cp|INST_NONE|
#=#=#=# Syncrun started 2017-02-14T18:05:50 until 2017-02-14T18:05:54 (3699 msec)
17:05:53|1993|DieHorussoehne.pdf|INST_SYNC|Up|1487091948||1297429||4||204|1297429|1487091911|4312b519997e2834b9dbfaf6151394d9|00000696oc5ffx67w6cp|INST_NONE|
17:05:52|526|DieHorussoehne.tex|INST_SYNC|Up|1487091948||91327||4||204|91333|1487091911|1d29aeb7eeeddbcfefc2c36e0b4601c8|00000694oc5ffx67w6cp|INST_NONE|
#=#=#=# Syncrun started 2017-02-14T18:06:45 until 2017-02-14T18:06:47 (1875 msec)
#=#=#=# Syncrun started 2017-02-14T18:13:44 until 2017-02-14T18:13:45 (1292 msec)
17:13:45|1000|DieHorussoehne.tex|INST_SYNC|Up|1487092422||91747||4||204|91327|1487091948|20cf4e7a9501cc5c4f1e5d1e7bceb133|00000694oc5ffx67w6cp|INST_NONE|
#=#=#=# Syncrun started 2017-02-14T18:14:47 until 2017-02-14T18:14:48 (903 msec)
#=#=#=# Syncrun started 2017-02-14T18:16:19 until 2017-02-14T18:16:23 (4806 msec)
17:16:22|2981|DieHorussoehne.pdf|INST_SYNC|Up|1487092577||1297829||4||204|1297429|1487091948|bad1278a8565da890cd955bb77fd0cd8|00000696oc5ffx67w6cp|INST_NONE|
17:16:22|1333|DieHorussoehne.tex|INST_SYNC|Up|1487092577||91786||4||204|91747|1487092422|08c594e956778575b251875e66e4278c|00000694oc5ffx67w6cp|INST_NONE|
#=#=#=# Syncrun started 2017-02-14T18:17:15 until 2017-02-14T18:17:17 (1719 msec)
#=#=#=# Syncrun started 2017-02-14T18:18:36 until 2017-02-14T18:18:39 (3429 msec)
17:18:39|1962|DieHorussoehne.pdf|INST_SYNC|Up|1487092714||1297925||4||204|1297829|1487092577|086c7284ac8c7c43bac7e9121c5fdfdb|00000696oc5ffx67w6cp|INST_NONE|
17:18:38|437|DieHorussoehne.tex|INST_SYNC|Up|1487092714||92103||4||204|91786|1487092577|000da9cb8f6657264e6a0996b52721e4|00000694oc5ffx67w6cp|INST_NONE|
#=#=#=# Syncrun started 2017-02-14T18:18:50 until 2017-02-14T18:18:55 (4919 msec)
17:18:53|3061|DieHorussoehne.pdf|INST_SYNC|Up|1487092728||1298086||4||204|1297925|1487092714|7ec9a352bf16dec4a54f2f2c3638dea6|00000696oc5ffx67w6cp|INST_NONE|
17:18:52|577|DieHorussoehne.tex|INST_SYNC|Up|1487092728||92104||4||204|92103|1487092714|7f97ce763f5480f4ce06e1edb961f5e0|00000694oc5ffx67w6cp|INST_NONE|
#=#=#=# Syncrun started 2017-02-14T18:19:47 until 2017-02-14T18:19:48 (933 msec)
#=#=#=# Syncrun started 2017-02-14T18:23:44 until 2017-02-14T18:23:47 (3280 msec)
17:23:46|1952|DieHorussoehne.tex|INST_SYNC|Up|1487093022||92420||4||204|92104|1487092728|df9e4594c5b06017f8aa123ac5994877|00000694oc5ffx67w6cp|INST_NONE|
#=#=#=# Syncrun started 2017-02-14T18:24:47 until 2017-02-14T18:24:48 (904 msec)
#=#=#=# Syncrun started 2017-02-14T18:26:53 until 2017-02-14T18:26:55 (2181 msec)
17:26:55|1881|DieHorussoehne.pdf|INST_SYNC|Up|1487093211||1298511||4||204|1298086|1487092728|e42f4a31c1ffc1648676bcecb204c90e|00000696oc5ffx67w6cp|INST_NONE|
17:26:54|505|DieHorussoehne.tex|INST_SYNC|Up|1487093211||92639||4||204|92420|1487093022|4a3fe80ed764f6c1fb7aa6472435d316|00000694oc5ffx67w6cp|INST_NONE|
#=#=#=# Syncrun started 2017-02-14T18:27:10 until 2017-02-14T18:27:13 (2604 msec)
17:27:13|1279|DieHorussoehne.pdf|INST_SYNC|Up|1487093228||1298511||4||204|1298511|1487093211|7e0cf6a9ec0cad45796b50dd0ea0c80f|00000696oc5ffx67w6cp|INST_NONE|
17:27:12|448|DieHorussoehne.tex|INST_SYNC|Up|1487093228||92636||4||204|92639|1487093211|6672b27013377d80d850fd97d38ef021|00000694oc5ffx67w6cp|INST_NONE|
#=#=#=# Syncrun started 2017-02-14T18:28:14 until 2017-02-14T18:28:17 (3305 msec)
17:28:17|1974|DieHorussoehne.pdf|INST_SYNC|Up|1487093292||1298587||4||204|1298511|1487093228|46c3b6216b61ca9e0c2f96a9b6c2e267|00000696oc5ffx67w6cp|INST_NONE|
17:28:16|669|DieHorussoehne.tex|INST_SYNC|Up|1487093292||92727||4||204|92636|1487093228|e962ae571b386785e1ca2e6f2bad1073|00000694oc5ffx67w6cp|INST_NONE|
#=#=#=# Syncrun started 2017-02-14T18:29:17 until 2017-02-14T18:29:18 (920 msec)
#=#=#=# Syncrun started 2017-02-14T18:31:58 until 2017-02-14T18:32:00 (2155 msec)
17:32:00|1436|DieHorussoehne.pdf|INST_SYNC|Up|1487093516||1298695||4||204|1298587|1487093292|2183540d0f4723b9f060c0eb4408a268|00000696oc5ffx67w6cp|INST_NONE|
17:31:59|340|DieHorussoehne.tex|INST_SYNC|Up|1487093516||92876||4||204|92727|1487093292|7791c287bf60069c547f194709b0345e|00000694oc5ffx67w6cp|INST_NONE|
#=#=#=# Syncrun started 2017-02-14T18:32:45 until 2017-02-14T18:32:47 (1740 msec)
#=#=#=# Syncrun started 2017-02-14T18:33:44 until 2017-02-14T18:33:46 (2295 msec)
17:33:46|985|DieHorussoehne.tex|INST_SYNC|Up|1487093622||93075||4||204|92876|1487093516|08b21cdfa0be2a7c1b5c6713d5d18a1c|00000694oc5ffx67w6cp|INST_NONE|
#=#=#=# Syncrun started 2017-02-14T18:34:11 until 2017-02-14T18:34:15 (3318 msec)
17:34:13|1992|DieHorussoehne.pdf|INST_SYNC|Up|1487093649||1299031||4||204|1298695|1487093516|246e61e92780085be5e842c83250fc4a|00000696oc5ffx67w6cp|INST_NONE|
17:34:13|468|DieHorussoehne.tex|INST_SYNC|Up|1487093649||93110||4||204|93075|1487093622|db445f7da2559fd7f72027cd1d4750c2|00000694oc5ffx67w6cp|INST_NONE|
#=#=#=# Syncrun started 2017-02-14T18:35:03 until 2017-02-14T18:35:07 (3714 msec)
17:35:05|1995|DieHorussoehne.pdf|INST_SYNC|Up|1487093701||1299047||4||204|1299031|1487093649|f8e25b9f2140bccd993fe75121575801|00000696oc5ffx67w6cp|INST_NONE|
17:35:05|524|DieHorussoehne.tex|INST_SYNC|Up|1487093701||93118||4||204|93110|1487093649|f29df48be018ba95085b352c64e42202|00000694oc5ffx67w6cp|INST_NONE|
#=#=#=# Syncrun started 2017-02-14T18:35:49 until 2017-02-14T18:35:50 (918 msec)
#=#=#=# Syncrun started 2017-02-14T18:37:45 until 2017-02-14T18:37:51 (5320 msec)
17:37:49|3982|DieHorussoehne.pdf|INST_SYNC|Up|1487093863||1299240||4||204|1299047|1487093701|1624b48160b673bc045979010e074cfd|00000696oc5ffx67w6cp|INST_NONE|
17:37:47|350|DieHorussoehne.tex|INST_SYNC|Up|1487093863||93386||4||204|93118|1487093701|c724713928b7a2c364d251182c2c2d8d|00000694oc5ffx67w6cp|INST_NONE|
#=#=#=# Syncrun started 2017-02-14T18:38:26 until 2017-02-14T18:38:30 (3381 msec)
17:38:28|1978|DieHorussoehne.pdf|INST_SYNC|Up|1487093904||1299243||4||204|1299240|1487093863|c8d9ceba178aabe8230c9bafedf138ca|00000696oc5ffx67w6cp|INST_NONE|
17:38:28|569|DieHorussoehne.tex|INST_SYNC|Up|1487093904||93383||4||204|93386|1487093863|fbafd638aeb4fd3ba0df179c6eb88a6b|00000694oc5ffx67w6cp|INST_NONE|
#=#=#=# Syncrun started 2017-02-14T18:38:46 until 2017-02-14T18:38:48 (1663 msec)
17:38:48|322|DieHorussoehne.tex|INST_SYNC|Up|1487093924||93395||4||204|93383|1487093904|890a43874911d0796d50f371dc700dd2|00000694oc5ffx67w6cp|INST_NONE|
#=#=#=# Syncrun started 2017-02-14T18:38:54 until 2017-02-14T18:38:57 (2913 msec)
17:38:57|1068|DieHorussoehne.pdf|INST_SYNC|Up|1487093932||1299285||4||204|1299243|1487093904|24b2737e65babf47cd5ff785297089d0|00000696oc5ffx67w6cp|INST_NONE|
17:38:56|472|DieHorussoehne.tex|INST_SYNC|Up|1487093932||93395||4||204|93395|1487093924|2416b62bbfc878495fc32db5e36489ce|00000694oc5ffx67w6cp|INST_NONE|
#=#=#=# Syncrun started 2017-02-14T18:39:45 until 2017-02-14T18:39:47 (2308 msec)
17:39:46|2103|DieHorussoehne.pdf|INST_SYNC|Up|1487093983||1299285||4||204|1299285|1487093932|472877316ff80afd97a1ba8d87b6d758|00000696oc5ffx67w6cp|INST_NONE|
17:39:46|554|DieHorussoehne.tex|INST_SYNC|Up|1487093983||93395||4||204|93395|1487093932|1bae5b658ef2774270250f98234ec910|00000694oc5ffx67w6cp|INST_NONE|
#=#=#=# Syncrun started 2017-02-14T18:40:47 until 2017-02-14T18:40:48 (909 msec)
#=#=#=# Syncrun started 2017-02-14T18:41:57 until 2017-02-14T18:42:00 (3809 msec)
17:41:59|1979|DieHorussoehne.pdf|INST_SYNC|Up|1487094115||1142783||4||204|1299285|1487093983|45bda6dabd48aec211c74c432db722fe|00000696oc5ffx67w6cp|INST_NONE|
17:41:59|425|DieHorussoehne.tex|INST_SYNC|Up|1487094115||93388||4||204|93395|1487093983|be3c991a7e7106fd53b1f65c0df2d098|00000694oc5ffx67w6cp|INST_NONE|
#=#=#=# Syncrun started 2017-02-14T18:42:47 until 2017-02-14T18:42:48 (913 msec)
#=#=#=# Syncrun started 2017-02-14T18:43:24 until 2017-02-14T18:43:28 (3796 msec)
17:43:26|347|Bilbliothek.bib|INST_SYNC|Up|1487094203||17891||4||204|17891|1487073722|74cd0b1aee91250930aa63abdbea18d5|00000693oc5ffx67w6cp|INST_NONE|
17:43:27|1991|DieHorussoehne.pdf|INST_SYNC|Up|1487094203||1142783||4||204|1142783|1487094115|b00e29a8b4e18571d5c8a9b50ddc8212|00000696oc5ffx67w6cp|INST_NONE|
17:43:26|389|DieHorussoehne.tex|INST_SYNC|Up|1487094203||93388||4||204|93388|1487094115|bf2ca6f2eba8a1fae8da55827c545257|00000694oc5ffx67w6cp|INST_NONE|
17:43:26|1637|horussoehne.reflib|INST_SYNC|Up|1487094203||48278||4||204|48278|1487073716|97b937af436908c02df865ec5f7e23ef|00000700oc5ffx67w6cp|INST_NONE|
17:43:26|1596|hosussoehne|INST_SYNC|Up|1487094203||18075||4||204|18075|1487073716|55f41fc99344b1a5014bb63cfd6c907b|00000701oc5ffx67w6cp|INST_NONE|
#=#=#=# Syncrun started 2017-02-14T18:44:19 until 2017-02-14T18:44:20 (938 msec)
#=#=#=# Syncrun started 2017-02-15T14:55:25 until 2017-02-15T14:55:29 (3565 msec)
#=#=#=# Syncrun started 2017-02-15T16:55:48 until 2017-02-15T16:55:49 (304 msec)
#=#=#=# Syncrun started 2017-02-15T20:22:47 until 2017-02-15T20:22:48 (836 msec)
#=#=#=# Syncrun started 2017-02-15T22:23:16 until 2017-02-15T22:23:18 (1917 msec)
#=#=#=# Syncrun started 2017-02-16T10:30:18 until 2017-02-16T10:30:19 (352 msec)
#=#=#=# Syncrun started 2017-02-16T10:41:01 until 2017-02-16T10:41:05 (3465 msec)
09:41:04|1975|DieHorussoehne.pdf|INST_SYNC|Up|1487238059||1297115||4||204|1142783|1487094203|e03faa93f8d58304b584446ff9569e86|00000696oc5ffx67w6cp|INST_NONE|
09:41:04|2044|DieHorussoehne.tex|INST_SYNC|Up|1487238059||93392||4||204|93388|1487094203|bd987774efffda3e06d76d88706a4ad0|00000694oc5ffx67w6cp|INST_NONE|
#=#=#=# Syncrun started 2017-02-16T10:41:39 until 2017-02-16T10:41:41 (1715 msec)
#=#=#=# Syncrun started 2017-02-16T10:42:57 until 2017-02-16T10:43:00 (3026 msec)
09:43:00|1201|DieHorussoehne.pdf|INST_SYNC|Up|1487238175||1297115||4||204|1297115|1487238059|58747a2b4f1f5bd95753e846e51660cc|00000696oc5ffx67w6cp|INST_NONE|
09:42:59|621|DieHorussoehne.tex|INST_SYNC|Up|1487238175||93409||4||204|93392|1487238059|61ac94bf4b4052b0d629fc7a31b8c3c3|00000694oc5ffx67w6cp|INST_NONE|
#=#=#=# Syncrun started 2017-02-16T10:43:41 until 2017-02-16T10:43:42 (900 msec)
#=#=#=# Syncrun started 2017-02-16T10:44:53 until 2017-02-16T10:44:57 (3717 msec)
09:44:56|1978|DieHorussoehne.pdf|INST_SYNC|Up|1487238291||1291060||4||204|1297115|1487238175|d9e2d456f242bc0d86a8a779e5fbe116|00000696oc5ffx67w6cp|INST_NONE|
09:44:55|817|DieHorussoehne.tex|INST_SYNC|Up|1487238291||93411||4||204|93409|1487238175|4f03fb3a43308b3a465f0f0c59a67602|00000694oc5ffx67w6cp|INST_NONE|
#=#=#=# Syncrun started 2017-02-16T10:45:12 until 2017-02-16T10:45:15 (3256 msec)
09:45:15|1804|DieHorussoehne.pdf|INST_SYNC|Up|1487238310||1291060||4||204|1291060|1487238291|7012346477c7717d4ecc23594705400e|00000696oc5ffx67w6cp|INST_NONE|
09:45:14|614|DieHorussoehne.tex|INST_SYNC|Up|1487238310||93411||4||204|93411|1487238291|8970391ce3575a752542e4e59b902111|00000694oc5ffx67w6cp|INST_NONE|
#=#=#=# Syncrun started 2017-02-16T10:46:11 until 2017-02-16T10:46:11 (172 msec)
#=#=#=# Syncrun started 2017-02-16T10:50:43 until 2017-02-16T10:50:47 (3774 msec)
09:50:46|1965|DieHorussoehne.pdf|INST_SYNC|Up|1487238641||1291067||4||204|1291060|1487238310|30b3362a7ec77464664383a3381a6797|00000696oc5ffx67w6cp|INST_NONE|
09:50:45|601|DieHorussoehne.tex|INST_SYNC|Up|1487238641||93404||4||204|93411|1487238310|4928bc62a069cb11d016c7ed9df7c23e|00000694oc5ffx67w6cp|INST_NONE|
#=#=#=# Syncrun started 2017-02-16T10:51:06 until 2017-02-16T10:51:09 (2411 msec)
09:51:08|1773|DieHorussoehne.pdf|INST_SYNC|Up|1487238664||1291076||4||204|1291067|1487238641|e68a9e70c4d59b033166485a4cfe32a0|00000696oc5ffx67w6cp|INST_NONE|
09:51:07|614|DieHorussoehne.tex|INST_SYNC|Up|1487238664||93416||4||204|93404|1487238641|34a9d13e0cbbbcedcdcc1d3383c1a2d1|00000694oc5ffx67w6cp|INST_NONE|
#=#=#=# Syncrun started 2017-02-16T10:52:00 until 2017-02-16T10:52:04 (3367 msec)
09:52:03|1961|DieHorussoehne.pdf|INST_SYNC|Up|1487238718||1292376||4||204|1291076|1487238664|d8d0828b5f99c81f653af304b7705307|00000696oc5ffx67w6cp|INST_NONE|
09:52:02|635|DieHorussoehne.tex|INST_SYNC|Up|1487238718||93438||4||204|93416|1487238664|b51f315aaa7c28e8335c96644a004359|00000694oc5ffx67w6cp|INST_NONE|
#=#=#=# Syncrun started 2017-02-16T10:52:46 until 2017-02-16T10:52:47 (939 msec)
#=#=#=# Syncrun started 2017-02-16T10:57:37 until 2017-02-16T10:57:39 (1890 msec)
09:57:37|1627|DieHorussoehne.tex|INST_SYNC|Up|1487239055||93711||4||204|93438|1487238718|17e0cf0b071436a79f74f4114743b5c7|00000694oc5ffx67w6cp|INST_NONE|
#=#=#=# Syncrun started 2017-02-16T10:58:41 until 2017-02-16T10:58:42 (912 msec)
#=#=#=# Syncrun started 2017-02-16T11:07:06 until 2017-02-16T11:07:09 (2314 msec)
10:07:08|1779|DieHorussoehne.pdf|INST_SYNC|Up|1487239624||1293689||4||204|1292376|1487238718|a793f59e179d73f3089f24a7a4f11673|00000696oc5ffx67w6cp|INST_NONE|
10:07:07|484|DieHorussoehne.tex|INST_SYNC|Up|1487239624||94737||4||204|93711|1487239055|5acab3293f4bb53b39d41ee56469770f|00000694oc5ffx67w6cp|INST_NONE|
#=#=#=# Syncrun started 2017-02-16T11:07:28 until 2017-02-16T11:07:32 (3200 msec)
10:07:31|1993|DieHorussoehne.pdf|INST_SYNC|Up|1487239647||1298123||4||204|1293689|1487239624|62ebf3cedba57ac37af2c9ebb21b6a12|00000696oc5ffx67w6cp|INST_NONE|
10:07:30|433|DieHorussoehne.tex|INST_SYNC|Up|1487239646||94734||4||204|94737|1487239624|f0f2bcd5128994f047fc0c94ea4ad703|00000694oc5ffx67w6cp|INST_NONE|
#=#=#=# Syncrun started 2017-02-16T11:08:09 until 2017-02-16T11:08:11 (1327 msec)
#=#=#=# Syncrun started 2017-02-16T11:15:29 until 2017-02-16T11:15:33 (3827 msec)
10:15:32|1974|DieHorussoehne.pdf|INST_SYNC|Up|1487240127||1298299||4||204|1298123|1487239647|f3c100d4013d393b1e8bf7fd439b6c80|00000696oc5ffx67w6cp|INST_NONE|
10:15:31|603|DieHorussoehne.tex|INST_SYNC|Up|1487240127||95033||4||204|94734|1487239646|cb3a79b651ecc41bfd233237fe491d5f|00000694oc5ffx67w6cp|INST_NONE|
#=#=#=# Syncrun started 2017-02-16T11:16:03 until 2017-02-16T11:16:06 (2985 msec)
10:16:06|1746|DieHorussoehne.pdf|INST_SYNC|Up|1487240161||1298299||4||204|1298299|1487240127|fb9cac9002873a794fbd8ec47638e892|00000696oc5ffx67w6cp|INST_NONE|
10:16:05|640|DieHorussoehne.tex|INST_SYNC|Up|1487240161||95017||4||204|95033|1487240127|c642448711b33713e6ca21287b91386a|00000694oc5ffx67w6cp|INST_NONE|
#=#=#=# Syncrun started 2017-02-16T11:16:40 until 2017-02-16T11:16:42 (1705 msec)
#=#=#=# Syncrun started 2017-02-16T11:17:03 until 2017-02-16T11:17:07 (3702 msec)
10:17:06|1975|DieHorussoehne.pdf|INST_SYNC|Up|1487240221||1298284||4||204|1298299|1487240161|19f13346296f1d3bdcb289d2b793b26f|00000696oc5ffx67w6cp|INST_NONE|
10:17:05|470|DieHorussoehne.tex|INST_SYNC|Up|1487240221||95040||4||204|95017|1487240161|0711f88e9cebefaeebbb5d1b9042de1a|00000694oc5ffx67w6cp|INST_NONE|
#=#=#=# Syncrun started 2017-02-16T11:17:37 until 2017-02-16T11:17:38 (1466 msec)
10:17:38|1227|DieHorussoehne.pdf|INST_SYNC|Up|1487240255||1298298||4||204|1298284|1487240221|030ac69ec38bc94d87588f980826ab39|00000696oc5ffx67w6cp|INST_NONE|
10:17:37|350|DieHorussoehne.tex|INST_SYNC|Up|1487240255||95039||4||204|95040|1487240221|d629730354a328919183883d55cd4d5a|00000694oc5ffx67w6cp|INST_NONE|
#=#=#=# Syncrun started 2017-02-16T11:18:39 until 2017-02-16T11:18:41 (1420 msec)
#=#=#=# Syncrun started 2017-02-16T11:20:24 until 2017-02-16T11:20:28 (3875 msec)
10:20:27|1978|DieHorussoehne.pdf|INST_SYNC|Up|1487240422||1298358||4||204|1298298|1487240255|6ebaec8196b4e9cc1bfb54b0a036c1c2|00000696oc5ffx67w6cp|INST_NONE|
10:20:26|432|DieHorussoehne.tex|INST_SYNC|Up|1487240422||95112||4||204|95039|1487240255|a977a223c31479c526030ba56d7f3b12|00000694oc5ffx67w6cp|INST_NONE|
#=#=#=# Syncrun started 2017-02-16T11:21:09 until 2017-02-16T11:21:11 (1485 msec)
#=#=#=# Syncrun started 2017-02-16T11:24:39 until 2017-02-16T11:24:43 (3307 msec)
10:24:42|1967|DieHorussoehne.pdf|INST_SYNC|Up|1487240677||1298606||4||204|1298358|1487240422|d161818372967e0ed019d2645f58cb03|00000696oc5ffx67w6cp|INST_NONE|
10:24:41|519|DieHorussoehne.tex|INST_SYNC|Up|1487240677||95431||4||204|95112|1487240422|96bcd272b37fb12ec21e0eae520fe385|00000694oc5ffx67w6cp|INST_NONE|
#=#=#=# Syncrun started 2017-02-16T11:25:39 until 2017-02-16T11:25:40 (954 msec)
#=#=#=# Syncrun started 2017-02-16T11:37:37 until 2017-02-16T11:37:39 (1902 msec)
10:37:37|1601|DieHorussoehne.tex|INST_SYNC|Up|1487241455||95431||4||204|95431|1487240677|3a351afaa71d65331d74c361baf03cc7|00000694oc5ffx67w6cp|INST_NONE|
#=#=#=# Syncrun started 2017-02-16T11:37:58 until 2017-02-16T11:38:02 (3314 msec)
10:38:01|1976|DieHorussoehne.pdf|INST_SYNC|Up|1487241476||1298611||4||204|1298606|1487240677|9437d4287282760be75e945c91096286|00000696oc5ffx67w6cp|INST_NONE|
10:38:00|459|DieHorussoehne.tex|INST_SYNC|Up|1487241476||95424||4||204|95431|1487241455|c7100074d0f51e6d06378a0a77e01c08|00000694oc5ffx67w6cp|INST_NONE|
#=#=#=# Syncrun started 2017-02-16T11:38:47 until 2017-02-16T11:38:48 (919 msec)
#=#=#=# Syncrun started 2017-02-16T11:41:45 until 2017-02-16T11:41:48 (2901 msec)
10:41:47|1968|DieHorussoehne.pdf|INST_SYNC|Up|1487241703||1298803||4||204|1298611|1487241476|1adc95d1e4f2683fe401c250ae458520|00000696oc5ffx67w6cp|INST_NONE|
10:41:46|370|DieHorussoehne.tex|INST_SYNC|Up|1487241703||95635||4||204|95424|1487241476|36707f222fdda921ec651ab1e91e50a1|00000694oc5ffx67w6cp|INST_NONE|
#=#=#=# Syncrun started 2017-02-16T11:42:39 until 2017-02-16T11:42:41 (1860 msec)
#=#=#=# Syncrun started 2017-02-16T11:46:36 until 2017-02-16T11:46:39 (2315 msec)
10:46:38|1872|DieHorussoehne.pdf|INST_SYNC|Up|1487241994||1298858||4||204|1298803|1487241703|42c20dc7a3cb8e8c167eda7b5395037f|00000696oc5ffx67w6cp|INST_NONE|
10:46:37|548|DieHorussoehne.tex|INST_SYNC|Up|1487241994||95782||4||204|95635|1487241703|83400e2d43bebe796bb2b6d16f2271a6|00000694oc5ffx67w6cp|INST_NONE|
#=#=#=# Syncrun started 2017-02-16T11:47:37 until 2017-02-16T11:47:39 (2689 msec)
10:47:38|1567|DieHorussoehne.tex|INST_SYNC|Up|1487242055||95770||4||204|95782|1487241994|924bb430f8ae97c93e88114702eca8a5|00000694oc5ffx67w6cp|INST_NONE|
#=#=#=# Syncrun started 2017-02-16T11:48:41 until 2017-02-16T11:48:42 (909 msec)
#=#=#=# Syncrun started 2017-02-16T11:49:23 until 2017-02-16T11:49:27 (3831 msec)
10:49:26|1984|DieHorussoehne.pdf|INST_SYNC|Up|1487242161||1298914||4||204|1298858|1487241994|fc16cc92faecd7b91841a5a0346653e1|00000696oc5ffx67w6cp|INST_NONE|
10:49:25|638|DieHorussoehne.tex|INST_SYNC|Up|1487242161||95924||4||204|95770|1487242055|f5fc9ed8673fda75f09d57d45add7b3a|00000694oc5ffx67w6cp|INST_NONE|
#=#=#=# Syncrun started 2017-02-16T11:49:30 until 2017-02-16T11:49:34 (3815 msec)
10:49:33|1983|DieHorussoehne.pdf|INST_SYNC|Up|1487242168||1299003||4||204|1298914|1487242161|92fcb27d7c929a338b29db3c86217e3b|00000696oc5ffx67w6cp|INST_NONE|
10:49:32|391|DieHorussoehne.tex|INST_SYNC|Up|1487242168||95923||4||204|95924|1487242161|008fec185f05b760b7dedf79b3f09aad|00000694oc5ffx67w6cp|INST_NONE|
#=#=#=# Syncrun started 2017-02-16T11:50:09 until 2017-02-16T11:50:11 (1721 msec)
#=#=#=# Syncrun started 2017-02-16T11:57:37 until 2017-02-16T11:57:38 (1488 msec)
10:57:37|1191|DieHorussoehne.tex|INST_SYNC|Up|1487242655||96346||4||204|95923|1487242168|9a4b56e553216cfca369a9620a241eb3|00000694oc5ffx67w6cp|INST_NONE|
#=#=#=# Syncrun started 2017-02-16T11:58:39 until 2017-02-16T11:58:41 (1337 msec)
#=#=#=# Syncrun started 2017-02-16T12:04:33 until 2017-02-16T12:04:36 (3394 msec)
11:04:36|1332|DieHorussoehne.pdf|INST_SYNC|Up|1487243071||1300185||4||204|1299003|1487242168|853664ebb03412f252d91b708fc7003c|00000696oc5ffx67w6cp|INST_NONE|
11:04:35|510|DieHorussoehne.tex|INST_SYNC|Up|1487243071||96584||4||204|96346|1487242655|65add43a1b794b28a6bcb157bb42230b|00000694oc5ffx67w6cp|INST_NONE|
#=#=#=# Syncrun started 2017-02-16T12:05:09 until 2017-02-16T12:05:11 (1713 msec)
#=#=#=# Syncrun started 2017-02-16T12:07:37 until 2017-02-16T12:07:39 (1890 msec)
11:07:37|1653|DieHorussoehne.tex|INST_SYNC|Up|1487243255||96565||4||204|96584|1487243071|b1b530d6af7a66a80b56ae1ab4e8ad3d|00000694oc5ffx67w6cp|INST_NONE|
#=#=#=# Syncrun started 2017-02-16T12:08:41 until 2017-02-16T12:08:42 (900 msec)
#=#=#=# Syncrun started 2017-02-16T12:11:16 until 2017-02-16T12:11:20 (3306 msec)
11:11:19|1979|DieHorussoehne.pdf|INST_SYNC|Up|1487243474||1300333||4||204|1300185|1487243071|e833cae2074004cbfc4489f9f69ce966|00000696oc5ffx67w6cp|INST_NONE|
11:11:18|800|DieHorussoehne.tex|INST_SYNC|Up|1487243474||96725||4||204|96565|1487243255|9826a20c8d66fb21e9d9e370c38bd5aa|00000694oc5ffx67w6cp|INST_NONE|
#=#=#=# Syncrun started 2017-02-16T12:12:09 until 2017-02-16T12:12:11 (1722 msec)
#=#=#=# Syncrun started 2017-02-16T12:17:37 until 2017-02-16T12:17:39 (1902 msec)
11:17:38|1351|DieHorussoehne.tex|INST_SYNC|Up|1487243855||96799||4||204|96725|1487243474|1661757d4d992f4259f6cba1e1a3d086|00000694oc5ffx67w6cp|INST_NONE|
#=#=#=# Syncrun started 2017-02-16T12:18:41 until 2017-02-16T12:18:42 (903 msec)
#=#=#=# Syncrun started 2017-02-16T12:22:34 until 2017-02-16T12:22:37 (2416 msec)
11:22:37|1174|DieHorussoehne.pdf|INST_SYNC|Up|1487244152||1300739||4||204|1300333|1487243474|8a46a55ecff095326ca2270e28ed4792|00000696oc5ffx67w6cp|INST_NONE|
11:22:36|438|DieHorussoehne.tex|INST_SYNC|Up|1487244152||97193||4||204|96799|1487243855|4f4659062495774be2ccaae87c61c62b|00000694oc5ffx67w6cp|INST_NONE|
#=#=#=# Syncrun started 2017-02-16T12:23:41 until 2017-02-16T12:23:42 (926 msec)
#=#=#=# Syncrun started 2017-02-16T12:24:02 until 2017-02-16T12:24:06 (3814 msec)
11:24:05|1858|DieHorussoehne.pdf|INST_SYNC|Up|1487244240||1300734||4||204|1300739|1487244152|79570f7de365c652c72f475d7b3a8721|00000696oc5ffx67w6cp|INST_NONE|
11:24:04|437|DieHorussoehne.tex|INST_SYNC|Up|1487244240||97179||4||204|97193|1487244152|6eb4e7124dc5df648ad1b4ff2f793846|00000694oc5ffx67w6cp|INST_NONE|
#=#=#=# Syncrun started 2017-02-16T12:24:46 until 2017-02-16T12:24:47 (916 msec)
#=#=#=# Syncrun started 2017-02-16T12:26:40 until 2017-02-16T12:26:43 (2952 msec)
11:26:41|1984|DieHorussoehne.pdf|INST_SYNC|Up|1487244398||1300807||4||204|1300734|1487244240|06351fd58e5ccb0099e010bdb5f42c5a|00000696oc5ffx67w6cp|INST_NONE|
11:26:41|497|DieHorussoehne.tex|INST_SYNC|Up|1487244398||97329||4||204|97179|1487244240|3a3b2ffaa7721e8e3b4e0c542d14d4b8|00000694oc5ffx67w6cp|INST_NONE|
#=#=#=# Syncrun started 2017-02-16T12:27:37 until 2017-02-16T12:27:40 (2896 msec)
11:27:39|974|DieHorussoehne.tex|INST_SYNC|Up|1487244455||97427||4||204|97329|1487244398|fac346d68dae3d6f7403f1bd542ffb6c|00000694oc5ffx67w6cp|INST_NONE|
#=#=#=# Syncrun started 2017-02-16T12:28:39 until 2017-02-16T12:28:41 (1725 msec)
#=#=#=# Syncrun started 2017-02-16T12:33:04 until 2017-02-16T12:33:07 (3005 msec)
11:33:06|1176|DieHorussoehne.pdf|INST_SYNC|Up|1487244782||1301409||4||204|1300807|1487244398|c16705dd86380dbbb8f404307cb34bb0|00000696oc5ffx67w6cp|INST_NONE|
11:33:06|436|DieHorussoehne.tex|INST_SYNC|Up|1487244782||97724||4||204|97427|1487244455|0d9567a37a5ecbd8e48baee79fa1190a|00000694oc5ffx67w6cp|INST_NONE|
#=#=#=# Syncrun started 2017-02-16T12:34:11 until 2017-02-16T12:34:12 (934 msec)
#=#=#=# Syncrun started 2017-02-16T12:34:26 until 2017-02-16T12:34:30 (3307 msec)
11:34:29|1959|DieHorussoehne.pdf|INST_SYNC|Up|1487244864||1301458||4||204|1301409|1487244782|629a181bf1a6d6315b65f4200e6a7a90|00000696oc5ffx67w6cp|INST_NONE|
11:34:28|484|DieHorussoehne.tex|INST_SYNC|Up|1487244864||97776||4||204|97724|1487244782|28aa4e7c2049125ef3bc9b6bbfdaf3b4|00000694oc5ffx67w6cp|INST_NONE|
#=#=#=# Syncrun started 2017-02-16T12:34:46 until 2017-02-16T12:34:50 (3314 msec)
11:34:49|1971|DieHorussoehne.pdf|INST_SYNC|Up|1487244884||1301458||4||204|1301458|1487244864|0a15e389851e236a769a071d4b53401f|00000696oc5ffx67w6cp|INST_NONE|
11:34:48|457|DieHorussoehne.tex|INST_SYNC|Up|1487244884||97777||4||204|97776|1487244864|da8eebddde68f5c068b1e9007b686d6f|00000694oc5ffx67w6cp|INST_NONE|
#=#=#=# Syncrun started 2017-02-16T12:35:39 until 2017-02-16T12:35:41 (1467 msec)
#=#=#=# Syncrun started 2017-02-16T12:36:38 until 2017-02-16T12:36:42 (3742 msec)
11:36:41|1846|DieHorussoehne.pdf|INST_SYNC|Up|1487244996||1301578||4||204|1301458|1487244884|98a9f85a617f3327559729732ae5663b|00000696oc5ffx67w6cp|INST_NONE|
11:36:40|381|DieHorussoehne.tex|INST_SYNC|Up|1487244996||97911||4||204|97777|1487244884|d51386459d95f1c582b0cfc513efa008|00000694oc5ffx67w6cp|INST_NONE|
#=#=#=# Syncrun started 2017-02-16T12:37:37 until 2017-02-16T12:37:39 (1892 msec)
11:37:37|1579|DieHorussoehne.tex|INST_SYNC|Up|1487245055||97938||4||204|97911|1487244996|ca6225241d7502ae7c02b0a7bfca5ad5|00000694oc5ffx67w6cp|INST_NONE|
#=#=#=# Syncrun started 2017-02-16T12:37:45 until 2017-02-16T12:37:49 (3245 msec)
11:37:47|1970|DieHorussoehne.pdf|INST_SYNC|Up|1487245063||1301577||4||204|1301578|1487244996|17688073e2d3fdfc085b04b1bee6c5ff|00000696oc5ffx67w6cp|INST_NONE|
11:37:47|669|DieHorussoehne.tex|INST_SYNC|Up|1487245063||97948||4||204|97938|1487245055|91b45bab0f028a97c01857388618672b|00000694oc5ffx67w6cp|INST_NONE|
#=#=#=# Syncrun started 2017-02-16T12:38:40 until 2017-02-16T12:38:42 (1824 msec)
#=#=#=# Syncrun started 2017-02-16T12:41:42 until 2017-02-16T12:41:46 (3316 msec)
11:41:45|1972|DieHorussoehne.pdf|INST_SYNC|Up|1487245300||1301753||4||204|1301577|1487245063|38364aa7532d9263181a02e6b67dd743|00000696oc5ffx67w6cp|INST_NONE|
11:41:44|499|DieHorussoehne.tex|INST_SYNC|Up|1487245300||98122||4||204|97948|1487245063|2cd6a366246133e6c63db5345294b8b9|00000694oc5ffx67w6cp|INST_NONE|
#=#=#=# Syncrun started 2017-02-16T12:42:39 until 2017-02-16T12:42:41 (1733 msec)
#=#=#=# Syncrun started 2017-02-16T12:43:22 until 2017-02-16T12:43:26 (3313 msec)
11:43:25|1972|DieHorussoehne.pdf|INST_SYNC|Up|1487245400||1301579||4||204|1301753|1487245300|a753bd588072aa3064be140e516c7ac0|00000696oc5ffx67w6cp|INST_NONE|
11:43:24|372|DieHorussoehne.tex|INST_SYNC|Up|1487245400||97910||4||204|98122|1487245300|e775581e3e7ce938513b34b7b333e7bd|00000694oc5ffx67w6cp|INST_NONE|
#=#=#=# Syncrun started 2017-02-16T12:44:12 until 2017-02-16T12:44:13 (913 msec)
#=#=#=# Syncrun started 2017-02-16T12:47:37 until 2017-02-16T12:47:38 (913 msec)
11:47:37|642|DieHorussoehne.tex|INST_SYNC|Up|1487245655||97999||4||204|97910|1487245400|be359aedef27d4baebb0cbaa05f90e42|00000694oc5ffx67w6cp|INST_NONE|
#=#=#=# Syncrun started 2017-02-16T12:48:10 until 2017-02-16T12:48:11 (1185 msec)
11:48:11|1012|DieHorussoehne.pdf|INST_SYNC|Up|1487245688||1301656||4||204|1301579|1487245400|fb5f4495ca9ed7901f090131db66afe6|00000696oc5ffx67w6cp|INST_NONE|
11:48:11|482|DieHorussoehne.tex|INST_SYNC|Up|1487245688||98004||4||204|97999|1487245655|a0e6c800fef4467805dcd83080c96a18|00000694oc5ffx67w6cp|INST_NONE|
#=#=#=# Syncrun started 2017-02-16T12:49:17 until 2017-02-16T12:49:18 (919 msec)
#=#=#=# Syncrun started 2017-02-16T12:55:03 until 2017-02-16T12:55:07 (3351 msec)
11:55:05|1991|DieHorussoehne.pdf|INST_SYNC|Up|1487246101||1302063||4||204|1301656|1487245688|24c9656e852b4255bdadf13e6b829ac4|00000696oc5ffx67w6cp|INST_NONE|
11:55:05|433|DieHorussoehne.tex|INST_SYNC|Up|1487246101||98506||4||204|98004|1487245688|cc123bc70c0fadd7ddb7f494726acbea|00000694oc5ffx67w6cp|INST_NONE|
#=#=#=# Syncrun started 2017-02-16T12:55:41 until 2017-02-16T12:55:42 (903 msec)
#=#=#=# Syncrun started 2017-02-16T12:56:45 until 2017-02-16T12:56:49 (3243 msec)
11:56:48|1989|DieHorussoehne.pdf|INST_SYNC|Up|1487246203||1302101||4||204|1302063|1487246101|830ed392485ac9734fc0ffcf1204d027|00000696oc5ffx67w6cp|INST_NONE|
11:56:47|579|DieHorussoehne.tex|INST_SYNC|Up|1487246203||98521||4||204|98506|1487246101|4f0d5ad83d5e84a016184a453714c5c2|00000694oc5ffx67w6cp|INST_NONE|
#=#=#=# Syncrun started 2017-02-16T12:57:14 until 2017-02-16T12:57:18 (3789 msec)
11:57:17|1990|DieHorussoehne.pdf|INST_SYNC|Up|1487246232||1302101||4||204|1302101|1487246203|30a97dd0f3013b4e94d24c5ad86fce78|00000696oc5ffx67w6cp|INST_NONE|
11:57:16|555|DieHorussoehne.tex|INST_SYNC|Up|1487246232||98521||4||204|98521|1487246203|8d922029979c13dcb1f069d0e39a8cbd|00000694oc5ffx67w6cp|INST_NONE|
#=#=#=# Syncrun started 2017-02-16T12:57:37 until 2017-02-16T12:57:40 (2895 msec)
11:57:39|978|DieHorussoehne.tex|INST_SYNC|Up|1487246255||98520||4||204|98521|1487246232|13ca93949e775d1dba15f1da2e45a69b|00000694oc5ffx67w6cp|INST_NONE|
#=#=#=# Syncrun started 2017-02-16T12:57:45 until 2017-02-16T12:57:49 (3180 msec)
11:57:48|1991|DieHorussoehne.pdf|INST_SYNC|Up|1487246264||1302106||4||204|1302101|1487246232|756e3385cb2a9e0fe2c265d9b92b03e8|00000696oc5ffx67w6cp|INST_NONE|
11:57:47|436|DieHorussoehne.tex|INST_SYNC|Up|1487246263||98520||4||204|98520|1487246255|d0318983d84d95b28d6290f05c4475cd|00000694oc5ffx67w6cp|INST_NONE|
#=#=#=# Syncrun started 2017-02-16T12:58:21 until 2017-02-16T12:58:25 (3820 msec)
11:58:24|1973|DieHorussoehne.pdf|INST_SYNC|Up|1487246299||1302111||4||204|1302106|1487246264|9b6126a311dea298bcb0e2f1108b4f1e|00000696oc5ffx67w6cp|INST_NONE|
11:58:23|626|DieHorussoehne.tex|INST_SYNC|Up|1487246299||98523||4||204|98520|1487246263|fc62d37c5c3312b9e03841be295d09e5|00000694oc5ffx67w6cp|INST_NONE|
#=#=#=# Syncrun started 2017-02-16T12:58:31 until 2017-02-16T12:58:37 (5361 msec)
11:58:37|1111|DieHorussoehne.pdf|INST_SYNC|Up|1487246310||1302112||4||204|1302111|1487246299|2aad5ade03bf4eda701887ef0d4f7993|00000696oc5ffx67w6cp|INST_NONE|
11:58:36|540|DieHorussoehne.tex|INST_SYNC|Up|1487246309||98525||4||204|98523|1487246299|242a23d9c8c9fa926f78de37bc6e1c47|00000694oc5ffx67w6cp|INST_NONE|
#=#=#=# Syncrun started 2017-02-16T12:58:47 until 2017-02-16T12:58:52 (4800 msec)
11:58:50|1970|DieHorussoehne.pdf|INST_SYNC|Up|1487246325||1302105||4||204|1302112|1487246310|5e9be87eee646191e20374dcb6f77bc5|00000696oc5ffx67w6cp|INST_NONE|
11:58:50|585|DieHorussoehne.tex|INST_SYNC|Up|1487246325||98527||4||204|98525|1487246309|afe836cebd7bf944ba5f80423eaba5db|00000694oc5ffx67w6cp|INST_NONE|
#=#=#=# Syncrun started 2017-02-16T12:59:05 until 2017-02-16T12:59:09 (3393 msec)
11:59:08|1978|DieHorussoehne.pdf|INST_SYNC|Up|1487246343||1302112||4||204|1302105|1487246325|12780e0081432dc87f56d7e2a736ef77|00000696oc5ffx67w6cp|INST_NONE|
11:59:07|498|DieHorussoehne.tex|INST_SYNC|Up|1487246343||98527||4||204|98527|1487246325|3c8a89ad8c1568946eb846d55e9f2e57|00000694oc5ffx67w6cp|INST_NONE|
#=#=#=# Syncrun started 2017-02-16T12:59:11 until 2017-02-16T12:59:15 (3095 msec)
11:59:13|1995|DieHorussoehne.pdf|INST_SYNC|Up|1487246347||1302112||4||204|1302112|1487246343|2c0b13de5e0a54039dce644abc54e850|00000696oc5ffx67w6cp|INST_NONE|
11:59:13|640|DieHorussoehne.tex|INST_SYNC|Up|1487246347||98525||4||204|98527|1487246343|303dbcc6962ffb8c76cd1dc09768d52f|00000694oc5ffx67w6cp|INST_NONE|
#=#=#=# Syncrun started 2017-02-16T12:59:18 until 2017-02-16T12:59:22 (3287 msec)
11:59:20|1979|DieHorussoehne.pdf|INST_SYNC|Up|1487246356||1302114||4||204|1302112|1487246347|ca30a2a290f9f26a94a78aeec6223ba7|00000696oc5ffx67w6cp|INST_NONE|
11:59:20|619|DieHorussoehne.tex|INST_SYNC|Up|1487246356||98525||4||204|98525|1487246347|e1410a5f279fdc6de816644bc5bba02d|00000694oc5ffx67w6cp|INST_NONE|
#=#=#=# Syncrun started 2017-02-16T12:59:33 until 2017-02-16T12:59:37 (3378 msec)
11:59:36|1969|DieHorussoehne.pdf|INST_SYNC|Up|1487246371||1302108||4||204|1302114|1487246356|a17a7172430fe3e403a068605729ed30|00000696oc5ffx67w6cp|INST_NONE|
11:59:35|611|DieHorussoehne.tex|INST_SYNC|Up|1487246371||98525||4||204|98525|1487246356|e4b8c83f1fbe2df8fe2bdd11a4003feb|00000694oc5ffx67w6cp|INST_NONE|
#=#=#=# Syncrun started 2017-02-16T12:59:44 until 2017-02-16T12:59:48 (3317 msec)
11:59:46|1975|DieHorussoehne.pdf|INST_SYNC|Up|1487246383||1302107||4||204|1302108|1487246371|0731df34fe016b495e467c68bd51f68d|00000696oc5ffx67w6cp|INST_NONE|
11:59:46|418|DieHorussoehne.tex|INST_SYNC|Up|1487246382||98524||4||204|98525|1487246371|839a370592bc278f6b14ea3f7f50b47b|00000694oc5ffx67w6cp|INST_NONE|
#=#=#=# Syncrun started 2017-02-16T12:59:51 until 2017-02-16T12:59:55 (3665 msec)
11:59:54|1967|DieHorussoehne.pdf|INST_SYNC|Up|1487246389||1302108||4||204|1302107|1487246383|5521322ea5115b1056569221acacd5ca|00000696oc5ffx67w6cp|INST_NONE|
11:59:53|450|DieHorussoehne.tex|INST_SYNC|Up|1487246389||98526||4||204|98524|1487246382|8f0de25afad778232994e4d504e8b142|00000694oc5ffx67w6cp|INST_NONE|
#=#=#=# Syncrun started 2017-02-16T13:00:41 until 2017-02-16T13:00:41 (153 msec)
#=#=#=# Syncrun started 2017-02-16T13:01:07 until 2017-02-16T13:01:10 (2817 msec)
12:01:08|2462|DieHorussoehne.pdf|INST_SYNC|Up|1487246465||1302050||4||204|1302108|1487246389|56b890cdb7ac6bc9ff8fd279142170fc|00000696oc5ffx67w6cp|INST_NONE|
12:01:08|699|DieHorussoehne.tex|INST_SYNC|Up|1487246465||98530||4||204|98526|1487246389|8f5bf5d7b6abba3c5955a52ac52c04b0|00000694oc5ffx67w6cp|INST_NONE|
#=#=#=# Syncrun started 2017-02-16T13:02:10 until 2017-02-16T13:02:12 (1798 msec)
#=#=#=# Syncrun started 2017-02-16T13:32:34 until 2017-02-16T13:32:37 (2806 msec)
12:32:36|1862|DieHorussoehne.pdf|INST_SYNC|Up|1487248352||1302104||4||204|1302050|1487246465|07592f3dbbd592d1f1fa33b3707ecf40|00000696oc5ffx67w6cp|INST_NONE|
12:32:35|491|DieHorussoehne.tex|INST_SYNC|Up|1487248352||98536||4||204|98530|1487246465|f9e8fd19801d952d358f11a87bdc916c|00000694oc5ffx67w6cp|INST_NONE|
#=#=#=# Syncrun started 2017-02-16T13:33:10 until 2017-02-16T13:33:11 (967 msec)
#=#=#=# Syncrun started 2017-02-16T13:36:46 until 2017-02-16T13:36:51 (4806 msec)
12:36:49|2978|DieHorussoehne.pdf|INST_SYNC|Up|1487248604||1302155||4||204|1302104|1487248352|f322d87d8ae99546890c50cc12f6ca36|00000696oc5ffx67w6cp|INST_NONE|
12:36:48|618|DieHorussoehne.tex|INST_SYNC|Up|1487248604||98626||4||204|98536|1487248352|8c3d5fb131ab5f31eaf576a6142e7628|00000694oc5ffx67w6cp|INST_NONE|
#=#=#=# Syncrun started 2017-02-16T13:37:37 until 2017-02-16T13:37:39 (1902 msec)
12:37:37|1625|DieHorussoehne.tex|INST_SYNC|Up|1487248655||98659||4||204|98626|1487248604|0e26f839ad5a814c2c5251a24f38ea99|00000694oc5ffx67w6cp|INST_NONE|
#=#=#=# Syncrun started 2017-02-16T13:38:29 until 2017-02-16T13:38:32 (2317 msec)
12:38:31|2077|DieHorussoehne.pdf|INST_SYNC|Up|1487248707||1302255||4||204|1302155|1487248604|43b56044c1a4a9ba19d5a153e32a4bce|00000696oc5ffx67w6cp|INST_NONE|
12:38:30|468|DieHorussoehne.tex|INST_SYNC|Up|1487248707||98739||4||204|98659|1487248655|d1c1f4be48447f31c7ad31b98052dc35|00000694oc5ffx67w6cp|INST_NONE|
#=#=#=# Syncrun started 2017-02-16T13:39:00 until 2017-02-16T13:39:04 (3244 msec)
12:39:03|1964|DieHorussoehne.pdf|INST_SYNC|Up|1487248738||1302263||4||204|1302255|1487248707|d1401872df6dc7b609811abffd6e5366|00000696oc5ffx67w6cp|INST_NONE|
12:39:02|370|DieHorussoehne.tex|INST_SYNC|Up|1487248738||98740||4||204|98739|1487248707|ab180927cd9d74bbeb1ad20022f61499|00000694oc5ffx67w6cp|INST_NONE|
#=#=#=# Syncrun started 2017-02-16T13:39:41 until 2017-02-16T13:39:41 (166 msec)
#=#=#=# Syncrun started 2017-02-16T13:41:26 until 2017-02-16T13:41:30 (3263 msec)
12:41:29|1968|DieHorussoehne.pdf|INST_SYNC|Up|1487248884||1302252||4||204|1302263|1487248738|ef139f970959ad737884cb977797439b|00000696oc5ffx67w6cp|INST_NONE|
12:41:28|365|DieHorussoehne.tex|INST_SYNC|Up|1487248884||98756||4||204|98740|1487248738|8a4236143c8f0792fea41c3915ad93e7|00000694oc5ffx67w6cp|INST_NONE|
#=#=#=# Syncrun started 2017-02-16T13:42:11 until 2017-02-16T13:42:13 (1910 msec)
#=#=#=# Syncrun started 2017-02-16T13:44:50 until 2017-02-16T13:44:54 (3320 msec)
12:44:53|1963|DieHorussoehne.pdf|INST_SYNC|Up|1487249088||1302307||4||204|1302252|1487248884|ddeea133fa2cac7cda8001b4376bf3dd|00000696oc5ffx67w6cp|INST_NONE|
12:44:52|357|DieHorussoehne.tex|INST_SYNC|Up|1487249088||98859||4||204|98756|1487248884|cda7102c99a9a8c3e7b914a9fd43b3f0|00000694oc5ffx67w6cp|INST_NONE|
#=#=#=# Syncrun started 2017-02-16T13:45:20 until 2017-02-16T13:45:24 (3820 msec)
12:45:23|1989|DieHorussoehne.pdf|INST_SYNC|Up|1487249118||1302303||4||204|1302307|1487249088|95babc796b94502bb24c15d44c0aaa96|00000696oc5ffx67w6cp|INST_NONE|
12:45:22|497|DieHorussoehne.tex|INST_SYNC|Up|1487249118||98861||4||204|98859|1487249088|12be9859ae219e1ab49f9c8328aa1071|00000694oc5ffx67w6cp|INST_NONE|
#=#=#=# Syncrun started 2017-02-16T13:46:11 until 2017-02-16T13:46:12 (898 msec)
#=#=#=# Syncrun started 2017-02-16T13:47:37 until 2017-02-16T13:47:41 (3882 msec)
12:47:39|1977|DieHorussoehne.tex|INST_SYNC|Up|1487249255||98946||4||204|98861|1487249118|ed6ea62974d60ff272be60c96c30e275|00000694oc5ffx67w6cp|INST_NONE|
#=#=#=# Syncrun started 2017-02-16T13:48:41 until 2017-02-16T13:48:42 (925 msec)
#=#=#=# Syncrun started 2017-02-16T13:51:59 until 2017-02-16T13:52:03 (3419 msec)
12:52:02|1977|DieHorussoehne.pdf|INST_SYNC|Up|1487249517||1302417||4||204|1302303|1487249118|a2b4526c0ae34452faefa7a7e5ceb05c|00000696oc5ffx67w6cp|INST_NONE|
12:52:01|464|DieHorussoehne.tex|INST_SYNC|Up|1487249517||99064||4||204|98946|1487249255|e37edc20df28c73efc38fbf4cfd3c272|00000694oc5ffx67w6cp|INST_NONE|
#=#=#=# Syncrun started 2017-02-16T13:52:41 until 2017-02-16T13:52:42 (912 msec)
#=#=#=# Syncrun started 2017-02-16T13:53:19 until 2017-02-16T13:53:23 (3872 msec)
12:53:22|1982|DieHorussoehne.pdf|INST_SYNC|Up|1487249597||1302471||4||204|1302417|1487249517|25b38132994f26ca078feea1fbc9e834|00000696oc5ffx67w6cp|INST_NONE|
12:53:21|471|DieHorussoehne.tex|INST_SYNC|Up|1487249597||99128||4||204|99064|1487249517|a81fa660ac6cf2c645002d8b87d1019c|00000694oc5ffx67w6cp|INST_NONE|
#=#=#=# Syncrun started 2017-02-16T13:54:09 until 2017-02-16T13:54:11 (1737 msec)
#=#=#=# Syncrun started 2017-02-16T13:55:10 until 2017-02-16T13:55:15 (4249 msec)
12:55:14|2944|DieHorussoehne.pdf|INST_SYNC|Up|1487249708||1302467||4||204|1302471|1487249597|0fde9164f58d64c3135b7cbb49c4fbd5|00000696oc5ffx67w6cp|INST_NONE|
12:55:12|625|DieHorussoehne.tex|INST_SYNC|Up|1487249708||99189||4||204|99128|1487249597|c22792483cf31b33c353d793a411a8ec|00000694oc5ffx67w6cp|INST_NONE|
#=#=#=# Syncrun started 2017-02-16T13:56:00 until 2017-02-16T13:56:04 (3919 msec)
12:56:03|1981|DieHorussoehne.pdf|INST_SYNC|Up|1487249758||1302532||4||204|1302467|1487249708|367b99d20f313a990922d481ed257bc3|00000696oc5ffx67w6cp|INST_NONE|
12:56:02|414|DieHorussoehne.tex|INST_SYNC|Up|1487249758||99129||4||204|99189|1487249708|f7d8cfe02a730618a783915b2046a8b9|00000694oc5ffx67w6cp|INST_NONE|
#=#=#=# Syncrun started 2017-02-16T13:56:41 until 2017-02-16T13:56:42 (919 msec)
#=#=#=# Syncrun started 2017-02-16T13:56:50 until 2017-02-16T13:56:53 (3267 msec)
12:56:53|1437|DieHorussoehne.pdf|INST_SYNC|Up|1487249808||1302444||4||204|1302532|1487249758|4650b86a773a2f991e4a32a278615daf|00000696oc5ffx67w6cp|INST_NONE|
12:56:52|546|DieHorussoehne.tex|INST_SYNC|Up|1487249808||99098||4||204|99129|1487249758|44142390eb5102d8edd1beee92bdc4d7|00000694oc5ffx67w6cp|INST_NONE|
#=#=#=# Syncrun started 2017-02-16T13:57:37 until 2017-02-16T13:57:39 (1888 msec)
12:57:37|1658|DieHorussoehne.tex|INST_SYNC|Up|1487249855||99096||4||204|99098|1487249808|ec183ce0eb9cf861f283c367c7f1599b|00000694oc5ffx67w6cp|INST_NONE|
#=#=#=# Syncrun started 2017-02-16T13:57:49 until 2017-02-16T13:57:52 (3567 msec)
12:57:51|1730|DieHorussoehne.pdf|INST_SYNC|Up|1487249867||1302457||4||204|1302444|1487249808|f178fc5640cada29e64bd513e84789d4|00000696oc5ffx67w6cp|INST_NONE|
12:57:51|414|DieHorussoehne.tex|INST_SYNC|Up|1487249867||99100||4||204|99096|1487249855|c7601aab44feb2fc0af888df42e31126|00000694oc5ffx67w6cp|INST_NONE|
#=#=#=# Syncrun started 2017-02-16T13:58:10 until 2017-02-16T13:58:12 (2383 msec)
12:58:12|915|DieHorussoehne.pdf|INST_SYNC|Up|1487249888||1302435||4||204|1302457|1487249867|b60ce5b5fb1b7b3876acfb85973de35b|00000696oc5ffx67w6cp|INST_NONE|
12:58:12|610|DieHorussoehne.tex|INST_SYNC|Up|1487249888||99098||4||204|99100|1487249867|fff82a4691e8ef63f554a66c59bdbbd9|00000694oc5ffx67w6cp|INST_NONE|
#=#=#=# Syncrun started 2017-02-16T13:59:09 until 2017-02-16T13:59:11 (1716 msec)
#=#=#=# Syncrun started 2017-02-16T14:00:19 until 2017-02-16T14:00:28 (8805 msec)
13:00:26|1973|DieHorussoehne.pdf|INST_SYNC|Up|1487250017||1302439||4||204|1302435|1487249888|28ec4fe9bdb9efa213e2d17b0518b548|00000696oc5ffx67w6cp|INST_NONE|
13:00:26|509|DieHorussoehne.tex|INST_SYNC|Up|1487250017||99097||4||204|99098|1487249888|97dae1a38ba93fa0a8bf9a55a81973e0|00000694oc5ffx67w6cp|INST_NONE|
#=#=#=# Syncrun started 2017-02-16T14:00:37 until 2017-02-16T14:00:41 (3818 msec)
13:00:40|1986|DieHorussoehne.pdf|INST_SYNC|Up|1487250035||1302440||4||204|1302439|1487250017|591ea7c53c9163c540c5bff208a1fa14|00000696oc5ffx67w6cp|INST_NONE|
13:00:39|484|DieHorussoehne.tex|INST_SYNC|Up|1487250035||99098||4||204|99097|1487250017|26bdc5c2f472733cf8ffc12d694f7a49|00000694oc5ffx67w6cp|INST_NONE|
#=#=#=# Syncrun started 2017-02-16T14:01:39 until 2017-02-16T14:01:41 (1713 msec)
#=#=#=# Syncrun started 2017-02-16T14:01:43 until 2017-02-16T14:01:47 (3819 msec)
13:01:46|1984|DieHorussoehne.pdf|INST_SYNC|Up|1487250100||1302441||4||204|1302440|1487250035|e0ba6b6644c1c062faaaab0b96f36859|00000696oc5ffx67w6cp|INST_NONE|
13:01:45|794|DieHorussoehne.tex|INST_SYNC|Up|1487250100||99108||4||204|99098|1487250035|9c2be08bf2c12f4459522e5811f2852e|00000694oc5ffx67w6cp|INST_NONE|
#=#=#=# Syncrun started 2017-02-16T14:02:41 until 2017-02-16T14:02:42 (896 msec)
#=#=#=# Syncrun started 2017-02-16T14:02:44 until 2017-02-16T14:02:47 (2807 msec)
13:02:46|1979|DieHorussoehne.pdf|INST_SYNC|Up|1487250162||1302457||4||204|1302441|1487250100|39a87900bdd7f5aa9ad32c65c17922cb|00000696oc5ffx67w6cp|INST_NONE|
13:02:45|470|DieHorussoehne.tex|INST_SYNC|Up|1487250162||99109||4||204|99108|1487250100|2da3a2403a69bde31285cb720bbf305a|00000694oc5ffx67w6cp|INST_NONE|
#=#=#=# Syncrun started 2017-02-16T14:03:41 until 2017-02-16T14:03:42 (929 msec)
#=#=#=# Syncrun started 2017-02-16T14:03:54 until 2017-02-16T14:03:58 (3926 msec)
13:03:57|1863|DieHorussoehne.pdf|INST_SYNC|Up|1487250232||1302467||4||204|1302457|1487250162|fb553211cbff0c008fa6177655a11763|00000696oc5ffx67w6cp|INST_NONE|
13:03:56|429|DieHorussoehne.tex|INST_SYNC|Up|1487250232||99094||4||204|99109|1487250162|41fa96832e955013c54d97220004b494|00000694oc5ffx67w6cp|INST_NONE|
#=#=#=# Syncrun started 2017-02-16T14:04:41 until 2017-02-16T14:04:42 (918 msec)
#=#=#=# Syncrun started 2017-02-16T14:05:32 until 2017-02-16T14:05:36 (3170 msec)
13:05:35|1968|DieHorussoehne.pdf|INST_SYNC|Up|1487250331||1302458||4||204|1302467|1487250232|bdb977396f59e8609fe7b6641c5c5087|00000696oc5ffx67w6cp|INST_NONE|
13:05:34|510|DieHorussoehne.tex|INST_SYNC|Up|1487250330||99097||4||204|99094|1487250232|057cc4cad60725a94d0798c163ce0a0c|00000694oc5ffx67w6cp|INST_NONE|
#=#=#=# Syncrun started 2017-02-16T14:06:03 until 2017-02-16T14:06:07 (3819 msec)
13:06:06|1990|DieHorussoehne.pdf|INST_SYNC|Up|1487250361||1302457||4||204|1302458|1487250331|0b3e47ab22b399dea0218b0c39c04a8f|00000696oc5ffx67w6cp|INST_NONE|
13:06:05|440|DieHorussoehne.tex|INST_SYNC|Up|1487250361||99080||4||204|99097|1487250330|edd3abafd881931b7ce87f7bf5ca43e8|00000694oc5ffx67w6cp|INST_NONE|
#=#=#=# Syncrun started 2017-02-16T14:06:39 until 2017-02-16T14:06:41 (1678 msec)
#=#=#=# Syncrun started 2017-02-16T14:06:51 until 2017-02-16T14:06:55 (3306 msec)
13:06:53|1964|DieHorussoehne.pdf|INST_SYNC|Up|1487250409||1302444||4||204|1302457|1487250361|e5f0ef285f86da71871ba1203608fe70|00000696oc5ffx67w6cp|INST_NONE|
13:06:53|353|DieHorussoehne.tex|INST_SYNC|Up|1487250409||99080||4||204|99080|1487250361|a7ec6446de312cc39e7ba54b07c0b769|00000694oc5ffx67w6cp|INST_NONE|
#=#=#=# Syncrun started 2017-02-16T14:07:37 until 2017-02-16T14:07:40 (2896 msec)
13:07:39|973|DieHorussoehne.tex|INST_SYNC|Up|1487250455||99079||4||204|99080|1487250409|621d5c23752c097e79c47fd35f81558f|00000694oc5ffx67w6cp|INST_NONE|
#=#=#=# Syncrun started 2017-02-16T14:08:33 until 2017-02-16T14:08:37 (4017 msec)
13:08:37|1218|DieHorussoehne.pdf|INST_SYNC|Up|1487250511||1302449||4||204|1302444|1487250409|1c60c191d4ce790e968ad38f508a3efa|00000696oc5ffx67w6cp|INST_NONE|
13:08:36|422|DieHorussoehne.tex|INST_SYNC|Up|1487250511||99068||4||204|99079|1487250455|31be307195319a7486cf3124c41aee2c|00000694oc5ffx67w6cp|INST_NONE|
#=#=#=# Syncrun started 2017-02-16T14:09:11 until 2017-02-16T14:09:14 (2907 msec)
13:09:13|1969|DieHorussoehne.pdf|INST_SYNC|Up|1487250549||1302453||4||204|1302449|1487250511|daab7492b7d5f7b80d42201e2975a750|00000696oc5ffx67w6cp|INST_NONE|
13:09:12|456|DieHorussoehne.tex|INST_SYNC|Up|1487250549||99068||4||204|99068|1487250511|bbeb92bd2eda303d807fea8a1064a646|00000694oc5ffx67w6cp|INST_NONE|
#=#=#=# Syncrun started 2017-02-16T14:10:09 until 2017-02-16T14:10:11 (1724 msec)
#=#=#=# Syncrun started 2017-02-16T14:10:52 until 2017-02-16T14:10:56 (3819 msec)
13:10:55|1989|DieHorussoehne.pdf|INST_SYNC|Up|1487250650||1302441||4||204|1302453|1487250549|897d54fad2bb1df02c2f9597c609d5e9|00000696oc5ffx67w6cp|INST_NONE|
13:10:54|474|DieHorussoehne.tex|INST_SYNC|Up|1487250650||99061||4||204|99068|1487250549|d1bdfaf66bec4ade419e4979657e5fab|00000694oc5ffx67w6cp|INST_NONE|
#=#=#=# Syncrun started 2017-02-16T14:11:41 until 2017-02-16T14:11:42 (925 msec)
#=#=#=# Syncrun started 2017-02-16T14:12:20 until 2017-02-16T14:12:24 (3818 msec)
13:12:23|1859|DieHorussoehne.pdf|INST_SYNC|Up|1487250738||1302449||4||204|1302441|1487250650|00e364b436c5145600a4ad28a9b76c6b|00000696oc5ffx67w6cp|INST_NONE|
13:12:22|498|DieHorussoehne.tex|INST_SYNC|Up|1487250738||99051||4||204|99061|1487250650|2c34daf39feb4faaf60f59b65d86340e|00000694oc5ffx67w6cp|INST_NONE|
#=#=#=# Syncrun started 2017-02-16T14:12:38 until 2017-02-16T14:12:42 (3683 msec)
13:12:41|1976|DieHorussoehne.pdf|INST_SYNC|Up|1487250756||1302428||4||204|1302449|1487250738|a29b4291424bd7348cedfe3e9f8b3687|00000696oc5ffx67w6cp|INST_NONE|
13:12:40|508|DieHorussoehne.tex|INST_SYNC|Up|1487250756||99051||4||204|99051|1487250738|e18fad1f915cba65de5ce23f73bb4934|00000694oc5ffx67w6cp|INST_NONE|
#=#=#=# Syncrun started 2017-02-16T14:13:41 until 2017-02-16T14:13:42 (908 msec)
#=#=#=# Syncrun started 2017-02-16T16:35:27 until 2017-02-16T16:35:28 (985 msec)
#=#=#=# Syncrun started 2017-02-16T18:35:49 until 2017-02-16T18:35:51 (1966 msec)
#=#=#=# Syncrun started 2017-02-17T11:17:49 until 2017-02-17T11:17:51 (2055 msec)
#=#=#=# Syncrun started 2017-02-17T11:43:38 until 2017-02-17T11:43:42 (4049 msec)
10:43:40|2977|DieHorussoehne.pdf|INST_SYNC|Up|1487328216||1302428||4||204|1302428|1487250756|0d23cbab206bd7811033f4cb4471b868|00000696oc5ffx67w6cp|INST_NONE|
10:43:40|2211|DieHorussoehne.tex|INST_SYNC|Up|1487328216||99051||4||204|99051|1487250756|05bbfdf9910739d7c53f5f3822a0a82e|00000694oc5ffx67w6cp|INST_NONE|
#=#=#=# Syncrun started 2017-02-17T11:44:43 until 2017-02-17T11:44:44 (915 msec)
#=#=#=# Syncrun started 2017-02-17T13:45:11 until 2017-02-17T13:45:13 (1812 msec)
#=#=#=# Syncrun started 2017-02-17T15:45:41 until 2017-02-17T15:45:42 (875 msec)
#=#=#=# Syncrun started 2017-02-17T17:46:11 until 2017-02-17T17:46:12 (1252 msec)
#=#=#=# Syncrun started 2017-02-17T19:46:41 until 2017-02-17T19:46:42 (856 msec)
#=#=#=# Syncrun started 2017-02-17T21:47:11 until 2017-02-17T21:47:13 (1846 msec)
#=#=#=# Syncrun started 2017-02-19T13:30:14 until 2017-02-19T13:30:15 (1244 msec)
#=#=#=# Syncrun started 2017-02-19T15:15:17 until 2017-02-19T15:15:20 (2354 msec)
14:15:20|965|DieHorussoehne.tex|INST_SYNC|Up|1487513715||99083||4||204|99051|1487328216|6c53553e1a4a9e85eaaa9ca3aba126ce|00000694oc5ffx67w6cp|INST_NONE|
#=#=#=# Syncrun started 2017-02-19T15:16:03 until 2017-02-19T15:16:04 (934 msec)
#=#=#=# Syncrun started 2017-02-19T15:16:55 until 2017-02-19T15:16:59 (3729 msec)
14:16:58|1857|DieHorussoehne.pdf|INST_SYNC|Up|1487513813||1302640||4||204|1302428|1487328216|f3cba4f37c98af7167a0886506753ffa|00000696oc5ffx67w6cp|INST_NONE|
14:16:57|386|DieHorussoehne.tex|INST_SYNC|Up|1487513813||99154||4||204|99083|1487513715|7df3ad421feebea1227dc32fa3a9b76b|00000694oc5ffx67w6cp|INST_NONE|
#=#=#=# Syncrun started 2017-02-19T15:17:30 until 2017-02-19T15:17:32 (1926 msec)
14:17:31|1729|DieHorussoehne.pdf|INST_SYNC|Up|1487513848||1303060||4||204|1302640|1487513813|d4c1e5f21eec2ea518d8b97899daeda9|00000696oc5ffx67w6cp|INST_NONE|
14:17:30|356|DieHorussoehne.tex|INST_SYNC|Up|1487513848||99188||4||204|99154|1487513813|16d3291ac33db60efe025de3c67d75f9|00000694oc5ffx67w6cp|INST_NONE|
#=#=#=# Syncrun started 2017-02-19T15:17:46 until 2017-02-19T15:17:49 (3205 msec)
14:17:48|1977|DieHorussoehne.pdf|INST_SYNC|Up|1487513864||1303060||4||204|1303060|1487513848|dd9621b3de2cee774cb79ee350918733|00000696oc5ffx67w6cp|INST_NONE|
14:17:47|428|DieHorussoehne.tex|INST_SYNC|Up|1487513864||99188||4||204|99188|1487513848|aef09a8931201321d15b611a72b26b06|00000694oc5ffx67w6cp|INST_NONE|
#=#=#=# Syncrun started 2017-02-19T15:18:14 until 2017-02-19T15:18:14 (228 msec)
|0|DieHorussoehne.pdf|INST_SYNC|Up|1487513893||1303060||3|Eine lokale Datei wurde während der Synchronisation geändert.|0|1303060|1487513864|710a200356e358a961f480d8d79feb7d|00000696oc5ffx67w6cp|INST_NONE|
|0|DieHorussoehne.tex|INST_SYNC|Up|1487513893||99188||3|Eine lokale Datei wurde während der Synchronisation geändert.|0|99188|1487513864|0b5ea083a2315f0d0594c0d89e3c69c0|00000694oc5ffx67w6cp|INST_NONE|
#=#=#=# Syncrun started 2017-02-19T15:18:16 until 2017-02-19T15:18:20 (3320 msec)
14:18:19|1979|DieHorussoehne.pdf|INST_SYNC|Up|1487513894||1303060||4||204|1303060|1487513864|710a200356e358a961f480d8d79feb7d|00000696oc5ffx67w6cp|INST_NONE|
14:18:18|369|DieHorussoehne.tex|INST_SYNC|Up|1487513894||99188||4||204|99188|1487513864|0b5ea083a2315f0d0594c0d89e3c69c0|00000694oc5ffx67w6cp|INST_NONE|
#=#=#=# Syncrun started 2017-02-19T15:18:23 until 2017-02-19T15:18:25 (2117 msec)
14:18:24|1891|DieHorussoehne.pdf|INST_SYNC|Up|1487513900||1303060||4||204|1303060|1487513894|353cf52a6d3642cbaf8a1b679f54ed08|00000696oc5ffx67w6cp|INST_NONE|
14:18:23|386|DieHorussoehne.tex|INST_SYNC|Up|1487513900||99188||4||204|99188|1487513894|2a2ae2a862e52308d8dadd7c7e79a772|00000694oc5ffx67w6cp|INST_NONE|
#=#=#=# Syncrun started 2017-02-19T15:19:03 until 2017-02-19T15:19:04 (1356 msec)
#=#=#=# Syncrun started 2017-02-19T15:21:00 until 2017-02-19T15:21:02 (1307 msec)
14:21:01|1084|DieHorussoehne.tex|INST_SYNC|Up|1487514058||99191||4||204|99188|1487513900|e711b2a54926647cdb1748a22fd32437|00000694oc5ffx67w6cp|INST_NONE|
#=#=#=# Syncrun started 2017-02-19T15:22:03 until 2017-02-19T15:22:04 (901 msec)
#=#=#=# Syncrun started 2017-02-19T15:31:00 until 2017-02-19T15:31:03 (2314 msec)
14:31:02|983|DieHorussoehne.tex|INST_SYNC|Up|1487514658||100141||4||204|99191|1487514058|50ef48087355bb20e6378321da3f4278|00000694oc5ffx67w6cp|INST_NONE|
#=#=#=# Syncrun started 2017-02-19T15:32:03 until 2017-02-19T15:32:04 (915 msec)
#=#=#=# Syncrun started 2017-02-19T15:41:00 until 2017-02-19T15:41:02 (1304 msec)
14:41:01|956|DieHorussoehne.tex|INST_SYNC|Up|1487515258||101019||4||204|100141|1487514658|cea0afb74590439067d4050bb3e86a8a|00000694oc5ffx67w6cp|INST_NONE|
#=#=#=# Syncrun started 2017-02-19T15:41:53 until 2017-02-19T15:41:57 (3305 msec)
14:41:56|1977|DieHorussoehne.pdf|INST_SYNC|Up|1487515311||1304592||4||204|1303060|1487513900|ebf0d1e54cef3ab7da0d11fec3b25e25|00000696oc5ffx67w6cp|INST_NONE|
14:41:55|488|DieHorussoehne.tex|INST_SYNC|Up|1487515311||101023||4||204|101019|1487515258|48bdbad776d5afa2033f968485ad7db9|00000694oc5ffx67w6cp|INST_NONE|
#=#=#=# Syncrun started 2017-02-19T15:42:33 until 2017-02-19T15:42:34 (922 msec)
#=#=#=# Syncrun started 2017-02-19T15:42:47 until 2017-02-19T15:42:51 (3806 msec)
14:42:50|1969|DieHorussoehne.pdf|INST_SYNC|Up|1487515365||1304597||4||204|1304592|1487515311|e2dff1bb8a8daedb1c29c40026ac5e12|00000696oc5ffx67w6cp|INST_NONE|
14:42:49|600|DieHorussoehne.tex|INST_SYNC|Up|1487515365||101024||4||204|101023|1487515311|0e2246c095fb177191c70ec4d3532916|00000694oc5ffx67w6cp|INST_NONE|
#=#=#=# Syncrun started 2017-02-19T15:43:33 until 2017-02-19T15:43:34 (917 msec)
#=#=#=# Syncrun started 2017-02-19T15:43:38 until 2017-02-19T15:43:42 (3314 msec)
14:43:41|1986|DieHorussoehne.pdf|INST_SYNC|Up|1487515416||1304592||4||204|1304597|1487515365|53014d0e88ccc038dc59819492fbcbf0|00000696oc5ffx67w6cp|INST_NONE|
14:43:40|555|DieHorussoehne.tex|INST_SYNC|Up|1487515416||101025||4||204|101024|1487515365|a8284f940a9260c98d48fe8bf847f5ff|00000694oc5ffx67w6cp|INST_NONE|
#=#=#=# Syncrun started 2017-02-19T15:44:33 until 2017-02-19T15:44:34 (914 msec)
#=#=#=# Syncrun started 2017-02-19T17:00:35 until 2017-02-19T17:00:36 (1223 msec)
