This is pdfTeX, Version 3.14159265-2.6-1.40.19 (TeX Live 2019/dev/Debian) (preloaded format=pdflatex 2020.4.29)  4 MAY 2020 19:49
entering extended mode
 restricted \write18 enabled.
 %&-line parsing enabled.
**DieHorusalt.tex
(./DieHorusalt.tex
LaTeX2e <2018-12-01>
(/usr/share/texlive/texmf-dist/tex/latex/base/book.cls
Document Class: book 2018/09/03 v1.4i Standard LaTeX document class
(/usr/share/texlive/texmf-dist/tex/latex/base/bk10.clo
File: bk10.clo 2018/09/03 v1.4i Standard LaTeX file (size option)
)
\c@part=\count80
\c@chapter=\count81
\c@section=\count82
\c@subsection=\count83
\c@subsubsection=\count84
\c@paragraph=\count85
\c@subparagraph=\count86
\c@figure=\count87
\c@table=\count88
\abovecaptionskip=\skip41
\belowcaptionskip=\skip42
\bibindent=\dimen102
)
(/usr/share/texlive/texmf-dist/tex/generic/babel/babel.sty
Package: babel 2018/11/13 3.27 The Babel package

(/usr/share/texlive/texmf-dist/tex/generic/babel/switch.def
File: switch.def 2018/11/13 3.27 Babel switching mechanism
)

! Package babel Error: Unknown option `ngerman'. Either you misspelled it
(babel)                or the language definition file ngerman.ldf was not foun
d.

See the babel package documentation for explanation.
Type  H <return>  for immediate help.
 ...                                              
                                                  
l.469 \ProcessOptions*
                      
Valid options are: shorthands=, KeepShorthandsActive,
activeacute, activegrave, noconfigs, safe=, main=, math=
headfoot=, strings=, config=, hyphenmap=, or a language name.

Package babel Info: You haven't specified a language. I'll use 'nil'
(babel)             as the main language. Reported on input line 499.
(/usr/share/texlive/texmf-dist/tex/generic/babel/nil.ldf
Language: nil 2018/11/13 3.27 Nil language

(/usr/share/texlive/texmf-dist/tex/generic/babel/babel.def
File: babel.def 2018/11/13 3.27 Babel common definitions
\babel@savecnt=\count89
\U@D=\dimen103

(/usr/share/texlive/texmf-dist/tex/generic/babel/txtbabel.def)
\bbl@dirlevel=\count90
)))
(/usr/share/texlive/texmf-dist/tex/latex/base/inputenc.sty
Package: inputenc 2018/08/11 v1.3c Input encoding file
\inpenc@prehook=\toks14
\inpenc@posthook=\toks15
)
(/usr/share/texlive/texmf-dist/tex/latex/base/fontenc.sty
Package: fontenc 2018/08/11 v2.0j Standard LaTeX package

(/usr/share/texlive/texmf-dist/tex/latex/base/t1enc.def
File: t1enc.def 2018/08/11 v2.0j Standard LaTeX file
LaTeX Font Info:    Redeclaring font encoding T1 on input line 48.
))
(/usr/share/texlive/texmf-dist/tex/latex/graphics/graphicx.sty
Package: graphicx 2017/06/01 v1.1a Enhanced LaTeX Graphics (DPC,SPQR)

(/usr/share/texlive/texmf-dist/tex/latex/graphics/keyval.sty
Package: keyval 2014/10/28 v1.15 key=value parser (DPC)
\KV@toks@=\toks16
)
(/usr/share/texlive/texmf-dist/tex/latex/graphics/graphics.sty
Package: graphics 2017/06/25 v1.2c Standard LaTeX Graphics (DPC,SPQR)

(/usr/share/texlive/texmf-dist/tex/latex/graphics/trig.sty
Package: trig 2016/01/03 v1.10 sin cos tan (DPC)
)
(/usr/share/texlive/texmf-dist/tex/latex/graphics-cfg/graphics.cfg
File: graphics.cfg 2016/06/04 v1.11 sample graphics configuration
)
Package graphics Info: Driver file: pdftex.def on input line 99.

(/usr/share/texlive/texmf-dist/tex/latex/graphics-def/pdftex.def
File: pdftex.def 2018/01/08 v1.0l Graphics/color driver for pdftex
))
\Gin@req@height=\dimen104
\Gin@req@width=\dimen105
)
(/usr/share/texlive/texmf-dist/tex/latex/geometry/geometry.sty
Package: geometry 2018/04/16 v5.8 Page Geometry

(/usr/share/texlive/texmf-dist/tex/generic/oberdiek/ifpdf.sty
Package: ifpdf 2018/09/07 v3.3 Provides the ifpdf switch
)
(/usr/share/texlive/texmf-dist/tex/generic/oberdiek/ifvtex.sty
Package: ifvtex 2016/05/16 v1.6 Detect VTeX and its facilities (HO)
Package ifvtex Info: VTeX not detected.
)
(/usr/share/texlive/texmf-dist/tex/generic/ifxetex/ifxetex.sty
Package: ifxetex 2010/09/12 v0.6 Provides ifxetex conditional
)
\Gm@cnth=\count91
\Gm@cntv=\count92
\c@Gm@tempcnt=\count93
\Gm@bindingoffset=\dimen106
\Gm@wd@mp=\dimen107
\Gm@odd@mp=\dimen108
\Gm@even@mp=\dimen109
\Gm@layoutwidth=\dimen110
\Gm@layoutheight=\dimen111
\Gm@layouthoffset=\dimen112
\Gm@layoutvoffset=\dimen113
\Gm@dimlist=\toks17
)
(/usr/share/texlive/texmf-dist/tex/latex/pstricks/pstricks.sty
Package: pstricks 2018/12/21 v0.69 LaTeX wrapper for `PSTricks' (RN,HV)

(/usr/share/texlive/texmf-dist/tex/generic/iftex/iftex.sty
Package: iftex 2013/04/04 v0.2 Provides if(tex) conditional for PDFTeX, XeTeX, 
and LuaTeX
)
(/usr/share/texlive/texmf-dist/tex/latex/tools/shellesc.sty
Package: shellesc 2016/06/07 v0.02a unified shell escape interface for LaTeX
Package shellesc Info: Restricted shell escape enabled on input line 69.
)
(/usr/share/texlive/texmf-dist/tex/latex/xcolor/xcolor.sty
Package: xcolor 2016/05/11 v2.12 LaTeX color extensions (UK)

(/usr/share/texlive/texmf-dist/tex/latex/graphics-cfg/color.cfg
File: color.cfg 2016/01/02 v1.6 sample color configuration
)
Package xcolor Info: Driver file: pdftex.def on input line 225.
Package xcolor Info: Model `cmy' substituted by `cmy0' on input line 1348.
Package xcolor Info: Model `hsb' substituted by `rgb' on input line 1352.
Package xcolor Info: Model `RGB' extended on input line 1364.
Package xcolor Info: Model `HTML' substituted by `rgb' on input line 1366.
Package xcolor Info: Model `Hsb' substituted by `hsb' on input line 1367.
Package xcolor Info: Model `tHsb' substituted by `hsb' on input line 1368.
Package xcolor Info: Model `HSB' substituted by `hsb' on input line 1369.
Package xcolor Info: Model `Gray' substituted by `gray' on input line 1370.
Package xcolor Info: Model `wave' substituted by `hsb' on input line 1371.
)
(/usr/share/texlive/texmf-dist/tex/generic/xkeyval/pst-xkey.tex
File: pst-xkey.tex 2005/11/25 v1.6 PSTricks specialization of xkeyval (HA)

(/usr/share/texlive/texmf-dist/tex/latex/xkeyval/xkeyval.sty
Package: xkeyval 2014/12/03 v2.7a package option processing (HA)

(/usr/share/texlive/texmf-dist/tex/generic/xkeyval/xkeyval.tex
(/usr/share/texlive/texmf-dist/tex/generic/xkeyval/xkvutils.tex
\XKV@toks=\toks18
\XKV@tempa@toks=\toks19
)
\XKV@depth=\count94
File: xkeyval.tex 2014/12/03 v2.7a key=value parser (HA)
)))
(/usr/share/texlive/texmf-dist/tex/generic/pstricks/pstricks.tex
(/usr/share/texlive/texmf-dist/tex/generic/pstricks/pst-fp.tex
`pst-fp' v0.05, 2010/01/17 (hv)
\pstFP@xs=\count95
\pstFP@xia=\count96
\pstFP@xib=\count97
\pstFP@xfa=\count98
\pstFP@xfb=\count99
\pstFP@rega=\count100
\pstFP@regb=\count101
\pstFP@regs=\count102
\pstFP@times=\count103
)
(/usr/share/texlive/texmf-dist/tex/generic/pgf/utilities/pgfutil-common.tex
\pgfutil@everybye=\toks20
\pgfutil@tempdima=\dimen114
\pgfutil@tempdimb=\dimen115

(/usr/share/texlive/texmf-dist/tex/generic/pgf/utilities/pgfutil-common-lists.t
ex)) (/usr/share/texlive/texmf-dist/tex/generic/pgf/utilities/pgfkeys.code.tex
\pgfkeys@pathtoks=\toks21
\pgfkeys@temptoks=\toks22

(/usr/share/texlive/texmf-dist/tex/generic/pgf/utilities/pgfkeysfiltered.code.t
ex
\pgfkeys@tmptoks=\toks23
)) (/usr/share/texlive/texmf-dist/tex/generic/pgf/utilities/pgffor.code.tex
Loading pgffor.code.tex
(/usr/share/texlive/texmf-dist/tex/generic/pgf/math/pgfmath.code.tex
(/usr/share/texlive/texmf-dist/tex/generic/pgf/math/pgfmathcalc.code.tex
(/usr/share/texlive/texmf-dist/tex/generic/pgf/math/pgfmathutil.code.tex
\pgf@x=\dimen116
\pgf@xa=\dimen117
\pgf@xb=\dimen118
\pgf@xc=\dimen119
\pgf@y=\dimen120
\pgf@ya=\dimen121
\pgf@yb=\dimen122
\pgf@yc=\dimen123
\c@pgf@counta=\count104
\c@pgf@countb=\count105
\c@pgf@countc=\count106
\c@pgf@countd=\count107
\pgfutil@tempcnta=\count108
\pgfutil@tempcntb=\count109
)
(/usr/share/texlive/texmf-dist/tex/generic/pgf/math/pgfmathparser.code.tex
\pgfmath@dimen=\dimen124
\pgfmath@count=\count110
\pgfmath@box=\box27
\pgfmath@toks=\toks24
\pgfmath@stack@operand=\toks25
\pgfmath@stack@operation=\toks26
)
(/usr/share/texlive/texmf-dist/tex/generic/pgf/math/pgfmathfunctions.code.tex
(/usr/share/texlive/texmf-dist/tex/generic/pgf/math/pgfmathfunctions.basic.code
.tex)
(/usr/share/texlive/texmf-dist/tex/generic/pgf/math/pgfmathfunctions.trigonomet
ric.code.tex)
(/usr/share/texlive/texmf-dist/tex/generic/pgf/math/pgfmathfunctions.random.cod
e.tex)
(/usr/share/texlive/texmf-dist/tex/generic/pgf/math/pgfmathfunctions.comparison
.code.tex)
(/usr/share/texlive/texmf-dist/tex/generic/pgf/math/pgfmathfunctions.base.code.
tex)
(/usr/share/texlive/texmf-dist/tex/generic/pgf/math/pgfmathfunctions.round.code
.tex)
(/usr/share/texlive/texmf-dist/tex/generic/pgf/math/pgfmathfunctions.misc.code.
tex)
(/usr/share/texlive/texmf-dist/tex/generic/pgf/math/pgfmathfunctions.integerari
thmetics.code.tex)))
(/usr/share/texlive/texmf-dist/tex/generic/pgf/math/pgfmathfloat.code.tex
\c@pgfmathroundto@lastzeros=\count111
))
\pgffor@iter=\dimen125
\pgffor@skip=\dimen126
\pgffor@stack=\toks27
\pgffor@toks=\toks28
)
\psLoopIndex=\count112

`PSTricks' v2.96  <2019/02/23> (tvz,hv)
\pst@dima=\dimen127
\pst@dimb=\dimen128
\pst@dimc=\dimen129
\pst@dimd=\dimen130
\pst@dimg=\dimen131
\pst@dimh=\dimen132
\pst@dimm=\dimen133
\pst@dimn=\dimen134
\pst@dimo=\dimen135
\pst@dimp=\dimen136
\pst@hbox=\box28
\pst@ibox=\box29
\pst@boxg=\box30
\pst@cnta=\count113
\pst@cntb=\count114
\pst@cntc=\count115
\pst@cntd=\count116
\pst@cntg=\count117
\pst@cnth=\count118
\pst@cntm=\count119
\pst@cntn=\count120
\pst@cnto=\count121
\pst@cntp=\count122
\@zero=\count123
\pst@toks=\toks29
(/usr/share/texlive/texmf-dist/tex/generic/pstricks/pstricks.con)
\psunit=\dimen137
\psxunit=\dimen138
\psyunit=\dimen139
\pst@C@@rType=\count124
\pslinewidth=\dimen140
\psk@startLW=\dimen141
\psk@endLW=\dimen142
\pst@customdefs=\toks30
\pslinearc=\dimen143
\pst@symbolStep=\dimen144
\pst@symbolWidth=\dimen145
\pst@symbolLinewidth=\dimen146
\everypsbox=\toks31
\psframesep=\dimen147
\pslabelsep=\dimen148
\sh@wgridXunit=\dimen149
\sh@wgridYunit=\dimen150
\pst@shift=\dimen151
)
File: pstricks.tex 2019/02/23 v2.96 `PSTricks' (tvz,hv)

(/usr/share/texlive/texmf-dist/tex/generic/pstricks/pst-fp.tex)
File: pst-fp.tex 2019/02/23 v2.96 `PST-fp' (hv)
)
(./DieHorusalt.aux)
\openout1 = `DieHorusalt.aux'.

LaTeX Font Info:    Checking defaults for OML/cmm/m/it on input line 41.
LaTeX Font Info:    ... okay on input line 41.
LaTeX Font Info:    Checking defaults for T1/cmr/m/n on input line 41.
LaTeX Font Info:    ... okay on input line 41.
LaTeX Font Info:    Checking defaults for OT1/cmr/m/n on input line 41.
LaTeX Font Info:    ... okay on input line 41.
LaTeX Font Info:    Checking defaults for OMS/cmsy/m/n on input line 41.
LaTeX Font Info:    ... okay on input line 41.
LaTeX Font Info:    Checking defaults for OMX/cmex/m/n on input line 41.
LaTeX Font Info:    ... okay on input line 41.
LaTeX Font Info:    Checking defaults for U/cmr/m/n on input line 41.
LaTeX Font Info:    ... okay on input line 41.

(/usr/share/texlive/texmf-dist/tex/context/base/mkii/supp-pdf.mkii
[Loading MPS to PDF converter (version 2006.09.02).]
\scratchcounter=\count125
\scratchdimen=\dimen152
\scratchbox=\box31
\nofMPsegments=\count126
\nofMParguments=\count127
\everyMPshowfont=\toks32
\MPscratchCnt=\count128
\MPscratchDim=\dimen153
\MPnumerator=\count129
\makeMPintoPDFobject=\count130
\everyMPtoPDFconversion=\toks33
) (/usr/share/texlive/texmf-dist/tex/latex/oberdiek/epstopdf-base.sty
Package: epstopdf-base 2016/05/15 v2.6 Base part for package epstopdf

(/usr/share/texlive/texmf-dist/tex/generic/oberdiek/infwarerr.sty
Package: infwarerr 2016/05/16 v1.4 Providing info/warning/error messages (HO)
)
(/usr/share/texlive/texmf-dist/tex/latex/oberdiek/grfext.sty
Package: grfext 2016/05/16 v1.2 Manage graphics extensions (HO)

(/usr/share/texlive/texmf-dist/tex/generic/oberdiek/kvdefinekeys.sty
Package: kvdefinekeys 2016/05/16 v1.4 Define keys (HO)

(/usr/share/texlive/texmf-dist/tex/generic/oberdiek/ltxcmds.sty
Package: ltxcmds 2016/05/16 v1.23 LaTeX kernel commands for general use (HO)
)))
(/usr/share/texlive/texmf-dist/tex/latex/oberdiek/kvoptions.sty
Package: kvoptions 2016/05/16 v3.12 Key value format for package options (HO)

(/usr/share/texlive/texmf-dist/tex/generic/oberdiek/kvsetkeys.sty
Package: kvsetkeys 2016/05/16 v1.17 Key value parser (HO)

(/usr/share/texlive/texmf-dist/tex/generic/oberdiek/etexcmds.sty
Package: etexcmds 2016/05/16 v1.6 Avoid name clashes with e-TeX commands (HO)

(/usr/share/texlive/texmf-dist/tex/generic/oberdiek/ifluatex.sty
Package: ifluatex 2016/05/16 v1.4 Provides the ifluatex switch (HO)
Package ifluatex Info: LuaTeX not detected.
))))
(/usr/share/texlive/texmf-dist/tex/generic/oberdiek/pdftexcmds.sty
Package: pdftexcmds 2018/09/10 v0.29 Utility functions of pdfTeX for LuaTeX (HO
)
Package pdftexcmds Info: LuaTeX not detected.
Package pdftexcmds Info: \pdf@primitive is available.
Package pdftexcmds Info: \pdf@ifprimitive is available.
Package pdftexcmds Info: \pdfdraftmode found.
)
Package epstopdf-base Info: Redefining graphics rule for `.eps' on input line 4
38.
Package grfext Info: Graphics extension search list:
(grfext)             [.pdf,.png,.jpg,.mps,.jpeg,.jbig2,.jb2,.PDF,.PNG,.JPG,.JPE
G,.JBIG2,.JB2,.eps]
(grfext)             \AppendGraphicsExtensions on input line 456.

(/usr/share/texlive/texmf-dist/tex/latex/latexconfig/epstopdf-sys.cfg
File: epstopdf-sys.cfg 2010/07/13 v1.3 Configuration of (r)epstopdf for TeX Liv
e
))
*geometry* driver: auto-detecting
*geometry* detected driver: pdftex
*geometry* verbose mode - [ preamble ] result:
* driver: pdftex
* paper: a5paper
* layout: <same size as paper>
* layoutoffset:(h,v)=(0.0pt,0.0pt)
* modes: twoside 
* h-part:(L,W,R)=(71.13188pt, 293.0634pt, 56.9055pt)
* v-part:(T,H,B)=(56.9055pt, 441.01773pt, 99.58464pt)
* \paperwidth=421.10078pt
* \paperheight=597.50787pt
* \textwidth=293.0634pt
* \textheight=441.01773pt
* \oddsidemargin=-1.1381pt
* \evensidemargin=-15.36449pt
* \topmargin=-45.43198pt
* \headheight=12.0pt
* \headsep=18.06749pt
* \topskip=10.0pt
* \footskip=25.29494pt
* \marginparwidth=51.0pt
* \marginparsep=7.0pt
* \columnsep=10.0pt
* \skip\footins=9.0pt plus 4.0pt minus 2.0pt
* \hoffset=0.0pt
* \voffset=0.0pt
* \mag=1000
* \@twocolumnfalse
* \@twosidetrue
* \@mparswitchtrue
* \@reversemarginfalse
* (1in=72.27pt=25.4mm, 1cm=28.453pt)

LaTeX Font Info:    Try loading font information for T1+ppl on input line 46.
(/usr/share/texlive/texmf-dist/tex/latex/psnfss/t1ppl.fd
File: t1ppl.fd 2001/06/04 font definitions for T1/ppl.
)
<Titel-Hell.jpg, id=1, 389.2944pt x 480.8364pt>
File: Titel-Hell.jpg Graphic file (type jpg)
<use Titel-Hell.jpg>
Package pdftex.def Info: Titel-Hell.jpg  used on input line 56.
(pdftex.def)             Requested size: 421.10886pt x 597.52962pt.
 [1
Non-PDF special ignored!
<special> header=pstricks.pro
Non-PDF special ignored!
<special> header=pst-algparser.pro
Non-PDF special ignored!
<special> header=pst-tools.pro
Non-PDF special ignored!
<special> header=pst-dots.pro

Non-PDF special ignored!
<special> ps: /pssetRGBcolor /setrgbcolor load def /pssetCMYKcolor /setcmyk...
Non-PDF special ignored!
<special> ps:tx@Dict begin  gsave STV CP T /ps@rot 0 def grestore  end
Non-PDF special ignored!
<special> ps:tx@Dict begin  gsave STV CP T /ps@refangle 0.  def grestore  e...

Non-PDF special ignored!
<special> ps:tx@Dict begin { 0.0 0.0 } PutCoor PutBegin  end
Non-PDF special ignored!
<special> ps:tx@Dict begin  PutEnd  end
{/var/lib/texmf/fonts/map/pdftex/updmap/pdftex.map} <./Titel-Hell.jpg>]
[2

]
Underfull \hbox (badness 2293) in paragraph at lines 91--92
[]\T1/ppl/m/it/10 und die Wege, auf denen der Grösste Gott
 []

[3] [4

]
Underfull \hbox (badness 1132) in paragraph at lines 111--112
\T1/ppl/m/n/10 aus Göttern der alten ägyptischen Pharaonenzeit besteht, die
 []


Underfull \hbox (badness 5711) in paragraph at lines 111--112
\T1/ppl/m/n/10 das schöne Basel in der Schweiz des 21. Jahrhunderts
 []


Underfull \hbox (badness 1112) in paragraph at lines 113--114
[]\T1/ppl/m/n/10 Alle Götter lieben es kreativ und innovativ zu sein, deshalb
 []


Underfull \hbox (badness 1924) in paragraph at lines 119--120
\T1/ppl/m/n/10 auf den Zeitmesser, der sich rasend durch die Zeit bewegt
 []

[5]
Underfull \hbox (badness 3240) in paragraph at lines 121--122
\T1/ppl/m/n/10 Planet an Stelle des alten. Dieser Planet ist kleiner und
 []


Underfull \hbox (badness 6063) in paragraph at lines 121--122
\T1/ppl/m/n/10 ihn wunderschön durch die Scheibe leuchten, wir tragen
 []


Underfull \hbox (badness 2460) in paragraph at lines 127--128
[]\T1/ppl/m/n/10 Wir haben kurz Zeit uns einen Kaffee zu kochen und ein
 []


Underfull \hbox (badness 6125) in paragraph at lines 129--130
[]\T1/ppl/m/n/10 Wir haben nicht viel Zeit dieses farbenprächtige Bild zu
 []


Underfull \hbox (badness 7415) in paragraph at lines 129--130
\T1/ppl/m/n/10 geniessen, denn die Masse des Planeten und die ganze
 []


Underfull \hbox (badness 1270) in paragraph at lines 129--130
\T1/ppl/m/n/10 reissen den Planeten auseinander. Während gleichzeitig das
 []


Underfull \hbox (badness 3039) in paragraph at lines 129--130
\T1/ppl/m/n/10 wird. Zeitschlaufen öffnen sich und verschlucken Materie
 []


Underfull \hbox (badness 1571) in paragraph at lines 129--130
\T1/ppl/m/n/10 in dunklen Röhren, um sie an anderer Stelle auszuspucken.
 []

[6]
Underfull \hbox (badness 1033) in paragraph at lines 131--132
\T1/ppl/m/n/10 schütteln uns. Ein riesiges Durcheinander findet statt. Der
 []

[7]
Underfull \hbox (badness 2096) in paragraph at lines 150--151
\T1/ppl/m/n/10 gemacht haben, tritt das erste mal gross auf die Bühne in
 []


Underfull \hbox (badness 1509) in paragraph at lines 152--153
[]\T1/ppl/m/n/10 Natürlich waren wir Menschen schon vorher da, wir waren
 []


Underfull \hbox (badness 10000) in paragraph at lines 152--153
\T1/ppl/m/n/10 auch dabei, als der Wärmeplanet sich im All begann
 []


Underfull \hbox (badness 5105) in paragraph at lines 152--153
\T1/ppl/m/n/10 zusammenzuballen, aber wir hatten kein Bewusstsein und
 []

[8]
LaTeX Font Info:    External font `cmex10' loaded for size
(Font)              <7> on input line 160.
LaTeX Font Info:    External font `cmex10' loaded for size
(Font)              <5> on input line 160.
LaTeX Font Info:    External font `cmex10' loaded for size
(Font)              <8> on input line 160.
LaTeX Font Info:    External font `cmex10' loaded for size
(Font)              <6> on input line 160.

Underfull \hbox (badness 10000) in paragraph at lines 160--161
[]\T1/ppl/m/n/10 Wenn wir verschiedene Schöpfungsgeschichten anschauen,
 []

[9]
Underfull \hbox (badness 1184) in paragraph at lines 175--176
[]\T1/ppl/m/n/10 Er ist allerdings der Gott, weil mit dem Menschlichen wohl
 []


Underfull \hbox (badness 1694) in paragraph at lines 179--180
[]\T1/ppl/m/n/10 Wenn sich die Menschen jedoch anmassen, sich einem Gott
 []


Underfull \hbox (badness 1371) in paragraph at lines 179--180
\T1/ppl/m/n/10 zu widersetzten, oder einen unbestechlichen Wächtergott auf
 []


Underfull \hbox (badness 10000) in paragraph at lines 179--180
\T1/ppl/m/n/10 grausame Weise hintergehen und seinen Schutzbefohlenen
 []


Underfull \hbox (badness 2012) in paragraph at lines 179--180
\T1/ppl/m/n/10 schaden, dann können auch alte Götter sich für eine Reise
 []

[10]
Underfull \hbox (badness 3312) in paragraph at lines 183--184
\T1/ppl/m/n/10 Hauses des ehrwürdigen Jakob Sarasin, trifft sich der alte
 []


Underfull \hbox (badness 1400) in paragraph at lines 183--184
\T1/ppl/m/n/10 ägyptische Gott mit seinen nordischen Freunden Berta, auch
 []


Underfull \hbox (badness 1635) in paragraph at lines 185--186
\T1/ppl/m/n/10 Schuhen stecken unter dem Kleid hervor. Vor der Tür im
 []


Underfull \hbox (badness 2680) in paragraph at lines 185--186
\T1/ppl/m/n/10 Gang stand ein Reisigbesen. Ab und zu nahm sie einen
 []


Underfull \hbox (badness 1789) in paragraph at lines 187--188
[]\T1/ppl/m/n/10 Ein zartes Grunzen ertönte. Von dem zierlichen mit Seide
 []


Underfull \hbox (badness 2285) in paragraph at lines 187--188
\T1/ppl/m/n/10 bezogenem Sofa, schauten nur die geschwundenen, dünnen
 []

[11]
Underfull \hbox (badness 2547) in paragraph at lines 189--190
[]\T1/ppl/m/n/10 "`Interessant, äusserst interessant!"' Thot legte die schlanke
n
 []


Underfull \hbox (badness 1205) in paragraph at lines 189--190
\T1/ppl/m/n/10 schlichten, schwarzen Anzug. Sein Hemd war leicht weiss-
 []

[12]
Underfull \hbox (badness 1014) in paragraph at lines 208--209
\T1/ppl/m/n/10 "`Hermes, min Fründ, d Berta macht jetzt alles parat für de
 []


Underfull \vbox (badness 4217) has occurred while \output is active []

 [13]
Underfull \hbox (badness 5374) in paragraph at lines 210--211
\T1/ppl/m/n/10 Allerdings werden in den Tagen der Rauhnächte weniger
 []

[14] [15

] [16] [17

]
Underfull \hbox (badness 1383) in paragraph at lines 236--237
\T1/ppl/m/n/10 einem dunkelbraunen, struppigen Vollbart und wildem Haar
 []


Underfull \hbox (badness 1067) in paragraph at lines 238--239
[]\T1/ppl/m/n/10 Amélie war betäubt gewesen. Sie konnte sich während des
 []


Underfull \hbox (badness 2735) in paragraph at lines 240--241
[]\T1/ppl/m/n/10 Sie erinnerte sich an grässlichen Lärm quietschender Räder
 []


Underfull \hbox (badness 1337) in paragraph at lines 240--241
\T1/ppl/m/n/10 auf Schienen. Tunnel, dunkel, betoniert und mit Leitungen
 []

[18]
Underfull \hbox (badness 3942) in paragraph at lines 251--252
[]\T1/ppl/m/n/10 Der Schakal und der junge Mann stiegen die grosszügige
 []

[19]
Underfull \hbox (badness 2285) in paragraph at lines 255--256
[]\T1/ppl/m/n/10 Amélie tappte auf Zehenspitzen zur Kommode. Aus dem
 []


Underfull \hbox (badness 10000) in paragraph at lines 259--260
[]\T1/ppl/m/n/10 Die schlanke Gestalt, etwas kleiner als Amélie, streckte
 []


Underfull \hbox (badness 1331) in paragraph at lines 261--262
[]\T1/ppl/m/n/10 Ihre Augen waren gelb. Goldgelb. Und sie strahlten eine
 []


Underfull \hbox (badness 1342) in paragraph at lines 263--264
\T1/ppl/m/n/10 mit Kapuze und einem Pinguin drauf, ihre Beine in pinken
 []

[20] [21]
Underfull \hbox (badness 1365) in paragraph at lines 278--279
\T1/ppl/m/n/10 'harmlose Gruppe von Touristen aus Ägypten' ist, dann bin
 []


Underfull \hbox (badness 1087) in paragraph at lines 278--279
\T1/ppl/m/n/10 ich Kaiserin von China, dachte sie. Auch wenn alle betont
 []


Underfull \hbox (badness 3199) in paragraph at lines 280--281
[]\T1/ppl/m/n/10 Ganz in der Nähe hörte Amélie ein hohes Kreischen und
 []


Underfull \hbox (badness 4518) in paragraph at lines 280--281
\T1/ppl/m/n/10 hatte der Falke einen Freund gefunden, es ertönten zwei
 []

[22]
Underfull \hbox (badness 1215) in paragraph at lines 284--285
\T1/ppl/m/n/10 du schon in Basel, Amélie?"' "`Ne, du?"', "`Nöh, aber es ist
 []

[23]
Underfull \hbox (badness 1661) in paragraph at lines 298--299
[]\T1/ppl/m/n/10 Schritt für Schritt tappte er vorwärts. Die Luft stand still,
 []


Underfull \hbox (badness 1546) in paragraph at lines 300--301
[]\T1/ppl/m/n/10 Er lauschte in die Dunkelheit und ein Hauch, eine winzige
 []


Underfull \hbox (badness 3118) in paragraph at lines 302--303
\T1/ppl/m/n/10 Dunkelheit. Und dann sah er ihn, den Fluch. Er war
 []


Underfull \hbox (badness 3601) in paragraph at lines 302--303
\T1/ppl/m/n/10 Seifenblase, bildete er eine Membran, die dem Durchgang
 []

[24]
Underfull \hbox (badness 1033) in paragraph at lines 304--305
\T1/ppl/m/n/10 diesmal aus Zorn. Wer hatte es gewagt in seinen, in ihren
 []


Underfull \hbox (badness 2662) in paragraph at lines 310--311
\T1/ppl/m/n/10 denn, wenn auch einer der mächtigsten Götter, so war er
 []


Underfull \hbox (badness 1406) in paragraph at lines 310--311
\T1/ppl/m/n/10 der fragilste, zumindest im Diesseits. "`Es geht Thot!"' Die
 []


Underfull \hbox (badness 3386) in paragraph at lines 314--315
\T1/ppl/m/n/10 Hauses am Ende des Ganges. Jeder der zu ihm wollte,
 []

[25]
Underfull \hbox (badness 1028) in paragraph at lines 320--321
\T1/ppl/m/n/10 wärmer anzuziehen, weil sie seit ihrer Ankunft ihren Gatten
 []

[26]
Underfull \hbox (badness 2073) in paragraph at lines 322--323
\T1/ppl/m/n/10 sich in Ägypten zugezogen haben muss. Wir haben nicht
 []


Underfull \hbox (badness 1072) in paragraph at lines 322--323
\T1/ppl/m/n/10 "`So, hattet ihr?"' fauchte Isis. "`Weil eine vielversprechende
 []

[27]
Underfull \hbox (badness 1622) in paragraph at lines 333--334
\T1/ppl/m/n/10 Sie trafen am Teich bei der Marmorbank zusammen. Thot
 []


Underfull \hbox (badness 1769) in paragraph at lines 333--334
\T1/ppl/m/n/10 seine Hundegestalt entschieden. Kein Gepäck, ein robuster
 []


Underfull \hbox (badness 1406) in paragraph at lines 337--338
\T1/ppl/m/n/10 Häuser aufbauen mussten, damit die göttlichen Herrschaften
 []


Underfull \hbox (badness 2922) in paragraph at lines 337--338
\T1/ppl/m/n/10 hier urlauben können."' Thot war der Meinung, er könnte
 []

[28]
Underfull \hbox (badness 1418) in paragraph at lines 339--340
\T1/ppl/m/n/10 hervor. Das Weibchen kreischte. Das Männchen versuchte
 []


Underfull \hbox (badness 1264) in paragraph at lines 343--344
\T1/ppl/m/n/10 braunem, kurzen Locken und lapislazuliblauen Augen. Der
 []

[29]
Underfull \hbox (badness 1019) in paragraph at lines 345--346
\T1/ppl/m/n/10 Blutstropfen fallen, Horus wischte sich mit dem Handrücken
 []


Underfull \hbox (badness 5302) in paragraph at lines 351--352
\T1/ppl/m/n/10 Isfet mitnehmen, meinte Anubis. -Was, das Chaoskind?
 []


Underfull \hbox (badness 3884) in paragraph at lines 351--352
\T1/ppl/m/n/10 durcheinander. -Ja, antwortete Anubis, -aber, wenn alles
 []

[30]
Underfull \hbox (badness 1789) in paragraph at lines 357--358
\T1/ppl/m/n/10 Boote. Schliesslich war er selbst Kapitän einer Barke. Er
 []


Underfull \hbox (badness 1609) in paragraph at lines 357--358
\T1/ppl/m/n/10 hatte seine Sonnenbrille auf, es ging nicht anders, wenn er
 []


Underfull \hbox (badness 1337) in paragraph at lines 357--358
\T1/ppl/m/n/10 Bluejeans an, Seglerschuhe und ein blaues Jacket unter dem
 []


Underfull \hbox (badness 1087) in paragraph at lines 357--358
\T1/ppl/m/n/10 er einen weissen Rollkragenpullover trug. Er sass in einem
 []


Underfull \hbox (badness 3088) in paragraph at lines 361--362
[]\T1/ppl/m/n/10 "`Maat, meine Liebe, wie geht es, hast du dich an deine
 []

[31]
Underfull \hbox (badness 1360) in paragraph at lines 365--366
\T1/ppl/m/n/10 darf. Wenn dir etwas zustösst, würde die ganze Ordnung,
 []


Underfull \hbox (badness 2884) in paragraph at lines 365--366
\T1/ppl/m/n/10 die wir bei diesem Abenteuer sehr überstrapazieren, völlig
 []

[32]
Underfull \hbox (badness 1052) in paragraph at lines 367--368
\T1/ppl/m/n/10 in dieser Zeit passiert, lenken. Ausserdem hat unser König
 []


Underfull \hbox (badness 2221) in paragraph at lines 371--372
[]\T1/ppl/m/n/10 In diesem Moment klopfte es an der Tür und Horus kam
 []


Underfull \hbox (badness 1024) in paragraph at lines 371--372
\T1/ppl/m/n/10 schwungvoll hinein. "`Grossvater, wir sollten die Nachtfahrt
 []

[33]
Underfull \hbox (badness 3471) in paragraph at lines 379--380
[]\T1/ppl/m/n/10 -Wenn die Nacht begonnen hat, wird es für dich leichter
 []


Underfull \hbox (badness 1067) in paragraph at lines 381--382
[]\T1/ppl/m/n/10 In dem Moment bemerkte Thot die Tannenzweige, die ihren
 []

[34]
Underfull \hbox (badness 1286) in paragraph at lines 396--397
\T1/ppl/m/n/10 dachte sie. Bin ich auch! Eben, meldete sich die Amélie-
 []

[35]
Underfull \hbox (badness 1331) in paragraph at lines 406--407
\T1/ppl/m/n/10 gesehen? fragte Amset verzweifelt, -Nein, es sind zu viele
 []

[36]
Underfull \hbox (badness 1142) in paragraph at lines 419--420
\T1/ppl/m/n/10 hatte sie sich am Morgen nicht für den dicken Wollpullover
 []

[37]
Underfull \hbox (badness 1635) in paragraph at lines 427--428
\T1/ppl/m/n/10 Cheeseburger, der heruntergefallen war, hinterliess auf Isfets
 []

[38] [39]
Underfull \hbox (badness 2894) in paragraph at lines 439--440
\T1/ppl/m/n/10 Morgen nicht gewagt, sondern sich über ein Omelette mit
 []


Underfull \hbox (badness 1178) in paragraph at lines 441--442
[]\T1/ppl/m/n/10 Die Tür in Amélies Rücken gab nach und sie kippte in die
 []


Underfull \hbox (badness 1033) in paragraph at lines 441--442
\T1/ppl/m/n/10 riesige Nasenlöcher die zwischen einem dichten, wilden Bart
 []


Underfull \hbox (badness 5741) in paragraph at lines 443--444
[]\T1/ppl/m/n/10 "`Amélie, du hast es geschafft!"' Amset strahlte wie sein
 []


Underfull \hbox (badness 1442) in paragraph at lines 443--444
\T1/ppl/m/n/10 zwitscherte Hathor, die sich ihre Hände in der Schürze mit
 []

[40] [41] [42

]
Underfull \hbox (badness 1715) in paragraph at lines 454--455
[]\T1/ppl/m/n/10 "`So meine Lieben, jetzt ist es Zeit, der Himmel wir schon
 []

[43] [44]
Underfull \hbox (badness 2626) in paragraph at lines 469--470
[]\T1/ppl/m/n/10 In der Mitte der Barke war ein Baldachin. Darunter mit
 []


Underfull \hbox (badness 1521) in paragraph at lines 469--470
\T1/ppl/m/n/10 aus Gold. Einen Anch trug er in der Hand. Neben ihm
 []

[45]
Underfull \hbox (badness 2828) in paragraph at lines 475--476
[]\T1/ppl/m/n/10 Hinter dem Sonnengott bemerkte Amélie mit Grausen eine
 []


Underfull \hbox (badness 1210) in paragraph at lines 475--476
\T1/ppl/m/n/10 Armen, die anstelle eines Menschenkopfes, den eines Falken
 []


Underfull \hbox (badness 3009) in paragraph at lines 475--476
\T1/ppl/m/n/10 auf den Schultern hatte. Breitbeinig stand er hinter dem
 []


Underfull \hbox (badness 1838) in paragraph at lines 477--478
[]\T1/ppl/m/n/10 Duamutef war an dem Baldachin vorbei geschlüpft und im
 []

[46]
Underfull \hbox (badness 1881) in paragraph at lines 491--492
\T1/ppl/m/n/10 rechten Ufer steil aufragte. Er schimmerte hellgrau in der
 []


Underfull \hbox (badness 3199) in paragraph at lines 493--494
\T1/ppl/m/n/10 Unzählige Menschen! Einer nach dem anderen traten sie
 []


Underfull \hbox (badness 3525) in paragraph at lines 493--494
\T1/ppl/m/n/10 sich der Kiesstrand am Ufer mit Menschen. Amélie sah
 []


Underfull \hbox (badness 1975) in paragraph at lines 493--494
\T1/ppl/m/n/10 Kinder, Erwachsene und Alte. Sie sah Menschen, die aus
 []


Underfull \hbox (badness 4556) in paragraph at lines 493--494
\T1/ppl/m/n/10 die eine gepuderte Perücke trugen und Kirchenmänner in
 []

[47] [48] [49] [50

] [51] [52] [53

] [54]
Underfull \hbox (badness 1194) in paragraph at lines 534--535
[]\T1/ppl/m/n/10 Wibrandis blieb in der Tür stehen, die Klinke in der Hand:
 []

[55]
Underfull \hbox (badness 2443) in paragraph at lines 541--542
\T1/ppl/m/n/10 Mit klopfendem Herzen stand Amélie vor Thot Zimmertür.
 []


Underfull \hbox (badness 1087) in paragraph at lines 543--544
\T1/ppl/m/n/10 der Fensterseite und der Wand der Eingangstüre, waren alle
 []

[56]
Underfull \hbox (badness 1028) in paragraph at lines 547--548
\T1/ppl/m/n/10 anschaute. -Guten Morgen, Amélie, tönte es in ihrem Kopf
 []


Underfull \hbox (badness 1490) in paragraph at lines 547--548
\T1/ppl/m/n/10 schnaufte zufrieden und Amélie wurde rot, soviel zu ihrem
 []

[57] [58]
Underfull \hbox (badness 3009) in paragraph at lines 563--564
[]\T1/ppl/m/n/10 Amélie verschränkte schwungvoll die Arme und schob die
 []

[59] [60] [61] [62] [63]
Underfull \hbox (badness 1642) in paragraph at lines 615--616
\T1/ppl/m/n/10 Angst machen, aber..."` sagte Amset "`Toll, hat leider nicht
 []


Underfull \hbox (badness 1635) in paragraph at lines 615--616
\T1/ppl/m/n/10 geklappt!"' antwortete Amélie "`Was?"' fragte Amset erstaunt
 []

[64] [65]
Underfull \hbox (badness 1205) in paragraph at lines 640--641
\T1/ppl/m/n/10 und die Kanope seinem Schutz unterstellten. Er suchte die
 []


Underfull \hbox (badness 2418) in paragraph at lines 647--648
\T1/ppl/m/n/10 Duamutef schien einen guten Zeitpunkt erwischt zu haben,
 []


Underfull \hbox (badness 1824) in paragraph at lines 647--648
\T1/ppl/m/n/10 nach dem rechten sehen und habe mich auf dem Weg zur
 []

[66]
Underfull \hbox (badness 2150) in paragraph at lines 655--656
\T1/ppl/m/n/10 Toten auf Bahren täglich hindurchgetragen. Es gab etliche
 []

[67]
Underfull \hbox (badness 2173) in paragraph at lines 661--662
[]\T1/ppl/m/n/10 Duamutef bog um eine Ecke und blieb erschrocken stehen.
 []


Underfull \hbox (badness 2828) in paragraph at lines 661--662
\T1/ppl/m/n/10 Sachmet stand ein Stück weiter hinten im Gang vor einer
 []

[68]
Underfull \hbox (badness 1342) in paragraph at lines 676--677
\T1/ppl/m/n/10 sonst nicht gleich angerannt! Horus setzte sein strahlenstes
 []


Underfull \hbox (badness 1436) in paragraph at lines 680--681
\T1/ppl/m/n/10 Seine Klauen griffen Duamutef an Rücken und Nacken und
 []


Underfull \hbox (badness 10000) in paragraph at lines 688--689
[]\T1/ppl/m/n/10 Duamutef hatte weniger Glück gehabt. Er hatte die
 []


Underfull \hbox (badness 2012) in paragraph at lines 688--689
\T1/ppl/m/n/10 Beschleunigung des Fluges falsch eingeschätzt und war wie
 []


Underfull \hbox (badness 10000) in paragraph at lines 688--689
\T1/ppl/m/n/10 eine pelzige Kanonenkugel auf den Schreibtisch geprallt.
 []


Underfull \hbox (badness 8170) in paragraph at lines 688--689
\T1/ppl/m/n/10 Bücher, Schriftrollen waren vom Tisch gestossen worden,
 []


Underfull \hbox (badness 1454) in paragraph at lines 688--689
\T1/ppl/m/n/10 Papierblätter segelten sacht um den Schakal auf den Boden.
 []

[69]
Underfull \hbox (badness 2735) in paragraph at lines 690--691
[]\T1/ppl/m/n/10 Thot sass kerzengerade in seinem Ohrensessel. Die Beine
 []


Underfull \hbox (badness 2253) in paragraph at lines 692--693
\T1/ppl/m/n/10 leicht. Wenn er sich aufregte, dann half nur eine leckere
 []


Underfull \hbox (badness 1107) in paragraph at lines 694--695
[]\T1/ppl/m/n/10 Während Thot den Falken aus der Wand befreit hatte, hatte
 []


Underfull \hbox (badness 1783) in paragraph at lines 694--695
\T1/ppl/m/n/10 Duamutef die Gelegenheit genutzt, um vom Schreibtisch zu
 []


Underfull \hbox (badness 1184) in paragraph at lines 698--699
[]\T1/ppl/m/n/10 Duamutef holte tief Luft. -Ich war in der Zeit von Pharao
 []


Underfull \hbox (badness 1270) in paragraph at lines 700--701
[]\T1/ppl/m/n/10 "`Du glaubst doch nicht ernsthaft, du könntest dich um der
 []

[70]
Underfull \hbox (badness 1038) in paragraph at lines 702--703
\T1/ppl/m/n/10 deine Wunden zu verarzten. Sie soll dir einen ordentlichen
 []


Underfull \hbox (badness 2591) in paragraph at lines 702--703
\T1/ppl/m/n/10 Duamutef seufzte und leckte kurz über Thots Hand, dann
 []


Underfull \hbox (badness 2495) in paragraph at lines 702--703
\T1/ppl/m/n/10 verschwand er dankbar aus dem Zimmer. "`Vergiss nicht,
 []

[71] [72

] [73]
Underfull \hbox (badness 2512) in paragraph at lines 725--726
[]\T1/ppl/m/n/10 In den tausenden Jahren ägyptische Geschichte, lernten die
 []

[74]
Underfull \hbox (badness 1275) in paragraph at lines 733--734
[]\T1/ppl/m/n/10 "`Tja"' meinte Thot "`und nun sind die Götter abhängig von
 []


Underfull \hbox (badness 2726) in paragraph at lines 733--734
\T1/ppl/m/n/10 -Früher wäre es jedenfalls eine...Priesterin gewesen, dachte
 []


Underfull \hbox (badness 3302) in paragraph at lines 737--738
[]\T1/ppl/m/n/10 Osiris wechselte seine Farbe von kräftigem Tannengrün zu
 []


Underfull \hbox (badness 3219) in paragraph at lines 737--738
\T1/ppl/m/n/10 gesundem Granny-Smith-Apfelgrün -Ja, Schatz! Ich meine
 []

[75]
Underfull \hbox (badness 1810) in paragraph at lines 750--751
[]\T1/ppl/m/n/10 "`Ich habe Angst."' sagte sie, während ihr die Zähne heftig
 []


Underfull \hbox (badness 1028) in paragraph at lines 750--751
\T1/ppl/m/n/10 nötig, für die weiteren Tage und Nächte, deine Lebenskräfte
 []

[76]
Underfull \hbox (badness 3128) in paragraph at lines 758--759
\T1/ppl/m/n/10 berührte, bewegte sich der Funke darin. Er begann sich
 []

[77]
Underfull \hbox (badness 1043) in paragraph at lines 762--763
\T1/ppl/m/n/10 konnte seinen mächtigen Fischschwanz gegen das Abendlicht
 []


Underfull \hbox (badness 3148) in paragraph at lines 766--767
\T1/ppl/m/n/10 Von Amélie und dem Krokodil war keine Spur zu sehen.
 []


Underfull \hbox (badness 4686) in paragraph at lines 771--772
\T1/ppl/m/n/10 Amset stand bleich die Finger um das Geländer gekrallt.
 []


Underfull \hbox (badness 1112) in paragraph at lines 771--772
\T1/ppl/m/n/10 "`Amélie!"' brüllte er. Er wollte über das Geländer auf den
 []

[78] [79] [80] [81]
Underfull \hbox (badness 1540) in paragraph at lines 818--819
[]\T1/ppl/m/n/10 Sie schnappte nach Luft."`Ich schlag dich zu Brei, wenn du
 []

[82]
Underfull \hbox (badness 2005) in paragraph at lines 838--839
[]\T1/ppl/m/n/10 Die Strömung schaukelte Amélie unter der Johanniterbrücke
 []

[83]
Underfull \hbox (badness 1584) in paragraph at lines 849--850
\T1/ppl/m/n/10 Allerdings fürchteten sie die Kräfte und den unbeherrschten
 []

[84]
Underfull \hbox (badness 10000) in paragraph at lines 851--851
[][]\T1/cmr/m/n/8 Ja, auch das Paradies entsprach nicht ganz den christlichen
 []


Underfull \hbox (badness 1168) in paragraph at lines 851--851
\T1/cmr/m/n/8 Wertevorstellungen. Es enthielt weder flauschige Wolken, Nachthem
den
 []


Underfull \hbox (badness 5622) in paragraph at lines 853--854
[]\T1/ppl/m/n/10 Er wurde schliesslich gemeinsam mit Thot zum Obersten
 []

[85]
Underfull \hbox (badness 1496) in paragraph at lines 859--860
\T1/ppl/m/n/10 Mutter!' Anubis stand an Deck und starrte neben Isis zur
 []

[86] [87]
Underfull \hbox (badness 1178) in paragraph at lines 890--891
[]\T1/ppl/m/n/10 Es war Amset. Er erhob sich und legte den Arm um ihre
 []


Underfull \hbox (badness 1237) in paragraph at lines 890--891
\T1/ppl/m/n/10 in zart rotem Morgenlicht. Unter dem Baldachin war nicht
 []

[88] [89] [90

] [91] [92]
Underfull \hbox (badness 10000) in paragraph at lines 911--912
\T1/ppl/m/n/10 wissen alle schon bevor ich aufwache, wann es soweit
 []

[93

]
Underfull \hbox (badness 1365) in paragraph at lines 921--922
[]\T1/ppl/m/n/10 Sie kamen in das Erdgeschoss und gingen durch die grosse
 []


Underfull \hbox (badness 2065) in paragraph at lines 921--922
\T1/ppl/m/n/10 Wasser schwammen duftige, leichte Schaumberge. Blumen,
 []

[94]
Underfull \hbox (badness 1097) in paragraph at lines 927--928
\T1/ppl/m/n/10 länger und spitzer als gewöhnlich? Amélie merkte, wie sie
 []

[95]
Underfull \hbox (badness 1132) in paragraph at lines 929--930
\T1/ppl/m/n/10 immer, aber dann grollte sie tief aus der Kehle und brüllte.
 []

[96] [97

] [98

] (./DieHorusalt.toc
LaTeX Font Info:    Font shape `T1/ppl/bx/n' in size <10> not available
(Font)              Font shape `T1/ppl/b/n' tried instead on input line 2.
LaTeX Font Info:    Font shape `T1/ppl/bx/n' in size <12> not available
(Font)              Font shape `T1/ppl/b/n' tried instead on input line 4.
 [99])
\tf@toc=\write3
\openout3 = `DieHorusalt.toc'.


No file DieHorusalt.bbl.
[100] (./DieHorusalt.aux) ) 
Here is how much of TeX's memory you used:
 9837 strings out of 494518
 169278 string characters out of 6176313
 243602 words of memory out of 5000000
 13352 multiletter control sequences out of 15000+600000
 19532 words of font info for 38 fonts, out of 8000000 for 9000
 36 hyphenation exceptions out of 8191
 41i,8n,41p,1595b,308s stack positions out of 5000i,500n,10000p,200000b,80000s
{/usr/share/texlive/texmf-dist/fonts/enc/dvips/base/
8r.enc} </home/felicitas/.texlive2018/texmf-var/fonts/pk/ljfour/jknappen/ec/ecr
m0800.600pk> </home/felicitas/.texlive2018/texmf-var/fonts/pk/ljfour/jknappen/e
c/ecrm0600.600pk> </home/felicitas/.texlive2018/texmf-var/fonts/pk/ljfour/jknap
pen/ec/ecrm0700.600pk> </home/felicitas/.texlive2018/texmf-var/fonts/pk/ljfour/
jknappen/ec/ecrm1000.600pk> </home/felicitas/.texlive2018/texmf-var/fonts/pk/lj
four/jknappen/ec/ecbx1440.600pk> </home/felicitas/.texlive2018/texmf-var/fonts/
pk/ljfour/jknappen/ec/ecbx2488.600pk></usr/share/texlive/texmf-dist/fonts/type1
/urw/palatino/uplb8a.pfb></usr/share/texlive/texmf-dist/fonts/type1/urw/palatin
o/uplr8a.pfb></usr/share/texlive/texmf-dist/fonts/type1/urw/palatino/uplri8a.pf
b>
Output written on DieHorusalt.pdf (100 pages, 1385062 bytes).
PDF statistics:
 516 PDF objects out of 1000 (max. 8388607)
 256 compressed objects within 3 object streams
 0 named destinations out of 1000 (max. 500000)
 6 words of extra memory for PDF output out of 10000 (max. 10000000)

