This is pdfTeX, Version 3.14159265-2.6-1.40.16 (TeX Live 2015/Debian) (preloaded format=pdflatex 2017.7.18)  19 JUL 2017 20:36
entering extended mode
 restricted \write18 enabled.
 %&-line parsing enabled.
**DieHorus.tex
(./DieHorus.tex
LaTeX2e <2016/02/01>
Babel <3.9q> and hyphenation patterns for 10 language(s) loaded.
(/usr/share/texlive/texmf-dist/tex/latex/base/book.cls
Document Class: book 2014/09/29 v1.4h Standard LaTeX document class
(/usr/share/texlive/texmf-dist/tex/latex/base/bk11.clo
File: bk11.clo 2014/09/29 v1.4h Standard LaTeX file (size option)
)
\c@part=\count79
\c@chapter=\count80
\c@section=\count81
\c@subsection=\count82
\c@subsubsection=\count83
\c@paragraph=\count84
\c@subparagraph=\count85
\c@figure=\count86
\c@table=\count87
\abovecaptionskip=\skip41
\belowcaptionskip=\skip42
\bibindent=\dimen102
)
(/usr/share/texlive/texmf-dist/tex/generic/babel/babel.sty
Package: babel 2016/02/24 3.9q The Babel package

(/usr/share/texlive/texmf-dist/tex/generic/babel-german/ngerman.ldf
Language: ngerman 2013/12/13 v2.7 German support for babel (new orthography)

(/usr/share/texlive/texmf-dist/tex/generic/babel-german/ngermanb.ldf
Language: ngermanb 2013/12/13 v2.7 German support for babel (new orthography)

(/usr/share/texlive/texmf-dist/tex/generic/babel/babel.def
File: babel.def 2016/02/24 3.9q Babel common definitions
\babel@savecnt=\count88
\U@D=\dimen103
)
\l@naustrian = a dialect from \language\l@ngerman 
\l@nswissgerman = a dialect from \language\l@ngerman 
Package babel Info: Making " an active character on input line 88.
)))
(/usr/share/texlive/texmf-dist/tex/latex/base/inputenc.sty
Package: inputenc 2015/03/17 v1.2c Input encoding file
\inpenc@prehook=\toks14
\inpenc@posthook=\toks15

(/usr/share/texlive/texmf-dist/tex/latex/base/utf8.def
File: utf8.def 2015/12/03 v1.1r UTF-8 support for inputenc
Now handling font encoding OML ...
... no UTF-8 mapping file for font encoding OML
Now handling font encoding T1 ...
... processing UTF-8 mapping file for font encoding T1

(/usr/share/texlive/texmf-dist/tex/latex/base/t1enc.dfu
File: t1enc.dfu 2015/12/03 v1.1r UTF-8 support for inputenc
   defining Unicode char U+00A0 (decimal 160)
   defining Unicode char U+00A1 (decimal 161)
   defining Unicode char U+00A3 (decimal 163)
   defining Unicode char U+00AB (decimal 171)
   defining Unicode char U+00AD (decimal 173)
   defining Unicode char U+00BB (decimal 187)
   defining Unicode char U+00BF (decimal 191)
   defining Unicode char U+00C0 (decimal 192)
   defining Unicode char U+00C1 (decimal 193)
   defining Unicode char U+00C2 (decimal 194)
   defining Unicode char U+00C3 (decimal 195)
   defining Unicode char U+00C4 (decimal 196)
   defining Unicode char U+00C5 (decimal 197)
   defining Unicode char U+00C6 (decimal 198)
   defining Unicode char U+00C7 (decimal 199)
   defining Unicode char U+00C8 (decimal 200)
   defining Unicode char U+00C9 (decimal 201)
   defining Unicode char U+00CA (decimal 202)
   defining Unicode char U+00CB (decimal 203)
   defining Unicode char U+00CC (decimal 204)
   defining Unicode char U+00CD (decimal 205)
   defining Unicode char U+00CE (decimal 206)
   defining Unicode char U+00CF (decimal 207)
   defining Unicode char U+00D0 (decimal 208)
   defining Unicode char U+00D1 (decimal 209)
   defining Unicode char U+00D2 (decimal 210)
   defining Unicode char U+00D3 (decimal 211)
   defining Unicode char U+00D4 (decimal 212)
   defining Unicode char U+00D5 (decimal 213)
   defining Unicode char U+00D6 (decimal 214)
   defining Unicode char U+00D8 (decimal 216)
   defining Unicode char U+00D9 (decimal 217)
   defining Unicode char U+00DA (decimal 218)
   defining Unicode char U+00DB (decimal 219)
   defining Unicode char U+00DC (decimal 220)
   defining Unicode char U+00DD (decimal 221)
   defining Unicode char U+00DE (decimal 222)
   defining Unicode char U+00DF (decimal 223)
   defining Unicode char U+00E0 (decimal 224)
   defining Unicode char U+00E1 (decimal 225)
   defining Unicode char U+00E2 (decimal 226)
   defining Unicode char U+00E3 (decimal 227)
   defining Unicode char U+00E4 (decimal 228)
   defining Unicode char U+00E5 (decimal 229)
   defining Unicode char U+00E6 (decimal 230)
   defining Unicode char U+00E7 (decimal 231)
   defining Unicode char U+00E8 (decimal 232)
   defining Unicode char U+00E9 (decimal 233)
   defining Unicode char U+00EA (decimal 234)
   defining Unicode char U+00EB (decimal 235)
   defining Unicode char U+00EC (decimal 236)
   defining Unicode char U+00ED (decimal 237)
   defining Unicode char U+00EE (decimal 238)
   defining Unicode char U+00EF (decimal 239)
   defining Unicode char U+00F0 (decimal 240)
   defining Unicode char U+00F1 (decimal 241)
   defining Unicode char U+00F2 (decimal 242)
   defining Unicode char U+00F3 (decimal 243)
   defining Unicode char U+00F4 (decimal 244)
   defining Unicode char U+00F5 (decimal 245)
   defining Unicode char U+00F6 (decimal 246)
   defining Unicode char U+00F8 (decimal 248)
   defining Unicode char U+00F9 (decimal 249)
   defining Unicode char U+00FA (decimal 250)
   defining Unicode char U+00FB (decimal 251)
   defining Unicode char U+00FC (decimal 252)
   defining Unicode char U+00FD (decimal 253)
   defining Unicode char U+00FE (decimal 254)
   defining Unicode char U+00FF (decimal 255)
   defining Unicode char U+0100 (decimal 256)
   defining Unicode char U+0101 (decimal 257)
   defining Unicode char U+0102 (decimal 258)
   defining Unicode char U+0103 (decimal 259)
   defining Unicode char U+0104 (decimal 260)
   defining Unicode char U+0105 (decimal 261)
   defining Unicode char U+0106 (decimal 262)
   defining Unicode char U+0107 (decimal 263)
   defining Unicode char U+0108 (decimal 264)
   defining Unicode char U+0109 (decimal 265)
   defining Unicode char U+010A (decimal 266)
   defining Unicode char U+010B (decimal 267)
   defining Unicode char U+010C (decimal 268)
   defining Unicode char U+010D (decimal 269)
   defining Unicode char U+010E (decimal 270)
   defining Unicode char U+010F (decimal 271)
   defining Unicode char U+0110 (decimal 272)
   defining Unicode char U+0111 (decimal 273)
   defining Unicode char U+0112 (decimal 274)
   defining Unicode char U+0113 (decimal 275)
   defining Unicode char U+0114 (decimal 276)
   defining Unicode char U+0115 (decimal 277)
   defining Unicode char U+0116 (decimal 278)
   defining Unicode char U+0117 (decimal 279)
   defining Unicode char U+0118 (decimal 280)
   defining Unicode char U+0119 (decimal 281)
   defining Unicode char U+011A (decimal 282)
   defining Unicode char U+011B (decimal 283)
   defining Unicode char U+011C (decimal 284)
   defining Unicode char U+011D (decimal 285)
   defining Unicode char U+011E (decimal 286)
   defining Unicode char U+011F (decimal 287)
   defining Unicode char U+0120 (decimal 288)
   defining Unicode char U+0121 (decimal 289)
   defining Unicode char U+0122 (decimal 290)
   defining Unicode char U+0123 (decimal 291)
   defining Unicode char U+0124 (decimal 292)
   defining Unicode char U+0125 (decimal 293)
   defining Unicode char U+0128 (decimal 296)
   defining Unicode char U+0129 (decimal 297)
   defining Unicode char U+012A (decimal 298)
   defining Unicode char U+012B (decimal 299)
   defining Unicode char U+012C (decimal 300)
   defining Unicode char U+012D (decimal 301)
   defining Unicode char U+012E (decimal 302)
   defining Unicode char U+012F (decimal 303)
   defining Unicode char U+0130 (decimal 304)
   defining Unicode char U+0131 (decimal 305)
   defining Unicode char U+0132 (decimal 306)
   defining Unicode char U+0133 (decimal 307)
   defining Unicode char U+0134 (decimal 308)
   defining Unicode char U+0135 (decimal 309)
   defining Unicode char U+0136 (decimal 310)
   defining Unicode char U+0137 (decimal 311)
   defining Unicode char U+0139 (decimal 313)
   defining Unicode char U+013A (decimal 314)
   defining Unicode char U+013B (decimal 315)
   defining Unicode char U+013C (decimal 316)
   defining Unicode char U+013D (decimal 317)
   defining Unicode char U+013E (decimal 318)
   defining Unicode char U+0141 (decimal 321)
   defining Unicode char U+0142 (decimal 322)
   defining Unicode char U+0143 (decimal 323)
   defining Unicode char U+0144 (decimal 324)
   defining Unicode char U+0145 (decimal 325)
   defining Unicode char U+0146 (decimal 326)
   defining Unicode char U+0147 (decimal 327)
   defining Unicode char U+0148 (decimal 328)
   defining Unicode char U+014A (decimal 330)
   defining Unicode char U+014B (decimal 331)
   defining Unicode char U+014C (decimal 332)
   defining Unicode char U+014D (decimal 333)
   defining Unicode char U+014E (decimal 334)
   defining Unicode char U+014F (decimal 335)
   defining Unicode char U+0150 (decimal 336)
   defining Unicode char U+0151 (decimal 337)
   defining Unicode char U+0152 (decimal 338)
   defining Unicode char U+0153 (decimal 339)
   defining Unicode char U+0154 (decimal 340)
   defining Unicode char U+0155 (decimal 341)
   defining Unicode char U+0156 (decimal 342)
   defining Unicode char U+0157 (decimal 343)
   defining Unicode char U+0158 (decimal 344)
   defining Unicode char U+0159 (decimal 345)
   defining Unicode char U+015A (decimal 346)
   defining Unicode char U+015B (decimal 347)
   defining Unicode char U+015C (decimal 348)
   defining Unicode char U+015D (decimal 349)
   defining Unicode char U+015E (decimal 350)
   defining Unicode char U+015F (decimal 351)
   defining Unicode char U+0160 (decimal 352)
   defining Unicode char U+0161 (decimal 353)
   defining Unicode char U+0162 (decimal 354)
   defining Unicode char U+0163 (decimal 355)
   defining Unicode char U+0164 (decimal 356)
   defining Unicode char U+0165 (decimal 357)
   defining Unicode char U+0168 (decimal 360)
   defining Unicode char U+0169 (decimal 361)
   defining Unicode char U+016A (decimal 362)
   defining Unicode char U+016B (decimal 363)
   defining Unicode char U+016C (decimal 364)
   defining Unicode char U+016D (decimal 365)
   defining Unicode char U+016E (decimal 366)
   defining Unicode char U+016F (decimal 367)
   defining Unicode char U+0170 (decimal 368)
   defining Unicode char U+0171 (decimal 369)
   defining Unicode char U+0172 (decimal 370)
   defining Unicode char U+0173 (decimal 371)
   defining Unicode char U+0174 (decimal 372)
   defining Unicode char U+0175 (decimal 373)
   defining Unicode char U+0176 (decimal 374)
   defining Unicode char U+0177 (decimal 375)
   defining Unicode char U+0178 (decimal 376)
   defining Unicode char U+0179 (decimal 377)
   defining Unicode char U+017A (decimal 378)
   defining Unicode char U+017B (decimal 379)
   defining Unicode char U+017C (decimal 380)
   defining Unicode char U+017D (decimal 381)
   defining Unicode char U+017E (decimal 382)
   defining Unicode char U+01CD (decimal 461)
   defining Unicode char U+01CE (decimal 462)
   defining Unicode char U+01CF (decimal 463)
   defining Unicode char U+01D0 (decimal 464)
   defining Unicode char U+01D1 (decimal 465)
   defining Unicode char U+01D2 (decimal 466)
   defining Unicode char U+01D3 (decimal 467)
   defining Unicode char U+01D4 (decimal 468)
   defining Unicode char U+01E2 (decimal 482)
   defining Unicode char U+01E3 (decimal 483)
   defining Unicode char U+01E6 (decimal 486)
   defining Unicode char U+01E7 (decimal 487)
   defining Unicode char U+01E8 (decimal 488)
   defining Unicode char U+01E9 (decimal 489)
   defining Unicode char U+01EA (decimal 490)
   defining Unicode char U+01EB (decimal 491)
   defining Unicode char U+01F0 (decimal 496)
   defining Unicode char U+01F4 (decimal 500)
   defining Unicode char U+01F5 (decimal 501)
   defining Unicode char U+0218 (decimal 536)
   defining Unicode char U+0219 (decimal 537)
   defining Unicode char U+021A (decimal 538)
   defining Unicode char U+021B (decimal 539)
   defining Unicode char U+01E02 (decimal 7682)
   defining Unicode char U+01E03 (decimal 7683)
   defining Unicode char U+200C (decimal 8204)
   defining Unicode char U+2013 (decimal 8211)
   defining Unicode char U+2014 (decimal 8212)
   defining Unicode char U+2018 (decimal 8216)
   defining Unicode char U+2019 (decimal 8217)
   defining Unicode char U+201A (decimal 8218)
   defining Unicode char U+201C (decimal 8220)
   defining Unicode char U+201D (decimal 8221)
   defining Unicode char U+201E (decimal 8222)
   defining Unicode char U+2030 (decimal 8240)
   defining Unicode char U+2031 (decimal 8241)
   defining Unicode char U+2039 (decimal 8249)
   defining Unicode char U+203A (decimal 8250)
   defining Unicode char U+2423 (decimal 9251)
)
Now handling font encoding OT1 ...
... processing UTF-8 mapping file for font encoding OT1

(/usr/share/texlive/texmf-dist/tex/latex/base/ot1enc.dfu
File: ot1enc.dfu 2015/12/03 v1.1r UTF-8 support for inputenc
   defining Unicode char U+00A0 (decimal 160)
   defining Unicode char U+00A1 (decimal 161)
   defining Unicode char U+00A3 (decimal 163)
   defining Unicode char U+00AD (decimal 173)
   defining Unicode char U+00B8 (decimal 184)
   defining Unicode char U+00BF (decimal 191)
   defining Unicode char U+00C5 (decimal 197)
   defining Unicode char U+00C6 (decimal 198)
   defining Unicode char U+00D8 (decimal 216)
   defining Unicode char U+00DF (decimal 223)
   defining Unicode char U+00E6 (decimal 230)
   defining Unicode char U+00EC (decimal 236)
   defining Unicode char U+00ED (decimal 237)
   defining Unicode char U+00EE (decimal 238)
   defining Unicode char U+00EF (decimal 239)
   defining Unicode char U+00F8 (decimal 248)
   defining Unicode char U+0131 (decimal 305)
   defining Unicode char U+0141 (decimal 321)
   defining Unicode char U+0142 (decimal 322)
   defining Unicode char U+0152 (decimal 338)
   defining Unicode char U+0153 (decimal 339)
   defining Unicode char U+0174 (decimal 372)
   defining Unicode char U+0175 (decimal 373)
   defining Unicode char U+0176 (decimal 374)
   defining Unicode char U+0177 (decimal 375)
   defining Unicode char U+0218 (decimal 536)
   defining Unicode char U+0219 (decimal 537)
   defining Unicode char U+021A (decimal 538)
   defining Unicode char U+021B (decimal 539)
   defining Unicode char U+2013 (decimal 8211)
   defining Unicode char U+2014 (decimal 8212)
   defining Unicode char U+2018 (decimal 8216)
   defining Unicode char U+2019 (decimal 8217)
   defining Unicode char U+201C (decimal 8220)
   defining Unicode char U+201D (decimal 8221)
)
Now handling font encoding OMS ...
... processing UTF-8 mapping file for font encoding OMS

(/usr/share/texlive/texmf-dist/tex/latex/base/omsenc.dfu
File: omsenc.dfu 2015/12/03 v1.1r UTF-8 support for inputenc
   defining Unicode char U+00A7 (decimal 167)
   defining Unicode char U+00B6 (decimal 182)
   defining Unicode char U+00B7 (decimal 183)
   defining Unicode char U+2020 (decimal 8224)
   defining Unicode char U+2021 (decimal 8225)
   defining Unicode char U+2022 (decimal 8226)
)
Now handling font encoding OMX ...
... no UTF-8 mapping file for font encoding OMX
Now handling font encoding U ...
... no UTF-8 mapping file for font encoding U
   defining Unicode char U+00A9 (decimal 169)
   defining Unicode char U+00AA (decimal 170)
   defining Unicode char U+00AE (decimal 174)
   defining Unicode char U+00BA (decimal 186)
   defining Unicode char U+02C6 (decimal 710)
   defining Unicode char U+02DC (decimal 732)
   defining Unicode char U+200C (decimal 8204)
   defining Unicode char U+2026 (decimal 8230)
   defining Unicode char U+2122 (decimal 8482)
   defining Unicode char U+2423 (decimal 9251)
))
(/usr/share/texlive/texmf-dist/tex/latex/base/fontenc.sty
Package: fontenc 2005/09/27 v1.99g Standard LaTeX package

(/usr/share/texlive/texmf-dist/tex/latex/base/t1enc.def
File: t1enc.def 2005/09/27 v1.99g Standard LaTeX file
LaTeX Font Info:    Redeclaring font encoding T1 on input line 48.
))
(/usr/share/texlive/texmf-dist/tex/latex/graphics/graphicx.sty
Package: graphicx 2014/10/28 v1.0g Enhanced LaTeX Graphics (DPC,SPQR)

(/usr/share/texlive/texmf-dist/tex/latex/graphics/keyval.sty
Package: keyval 2014/10/28 v1.15 key=value parser (DPC)
\KV@toks@=\toks16
)
(/usr/share/texlive/texmf-dist/tex/latex/graphics/graphics.sty
Package: graphics 2016/01/03 v1.0q Standard LaTeX Graphics (DPC,SPQR)

(/usr/share/texlive/texmf-dist/tex/latex/graphics/trig.sty
Package: trig 2016/01/03 v1.10 sin cos tan (DPC)
)
(/usr/share/texlive/texmf-dist/tex/latex/latexconfig/graphics.cfg
File: graphics.cfg 2010/04/23 v1.9 graphics configuration of TeX Live
)
Package graphics Info: Driver file: pdftex.def on input line 95.

(/usr/share/texlive/texmf-dist/tex/latex/pdftex-def/pdftex.def
File: pdftex.def 2011/05/27 v0.06d Graphics/color for pdfTeX

(/usr/share/texlive/texmf-dist/tex/generic/oberdiek/infwarerr.sty
Package: infwarerr 2010/04/08 v1.3 Providing info/warning/error messages (HO)
)
(/usr/share/texlive/texmf-dist/tex/generic/oberdiek/ltxcmds.sty
Package: ltxcmds 2011/11/09 v1.22 LaTeX kernel commands for general use (HO)
)
\Gread@gobject=\count89
))
\Gin@req@height=\dimen104
\Gin@req@width=\dimen105
)
(/usr/share/texlive/texmf-dist/tex/latex/geometry/geometry.sty
Package: geometry 2010/09/12 v5.6 Page Geometry

(/usr/share/texlive/texmf-dist/tex/generic/oberdiek/ifpdf.sty
Package: ifpdf 2011/01/30 v2.3 Provides the ifpdf switch (HO)
Package ifpdf Info: pdfTeX in PDF mode is detected.
)
(/usr/share/texlive/texmf-dist/tex/generic/oberdiek/ifvtex.sty
Package: ifvtex 2010/03/01 v1.5 Detect VTeX and its facilities (HO)
Package ifvtex Info: VTeX not detected.
)
(/usr/share/texlive/texmf-dist/tex/generic/ifxetex/ifxetex.sty
Package: ifxetex 2010/09/12 v0.6 Provides ifxetex conditional
)
\Gm@cnth=\count90
\Gm@cntv=\count91
\c@Gm@tempcnt=\count92
\Gm@bindingoffset=\dimen106
\Gm@wd@mp=\dimen107
\Gm@odd@mp=\dimen108
\Gm@even@mp=\dimen109
\Gm@layoutwidth=\dimen110
\Gm@layoutheight=\dimen111
\Gm@layouthoffset=\dimen112
\Gm@layoutvoffset=\dimen113
\Gm@dimlist=\toks17
)
(/usr/share/texlive/texmf-dist/tex/latex/pstricks/pstricks.sty
Package: pstricks 2015/11/14 v0.62 LaTeX wrapper for `PSTricks' (RN,HV)

(/usr/share/texlive/texmf-dist/tex/latex/xcolor/xcolor.sty
Package: xcolor 2007/01/21 v2.11 LaTeX color extensions (UK)

(/usr/share/texlive/texmf-dist/tex/latex/latexconfig/color.cfg
File: color.cfg 2007/01/18 v1.5 color configuration of teTeX/TeXLive
)
Package xcolor Info: Driver file: pdftex.def on input line 225.
Package xcolor Info: Model `cmy' substituted by `cmy0' on input line 1337.
Package xcolor Info: Model `hsb' substituted by `rgb' on input line 1341.
Package xcolor Info: Model `RGB' extended on input line 1353.
Package xcolor Info: Model `HTML' substituted by `rgb' on input line 1355.
Package xcolor Info: Model `Hsb' substituted by `hsb' on input line 1356.
Package xcolor Info: Model `tHsb' substituted by `hsb' on input line 1357.
Package xcolor Info: Model `HSB' substituted by `hsb' on input line 1358.
Package xcolor Info: Model `Gray' substituted by `gray' on input line 1359.
Package xcolor Info: Model `wave' substituted by `hsb' on input line 1360.
)
(/usr/share/texlive/texmf-dist/tex/generic/pstricks/pstricks.tex
(/usr/share/texlive/texmf-dist/tex/generic/xkeyval/pst-xkey.tex
File: pst-xkey.tex 2005/11/25 v1.6 PSTricks specialization of xkeyval (HA)

(/usr/share/texlive/texmf-dist/tex/latex/xkeyval/xkeyval.sty
Package: xkeyval 2014/12/03 v2.7a package option processing (HA)

(/usr/share/texlive/texmf-dist/tex/generic/xkeyval/xkeyval.tex
(/usr/share/texlive/texmf-dist/tex/generic/xkeyval/xkvutils.tex
\XKV@toks=\toks18
\XKV@tempa@toks=\toks19
)
\XKV@depth=\count93
File: xkeyval.tex 2014/12/03 v2.7a key=value parser (HA)
)))
(/usr/share/texlive/texmf-dist/tex/generic/pstricks/pst-fp.tex
`pst-fp' v0.05, 2010/01/17 (hv)
\pstFP@xs=\count94
\pstFP@xia=\count95
\pstFP@xib=\count96
\pstFP@xfa=\count97
\pstFP@xfb=\count98
\pstFP@rega=\count99
\pstFP@regb=\count100
\pstFP@regs=\count101
\pstFP@times=\count102
)
(/usr/share/texlive/texmf-dist/tex/generic/pgf/utilities/pgfutil-common.tex
\pgfutil@everybye=\toks20
\pgfutil@tempdima=\dimen114
\pgfutil@tempdimb=\dimen115

(/usr/share/texlive/texmf-dist/tex/generic/pgf/utilities/pgfutil-common-lists.t
ex)) (/usr/share/texlive/texmf-dist/tex/generic/pgf/utilities/pgfkeys.code.tex
\pgfkeys@pathtoks=\toks21
\pgfkeys@temptoks=\toks22

(/usr/share/texlive/texmf-dist/tex/generic/pgf/utilities/pgfkeysfiltered.code.t
ex
\pgfkeys@tmptoks=\toks23
)) (/usr/share/texlive/texmf-dist/tex/generic/pgf/utilities/pgffor.code.tex
(/usr/share/texlive/texmf-dist/tex/generic/pgf/math/pgfmath.code.tex
(/usr/share/texlive/texmf-dist/tex/generic/pgf/math/pgfmathcalc.code.tex
(/usr/share/texlive/texmf-dist/tex/generic/pgf/math/pgfmathutil.code.tex
\pgf@x=\dimen116
\pgf@xa=\dimen117
\pgf@xb=\dimen118
\pgf@xc=\dimen119
\pgf@y=\dimen120
\pgf@ya=\dimen121
\pgf@yb=\dimen122
\pgf@yc=\dimen123
\c@pgf@counta=\count103
\c@pgf@countb=\count104
\c@pgf@countc=\count105
\c@pgf@countd=\count106
\pgfutil@tempcnta=\count107
\pgfutil@tempcntb=\count108
)
(/usr/share/texlive/texmf-dist/tex/generic/pgf/math/pgfmathparser.code.tex
\pgfmath@dimen=\dimen124
\pgfmath@count=\count109
\pgfmath@box=\box26
\pgfmath@toks=\toks24
\pgfmath@stack@operand=\toks25
\pgfmath@stack@operation=\toks26
)
(/usr/share/texlive/texmf-dist/tex/generic/pgf/math/pgfmathfunctions.code.tex
(/usr/share/texlive/texmf-dist/tex/generic/pgf/math/pgfmathfunctions.basic.code
.tex)
(/usr/share/texlive/texmf-dist/tex/generic/pgf/math/pgfmathfunctions.trigonomet
ric.code.tex)
(/usr/share/texlive/texmf-dist/tex/generic/pgf/math/pgfmathfunctions.random.cod
e.tex)
(/usr/share/texlive/texmf-dist/tex/generic/pgf/math/pgfmathfunctions.comparison
.code.tex)
(/usr/share/texlive/texmf-dist/tex/generic/pgf/math/pgfmathfunctions.base.code.
tex)
(/usr/share/texlive/texmf-dist/tex/generic/pgf/math/pgfmathfunctions.round.code
.tex)
(/usr/share/texlive/texmf-dist/tex/generic/pgf/math/pgfmathfunctions.misc.code.
tex)
(/usr/share/texlive/texmf-dist/tex/generic/pgf/math/pgfmathfunctions.integerari
thmetics.code.tex)))
(/usr/share/texlive/texmf-dist/tex/generic/pgf/math/pgfmathfloat.code.tex
\c@pgfmathroundto@lastzeros=\count110
))
\pgffor@iter=\dimen125
\pgffor@skip=\dimen126
\pgffor@stack=\toks27
\pgffor@toks=\toks28
)
\psLoopIndex=\count111

`PSTricks' v2.64b  <2015/14/11> (tvz)
\pst@dima=\dimen127
\pst@dimb=\dimen128
\pst@dimc=\dimen129
\pst@dimd=\dimen130
\pst@dimg=\dimen131
\pst@dimh=\dimen132
\pst@dimm=\dimen133
\pst@dimn=\dimen134
\pst@dimo=\dimen135
\pst@dimp=\dimen136
\pst@hbox=\box27
\pst@ibox=\box28
\pst@boxg=\box29
\pst@cnta=\count112
\pst@cntb=\count113
\pst@cntc=\count114
\pst@cntd=\count115
\pst@cntg=\count116
\pst@cnth=\count117
\pst@cntm=\count118
\pst@cntn=\count119
\pst@cnto=\count120
\pst@cntp=\count121
\@zero=\count122
\pst@toks=\toks29
(/usr/share/texlive/texmf-dist/tex/generic/pstricks/pstricks.con)
\psunit=\dimen137
\psxunit=\dimen138
\psyunit=\dimen139
\pst@C@@rType=\count123
\pslinewidth=\dimen140
\psk@startLW=\dimen141
\psk@endLW=\dimen142
\pst@customdefs=\toks30
\pslinearc=\dimen143
\pst@symbolStep=\dimen144
\pst@symbolWidth=\dimen145
\pst@symbolLinewidth=\dimen146
\everypsbox=\toks31
\psframesep=\dimen147
\pslabelsep=\dimen148
\sh@wgridXunit=\dimen149
\sh@wgridYunit=\dimen150
\pst@shift=\dimen151
)
File: pstricks.tex 2015/14/11 v2.64b `PSTricks' (tvz,hv)

(/usr/share/texlive/texmf-dist/tex/generic/pstricks/pst-fp.tex)
File: pst-fp.tex 2015/14/11 v2.64b `PST-fp' (hv)
)
(./DieHorus.aux)
\openout1 = `DieHorus.aux'.

LaTeX Font Info:    Checking defaults for OML/cmm/m/it on input line 47.
LaTeX Font Info:    ... okay on input line 47.
LaTeX Font Info:    Checking defaults for T1/cmr/m/n on input line 47.
LaTeX Font Info:    ... okay on input line 47.
LaTeX Font Info:    Checking defaults for OT1/cmr/m/n on input line 47.
LaTeX Font Info:    ... okay on input line 47.
LaTeX Font Info:    Checking defaults for OMS/cmsy/m/n on input line 47.
LaTeX Font Info:    ... okay on input line 47.
LaTeX Font Info:    Checking defaults for OMX/cmex/m/n on input line 47.
LaTeX Font Info:    ... okay on input line 47.
LaTeX Font Info:    Checking defaults for U/cmr/m/n on input line 47.
LaTeX Font Info:    ... okay on input line 47.
 (/usr/share/texlive/texmf-dist/tex/context/base/supp-pdf.mkii
[Loading MPS to PDF converter (version 2006.09.02).]
\scratchcounter=\count124
\scratchdimen=\dimen152
\scratchbox=\box30
\nofMPsegments=\count125
\nofMParguments=\count126
\everyMPshowfont=\toks32
\MPscratchCnt=\count127
\MPscratchDim=\dimen153
\MPnumerator=\count128
\makeMPintoPDFobject=\count129
\everyMPtoPDFconversion=\toks33
) (/usr/share/texlive/texmf-dist/tex/generic/oberdiek/pdftexcmds.sty
Package: pdftexcmds 2011/11/29 v0.20 Utility functions of pdfTeX for LuaTeX (HO
)

(/usr/share/texlive/texmf-dist/tex/generic/oberdiek/ifluatex.sty
Package: ifluatex 2010/03/01 v1.3 Provides the ifluatex switch (HO)
Package ifluatex Info: LuaTeX not detected.
)
Package pdftexcmds Info: LuaTeX not detected.
Package pdftexcmds Info: \pdf@primitive is available.
Package pdftexcmds Info: \pdf@ifprimitive is available.
Package pdftexcmds Info: \pdfdraftmode found.
)
(/usr/share/texlive/texmf-dist/tex/latex/oberdiek/epstopdf-base.sty
Package: epstopdf-base 2010/02/09 v2.5 Base part for package epstopdf

(/usr/share/texlive/texmf-dist/tex/latex/oberdiek/grfext.sty
Package: grfext 2010/08/19 v1.1 Manage graphics extensions (HO)

(/usr/share/texlive/texmf-dist/tex/generic/oberdiek/kvdefinekeys.sty
Package: kvdefinekeys 2011/04/07 v1.3 Define keys (HO)
))
(/usr/share/texlive/texmf-dist/tex/latex/oberdiek/kvoptions.sty
Package: kvoptions 2011/06/30 v3.11 Key value format for package options (HO)

(/usr/share/texlive/texmf-dist/tex/generic/oberdiek/kvsetkeys.sty
Package: kvsetkeys 2012/04/25 v1.16 Key value parser (HO)

(/usr/share/texlive/texmf-dist/tex/generic/oberdiek/etexcmds.sty
Package: etexcmds 2011/02/16 v1.5 Avoid name clashes with e-TeX commands (HO)
Package etexcmds Info: Could not find \expanded.
(etexcmds)             That can mean that you are not using pdfTeX 1.50 or
(etexcmds)             that some package has redefined \expanded.
(etexcmds)             In the latter case, load this package earlier.
)))
Package grfext Info: Graphics extension search list:
(grfext)             [.png,.pdf,.jpg,.mps,.jpeg,.jbig2,.jb2,.PNG,.PDF,.JPG,.JPE
G,.JBIG2,.JB2,.eps]
(grfext)             \AppendGraphicsExtensions on input line 452.

(/usr/share/texlive/texmf-dist/tex/latex/latexconfig/epstopdf-sys.cfg
File: epstopdf-sys.cfg 2010/07/13 v1.3 Configuration of (r)epstopdf for TeX Liv
e
))
*geometry* driver: auto-detecting
*geometry* detected driver: pdftex
*geometry* verbose mode - [ preamble ] result:
* driver: pdftex
* paper: a5paper
* layout: <same size as paper>
* layoutoffset:(h,v)=(0.0pt,0.0pt)
* modes: twoside 
* h-part:(L,W,R)=(71.13188pt, 293.0634pt, 56.9055pt)
* v-part:(T,H,B)=(56.9055pt, 441.01773pt, 99.58464pt)
* \paperwidth=421.10078pt
* \paperheight=597.50787pt
* \textwidth=293.0634pt
* \textheight=441.01773pt
* \oddsidemargin=-1.1381pt
* \evensidemargin=-15.36449pt
* \topmargin=-47.23828pt
* \headheight=12.0pt
* \headsep=19.8738pt
* \topskip=11.0pt
* \footskip=27.46295pt
* \marginparwidth=51.0pt
* \marginparsep=7.0pt
* \columnsep=10.0pt
* \skip\footins=10.0pt plus 4.0pt minus 2.0pt
* \hoffset=0.0pt
* \voffset=0.0pt
* \mag=1000
* \@twocolumnfalse
* \@twosidetrue
* \@mparswitchtrue
* \@reversemarginfalse
* (1in=72.27pt=25.4mm, 1cm=28.453pt)

LaTeX Font Info:    Try loading font information for T1+ppl on input line 52.
(/usr/share/texlive/texmf-dist/tex/latex/psnfss/t1ppl.fd
File: t1ppl.fd 2001/06/04 font definitions for T1/ppl.
)
<Titel-Hell.jpg, id=1, 389.2944pt x 480.8364pt>
File: Titel-Hell.jpg Graphic file (type jpg)
 <use Titel-Hell.jpg>
Package pdftex.def Info: Titel-Hell.jpg used on input line 62.
(pdftex.def)             Requested size: 421.10886pt x 597.52962pt.
 [1
Non-PDF special ignored!
Non-PDF special ignored!
Non-PDF special ignored!
Non-PDF special ignored!


Non-PDF special ignored!
Non-PDF special ignored!
Non-PDF special ignored!


Non-PDF special ignored!
Non-PDF special ignored!{/var/lib/texmf/fonts/map/pdftex/updmap/pdftex.map} <./
Titel-Hell.jpg>] [2

] [3] [4

]
LaTeX Font Info:    External font `cmex10' loaded for size
(Font)              <10.95> on input line 122.
LaTeX Font Info:    External font `cmex10' loaded for size
(Font)              <8> on input line 122.
LaTeX Font Info:    External font `cmex10' loaded for size
(Font)              <6> on input line 122.
LaTeX Font Info:    External font `cmex10' loaded for size
(Font)              <9> on input line 122.
LaTeX Font Info:    External font `cmex10' loaded for size
(Font)              <5> on input line 122.
 [5] [6] [7] [8] [9] [10] [11] [12]
Underfull \hbox (badness 1009) in paragraph at lines 194--195
\T1/ppl/m/n/10.95 de Trans-port. Sind dr do z Ba-sel au pa-rat?^^P ^^RWir sind
 []


Underfull \vbox (badness 10000) has occurred while \output is active []

 [13]
[14] [15] [16

] [17] [18] [19

] [20] [21]
Underfull \vbox (badness 1527) has occurred while \output is active []

 [22]
[23] [24] [25] [26]
Underfull \vbox (badness 10000) has occurred while \output is active []

 [27]
[28] [29] [30]
Underfull \vbox (badness 1231) has occurred while \output is active []

 [31]
[32] [33] [34] [35] [36] [37] [38] [39] [40] [41] [42] [43] [44] [45] [46]
[47] [48] [49

] [50] [51] [52] [53] [54] [55] [56] [57

] [58] [59

] [60] [61]
[62] [63] [64] [65] [66] [67]
Underfull \hbox (badness 1259) in paragraph at lines 574--575
[]\T1/ppl/m/n/10.95 ^^RArme Amé-lie^^P seufz-te sie. ^^RWas hast du her-aus-ge-
fun-
 []

[68]
Underfull \vbox (badness 4391) has occurred while \output is active []

 [69]
[70]
Underfull \hbox (badness 1163) in paragraph at lines 601--602
[]\T1/ppl/m/n/10.95 Nachdem der wil-de Mann wie-der in den Bü-schen ver-
 []

[71] [72] [73] [74] [75] [76]
Underfull \hbox (badness 1194) in paragraph at lines 668--669
\T1/ppl/m/n/10.95 -'Was machst du hier?' Wäh-rend die Wor-te in Dua-mu-
 []

[77] [78] [79] [80] [81

] [82]
Underfull \hbox (badness 1052) in paragraph at lines 731--732
[]\T1/ppl/m/n/10.95 Isis be-trat das Zim-mer ih-res Man-nes. Ei-ne gan-ze Schar

 []

[83] [84] [85] [86] [87]
Underfull \hbox (badness 1092) in paragraph at lines 782--783
[]\T1/ppl/m/n/10.95 Amélie at-me-te tief ein. Sie sah die schwach er-leuch-te-t
e
 []

[88]
Underfull \hbox (badness 2103) in paragraph at lines 786--787
[]\T1/ppl/m/n/10.95 Plötzlich be-rühr-te et-was har-tes, spit-zes ih-ren Fuss. 
Sie
 []

[89] [90] [91] [92] [93] [94] [95] [96] [97] [98] [99] [100] [101] [102]
[103] [104] [105] [106] [107] [108] [109

] [110] [111

] [112] [113]
Underfull \vbox (badness 10000) has occurred while \output is active []

 [114]
[115] [116] [117] [118] [119]
Underfull \vbox (badness 10000) has occurred while \output is active []

 [120]
[121] [122] [123]
Underfull \vbox (badness 10000) has occurred while \output is active []

 [124]
[125] [126] [127] [128] [129] [130] [131] [132] [133] [134] [135]
Underfull \hbox (badness 1122) in paragraph at lines 1181--1182
[]\T1/ppl/m/n/10.95 ^^RSchätzchen, ich ha-be da was für dich. Du musst dich
 []

[136] [137] [138] [139

] [140] [141] [142] [143] [144] [145] [146] [147]
[148] [149]
Underfull \hbox (badness 1072) in paragraph at lines 1278--1279
\T1/ppl/m/n/10.95 war ne-ben Amé-lie ge-tre-ten und wies auf die häss-li-che,
 []

[150]
Underfull \vbox (badness 1231) has occurred while \output is active []

 [151]
[152] [153] [154] [155] [156] [157] [158] [159]
LaTeX Font Info:    Try loading font information for T1+cmtt on input line 1341
.

(/usr/share/texlive/texmf-dist/tex/latex/base/t1cmtt.fd
File: t1cmtt.fd 2014/09/29 v2.5h Standard LaTeX font definitions
) [160] [161

] [162]
[163

] [164

] [165] [166

] [167] [168] [169

] [170

] [171] [172

] [173] [174]
[175

] [176

] [177] [178

]
Underfull \hbox (badness 10000) in paragraph at lines 1391--1392
\T1/cmtt/m/n/10.95 Dies ist die Geschichte einer Reisegruppe. Da diese
 []


Underfull \hbox (badness 10000) in paragraph at lines 1391--1392
\T1/cmtt/m/n/10.95 Reisegruppe aus Göttern der alten ägyptischen
 []


Underfull \hbox (badness 10000) in paragraph at lines 1391--1392
\T1/cmtt/m/n/10.95 Pharaonenzeit besteht, die das schöne Basel
 []


Underfull \hbox (badness 10000) in paragraph at lines 1391--1392
\T1/cmtt/m/n/10.95 in der Schweiz des 21. Jahrhunderts besuchen,
 []


Underfull \hbox (badness 10000) in paragraph at lines 1391--1392
\T1/cmtt/m/n/10.95 handelt es sich um eine ungewöhnliche Reise und
 []


Underfull \hbox (badness 10000) in paragraph at lines 1393--1394
[]\T1/cmtt/m/n/10.95 Alle Götter lieben es kreativ und innovativ zu
 []


Underfull \hbox (badness 10000) in paragraph at lines 1393--1394
\T1/cmtt/m/n/10.95 sein, deshalb beginnen sie stets mit dem Anfang,
 []


Underfull \hbox (badness 10000) in paragraph at lines 1395--1396
[]\T1/cmtt/m/n/10.95 Das All! Nicht das All, das wir kennen mit all
 []


Underfull \hbox (badness 10000) in paragraph at lines 1395--1396
\T1/cmtt/m/n/10.95 den Lichtern und Blinkesternen, sondern das All
 []


Underfull \hbox (badness 10000) in paragraph at lines 1395--1396
\T1/cmtt/m/n/10.95 vor Urzeiten, jung und neu. Wir sitzen in einem
 []


Underfull \hbox (badness 10000) in paragraph at lines 1395--1396
\T1/cmtt/m/n/10.95 Raumschiff und beobachten, was passiert. Es ist
 []


Underfull \hbox (badness 10000) in paragraph at lines 1395--1396
\T1/cmtt/m/n/10.95 dunkel, wie in Mutters Schoss. Die Panoramascheibe
 []


Underfull \hbox (badness 10000) in paragraph at lines 1395--1396
\T1/cmtt/m/n/10.95 unseres Raumschiffes ist auf Nachsicht eingestellt.
 []


Underfull \hbox (badness 10000) in paragraph at lines 1395--1396
\T1/cmtt/m/n/10.95 Alter Astronautentrick, um die Geburt von Planeten
 []


Underfull \hbox (badness 10000) in paragraph at lines 1395--1396
\T1/cmtt/m/n/10.95 am Anfang allen Daseins und vor der Erschaffung des
 []


Underfull \hbox (badness 10000) in paragraph at lines 1397--1398
[]\T1/cmtt/m/n/10.95 Von der Kaffeemaschine tropft ein einzelner Tropfen
 []


Underfull \hbox (badness 10000) in paragraph at lines 1397--1398
\T1/cmtt/m/n/10.95 herab, wir angespannt, zucken zusammen...und vor
 []


Underfull \hbox (badness 10000) in paragraph at lines 1397--1398
\T1/cmtt/m/n/10.95 uns taucht majestätisch und langsam ein riesiger
 []


Underfull \hbox (badness 10000) in paragraph at lines 1397--1398
\T1/cmtt/m/n/10.95 Planet auf. Er befindet sich an der Stelle, wo
 []


Underfull \hbox (badness 10000) in paragraph at lines 1397--1398
\T1/cmtt/m/n/10.95 heute unsere Sonne ist und füllt den gesamten Platz
 []

[179]
Underfull \hbox (badness 10000) in paragraph at lines 1399--1400
[]\T1/cmtt/m/n/10.95 Langsam dreht er sich und wir bemerken
 []


Underfull \hbox (badness 10000) in paragraph at lines 1399--1400
\T1/cmtt/m/n/10.95 unterschiedlich stark strahlende Felder. Wir
 []


Underfull \hbox (badness 10000) in paragraph at lines 1399--1400
\T1/cmtt/m/n/10.95 sehen ein Zentrum in der Mitte, von einem helleren
 []


Underfull \hbox (badness 10000) in paragraph at lines 1399--1400
\T1/cmtt/m/n/10.95 umgeben und eine abschliessende Hülle darum.
 []


Underfull \hbox (badness 10000) in paragraph at lines 1399--1400
\T1/cmtt/m/n/10.95 Eiförmige Gebilde bewegen sich in dem Planeten.
 []


Underfull \hbox (badness 10000) in paragraph at lines 1399--1400
\T1/cmtt/m/n/10.95 Wir schauen auf den Zeitmesser, der sich rasend
 []


Underfull \hbox (badness 10000) in paragraph at lines 1399--1400
\T1/cmtt/m/n/10.95 durch die Zeit bewegt und 1000 Jahre in einer
 []


Underfull \hbox (badness 10000) in paragraph at lines 1399--1400
\T1/cmtt/m/n/10.95 Millisekunde vorbeiziehen lässt. Die Zeit wird
 []


Underfull \hbox (badness 10000) in paragraph at lines 1399--1400
\T1/cmtt/m/n/10.95 langsamer und wir schauen wieder raus. Es wird
 []


Underfull \hbox (badness 10000) in paragraph at lines 1399--1400
\T1/cmtt/m/n/10.95 dunkler, es scheint als verlösche der riesige
 []


Underfull \hbox (badness 10000) in paragraph at lines 1399--1400
\T1/cmtt/m/n/10.95 Planet. Nachdem er verschwunden ist, beschleunigt
 []


Underfull \hbox (badness 10000) in paragraph at lines 1401--1402
[]\T1/cmtt/m/n/10.95 Und plötzlich erscheint vor unserem Panoramafenster
 []


Underfull \hbox (badness 10000) in paragraph at lines 1401--1402
\T1/cmtt/m/n/10.95 ein neuer Planet an Stelle des alten. Dieser
 []


Underfull \hbox (badness 10000) in paragraph at lines 1401--1402
\T1/cmtt/m/n/10.95 Planet ist kleiner und gasförmig. Wir können
 []


Underfull \hbox (badness 10000) in paragraph at lines 1401--1402
\T1/cmtt/m/n/10.95 die Wärmesicht abschalten, wir sehen ihn
 []


Underfull \hbox (badness 10000) in paragraph at lines 1401--1402
\T1/cmtt/m/n/10.95 wunderschön durch die Scheibe leuchten, wir tragen
 []


Underfull \hbox (badness 10000) in paragraph at lines 1401--1402
\T1/cmtt/m/n/10.95 Sonnenbrillen, so hell leuchtet der Planet. Er
 []


Underfull \hbox (badness 10000) in paragraph at lines 1401--1402
\T1/cmtt/m/n/10.95 strahlt glühend, leuchtend weiss, bis auf einige
 []


Underfull \hbox (badness 10000) in paragraph at lines 1401--1402
\T1/cmtt/m/n/10.95 rauchig-dunkle Stellen, die aus Gas bestehen und
 []


Underfull \hbox (badness 10000) in paragraph at lines 1401--1402
\T1/cmtt/m/n/10.95 dichter sind als der Rest. An einigen Stellen ballt
 []


Underfull \hbox (badness 10000) in paragraph at lines 1401--1402
\T1/cmtt/m/n/10.95 sich Wärme, wie wir sie auf dem vorherigen Planeten
 []


Underfull \hbox (badness 10000) in paragraph at lines 1403--1404
[]\T1/cmtt/m/n/10.95 Dieser Planet scheint zu atmen. Eine Zeitlang
 []


Underfull \hbox (badness 10000) in paragraph at lines 1403--1404
\T1/cmtt/m/n/10.95 strömt das Licht weit in das All hinein. Angesogen
 []


Underfull \hbox (badness 10000) in paragraph at lines 1403--1404
\T1/cmtt/m/n/10.95 von einer unsichtbaren Kraft und wird feiner und
 []


Underfull \hbox (badness 10000) in paragraph at lines 1403--1404
\T1/cmtt/m/n/10.95 heller. Dann zieht es sich in das Zentrum zurück,
 []


Underfull \hbox (badness 10000) in paragraph at lines 1403--1404
\T1/cmtt/m/n/10.95 dabei wird es dunkler, dichter, wie rauchige Luft.
 []


Underfull \hbox (badness 10000) in paragraph at lines 1403--1404
\T1/cmtt/m/n/10.95 Kleine Gebilde kristallisieren sich darin, noch
 []


Underfull \hbox (badness 10000) in paragraph at lines 1403--1404
\T1/cmtt/m/n/10.95 können wir sie nicht erkennen. Später werden sie
 []

[180]
Underfull \hbox (badness 10000) in paragraph at lines 1405--1406
[]\T1/cmtt/m/n/10.95 Wir haben die Zeit vergessen. Ein Blick auf unsere
 []


Underfull \hbox (badness 10000) in paragraph at lines 1405--1406
\T1/cmtt/m/n/10.95 Zeitanzeige verrät uns, es sind Millionen Jahre
 []


Underfull \hbox (badness 10000) in paragraph at lines 1405--1406
\T1/cmtt/m/n/10.95 vergangen. Wir schauen auf den Planeten und dieser
 []


Underfull \hbox (badness 10000) in paragraph at lines 1407--1408
[]\T1/cmtt/m/n/10.95 Wir haben kurz Zeit uns einen Kaffee zu kochen und
 []


Underfull \hbox (badness 10000) in paragraph at lines 1407--1408
\T1/cmtt/m/n/10.95 ein Schnittchen zu machen, da taucht an der Stelle
 []


Underfull \hbox (badness 10000) in paragraph at lines 1407--1408
\T1/cmtt/m/n/10.95 ein neuer Planet auf. Er reicht von der Sonne bis
 []


Underfull \hbox (badness 10000) in paragraph at lines 1407--1408
\T1/cmtt/m/n/10.95 zum Mars. Er ist fester als sein Vorgänger und
 []


Underfull \hbox (badness 10000) in paragraph at lines 1407--1408
\T1/cmtt/m/n/10.95 schillert in allen Regenbogenfarben. Durch den
 []


Underfull \hbox (badness 10000) in paragraph at lines 1407--1408
\T1/cmtt/m/n/10.95 Farbschleier sehen wir Nebel und durch den Nebel
 []


Underfull \hbox (badness 10000) in paragraph at lines 1407--1408
\T1/cmtt/m/n/10.95 sehen wir zum ersten mal so etwas wie Leben. Eine
 []


Underfull \hbox (badness 10000) in paragraph at lines 1407--1408
\T1/cmtt/m/n/10.95 grünliche Masse, wie gekochter Spinat, die lebendig
 []


Underfull \hbox (badness 10000) in paragraph at lines 1409--1410
[]\T1/cmtt/m/n/10.95 Wir haben nicht viel Zeit dieses farbenprächtige
 []


Underfull \hbox (badness 10000) in paragraph at lines 1409--1410
\T1/cmtt/m/n/10.95 Bild zu geniessen, denn die Masse des Planeten
 []


Underfull \hbox (badness 10000) in paragraph at lines 1409--1410
\T1/cmtt/m/n/10.95 und die ganze Umgebung drumherum geraten in
 []


Underfull \hbox (badness 10000) in paragraph at lines 1409--1410
\T1/cmtt/m/n/10.95 Aufruhr. Unsichtbare Kräfte reissen den Planeten
 []


Underfull \hbox (badness 10000) in paragraph at lines 1409--1410
\T1/cmtt/m/n/10.95 auseinander. Während gleichzeitig das Universum
 []


Underfull \hbox (badness 10000) in paragraph at lines 1409--1410
\T1/cmtt/m/n/10.95 von unsichtbaren Riesenhänden zusammengepresst
 []


Underfull \hbox (badness 10000) in paragraph at lines 1409--1410
\T1/cmtt/m/n/10.95 wird. Zeitschlaufen öffnen sich und verschlucken
 []


Underfull \hbox (badness 10000) in paragraph at lines 1409--1410
\T1/cmtt/m/n/10.95 Materie in dunklen Röhren, um sie an anderer Stelle
 []


Underfull \hbox (badness 10000) in paragraph at lines 1409--1410
\T1/cmtt/m/n/10.95 auszuspucken. Unsichtbare, unglaublich starke
 []


Underfull \hbox (badness 10000) in paragraph at lines 1409--1410
\T1/cmtt/m/n/10.95 Kräfte kämpfen gegeneinander. Trümmer fliegen
 []


Underfull \hbox (badness 10000) in paragraph at lines 1409--1410
\T1/cmtt/m/n/10.95 herum, Feuerstürme toben, Luftlawinen wälzen sich
 []


Underfull \hbox (badness 10000) in paragraph at lines 1411--1412
[]\T1/cmtt/m/n/10.95 Unser kleines Raumschiff ist zu dicht an dem
 []


Underfull \hbox (badness 10000) in paragraph at lines 1411--1412
\T1/cmtt/m/n/10.95 Geschehen dran, es wird gepackt und geschüttelt.
 []


Underfull \hbox (badness 10000) in paragraph at lines 1411--1412
\T1/cmtt/m/n/10.95 Wir purzeln durcheinander, es gibt eine riesige
 []


Underfull \hbox (badness 10000) in paragraph at lines 1411--1412
\T1/cmtt/m/n/10.95 Kaffeesauerei und die lecker Schnittchen kleben
 []


Underfull \hbox (badness 10000) in paragraph at lines 1411--1412
\T1/cmtt/m/n/10.95 an den Wänden. Draussen sehen wir Blitze,
 []


Underfull \hbox (badness 10000) in paragraph at lines 1411--1412
\T1/cmtt/m/n/10.95 Gaswolken. Druckwellen schütteln uns. Ein riesiges
 []


Underfull \hbox (badness 10000) in paragraph at lines 1411--1412
\T1/cmtt/m/n/10.95 Durcheinander findet statt. Der ursprüngliche
 []

[181]
Underfull \hbox (badness 10000) in paragraph at lines 1413--1414
[]\T1/cmtt/m/n/10.95 Würden wir die alten Mysterien kennen, die ganze
 []


Underfull \hbox (badness 10000) in paragraph at lines 1413--1414
\T1/cmtt/m/n/10.95 Ewigkeiten und durch viele Kulturen hindurch
 []


Underfull \hbox (badness 10000) in paragraph at lines 1413--1414
\T1/cmtt/m/n/10.95 weitergegeben wurden, z.B. die Bhagavat Gita,
 []


Underfull \hbox (badness 10000) in paragraph at lines 1413--1414
\T1/cmtt/m/n/10.95 würden wir wissen, in was wir hineingeraten
 []


Underfull \hbox (badness 10000) in paragraph at lines 1413--1414
\T1/cmtt/m/n/10.95 sind: Den berühmten ^^RStreit im Himmel^^P. Berühmt
 []


Underfull \hbox (badness 10000) in paragraph at lines 1413--1414
\T1/cmtt/m/n/10.95 und berüchtigt, weil er die Geburt des Bösen
 []


Underfull \hbox (badness 10000) in paragraph at lines 1413--1414
\T1/cmtt/m/n/10.95 beschreibt, das zu diesem Zeitpunkt nicht böse ist,
 []


Underfull \hbox (badness 10000) in paragraph at lines 1417--1418
[]\T1/cmtt/m/n/10.95 Wir klopfen uns die Kleider ab, der Lehrling
 []


Underfull \hbox (badness 10000) in paragraph at lines 1417--1418
\T1/cmtt/m/n/10.95 wird geschickt den Wischmop zu holen und die
 []


Underfull \hbox (badness 10000) in paragraph at lines 1417--1418
\T1/cmtt/m/n/10.95 Kaffeepfützen zu entfernen und eine traurige
 []


Underfull \hbox (badness 10000) in paragraph at lines 1419--1420
[]\T1/cmtt/m/n/10.95 Draussen hat es sich beruhigt, aber, was für ein
 []


Underfull \hbox (badness 10000) in paragraph at lines 1421--1422
[]\T1/cmtt/m/n/10.95 An der Stelle des Planeten sehen wir eine Sonne,
 []


Underfull \hbox (badness 10000) in paragraph at lines 1421--1422
\T1/cmtt/m/n/10.95 sie reicht nicht mehr bis zum Mars, dafür befindet
 []


Underfull \hbox (badness 10000) in paragraph at lines 1421--1422
\T1/cmtt/m/n/10.95 sich auf der Marsumlaufbahn ein Mond. Er umkreist
 []


Underfull \hbox (badness 10000) in paragraph at lines 1421--1422
\T1/cmtt/m/n/10.95 die Sonne und. Was auch immer die Turbulenzen
 []


Underfull \hbox (badness 10000) in paragraph at lines 1421--1422
\T1/cmtt/m/n/10.95 verursacht hat, hat einen riesigen Ring an Trümmern
 []


Underfull \hbox (badness 10000) in paragraph at lines 1421--1422
\T1/cmtt/m/n/10.95 hinterlassen, den Asteroidengürtel, den wir später
 []


Underfull \hbox (badness 10000) in paragraph at lines 1423--1424
[]\T1/cmtt/m/n/10.95 Die Sonne leuchtet hell und ist leicht, während
 []


Underfull \hbox (badness 10000) in paragraph at lines 1423--1424
\T1/cmtt/m/n/10.95 sich auf dem Mond die Materie zu Luft und
 []


Underfull \hbox (badness 10000) in paragraph at lines 1423--1424
\T1/cmtt/m/n/10.95 Wasser verdichtet. Auch hier schillern wieder
 []


Underfull \hbox (badness 10000) in paragraph at lines 1423--1424
\T1/cmtt/m/n/10.95 die Regenbögen und der lebendige Spinat macht
 []


Underfull \hbox (badness 10000) in paragraph at lines 1425--1426
[]\T1/cmtt/m/n/10.95 Ein letzter "Neustart"findet statt, Licht aus,
 []


Underfull \hbox (badness 10000) in paragraph at lines 1425--1426
\T1/cmtt/m/n/10.95 Licht an und vor uns taucht die Erde auf. Sie ist
 []


Underfull \hbox (badness 10000) in paragraph at lines 1425--1426
\T1/cmtt/m/n/10.95 viel grösser, denn es werden sich aus ihr Uranus
 []


Underfull \hbox (badness 10000) in paragraph at lines 1425--1426
\T1/cmtt/m/n/10.95 und Saturn herauslösen, bevor sie sich endgültig
 []


Underfull \hbox (badness 10000) in paragraph at lines 1425--1426
\T1/cmtt/m/n/10.95 verfestigt hat. Als nächster trennt sich der
 []

[182]
Underfull \hbox (badness 10000) in paragraph at lines 1427--1429
[]\T1/cmtt/m/n/10.95 Wir können es nun wagen auf das Raumschiff zu
 []


Underfull \hbox (badness 10000) in paragraph at lines 1427--1429
\T1/cmtt/m/n/10.95 verzichten, auch wenn wir bei der jetzigen
 []


Underfull \hbox (badness 10000) in paragraph at lines 1427--1429
\T1/cmtt/m/n/10.95 Erdatmosphäre vermutlich einen Raumanzug nötig
 []


Underfull \hbox (badness 10000) in paragraph at lines 1427--1429
\T1/cmtt/m/n/10.95 hätten, mit unserer heutigen Gestalt. Ein letzter
 []


Underfull \hbox (badness 10000) in paragraph at lines 1427--1429
\T1/cmtt/m/n/10.95 Blick auf den Zeitmesser, dort ist an Stelle der
 []


Underfull \hbox (badness 10000) in paragraph at lines 1430--1431
[]\T1/cmtt/m/n/10.95 Die Sonne verlässt die Erde und später, als letztes
 []


Underfull \hbox (badness 10000) in paragraph at lines 1430--1431
\T1/cmtt/m/n/10.95 der Mond. Nachdem es sich die Planeten alle
 []


Underfull \hbox (badness 10000) in paragraph at lines 1430--1431
\T1/cmtt/m/n/10.95 für diese Runde gemütlich gemacht haben, tritt
 []


Underfull \hbox (badness 10000) in paragraph at lines 1430--1431
\T1/cmtt/m/n/10.95 das erste mal gross auf die Bühne in physischer
 []


Underfull \hbox (badness 10000) in paragraph at lines 1432--1433
[]\T1/cmtt/m/n/10.95 Natürlich waren wir Menschen schon vorher da,
 []


Underfull \hbox (badness 10000) in paragraph at lines 1432--1433
\T1/cmtt/m/n/10.95 wir waren auch dabei, als der Wärmeplanet sich im
 []


Underfull \hbox (badness 10000) in paragraph at lines 1432--1433
\T1/cmtt/m/n/10.95 All begann zusammenzuballen, aber wir hatten kein
 []


Underfull \hbox (badness 10000) in paragraph at lines 1432--1433
\T1/cmtt/m/n/10.95 Bewusstsein und nichts womit wir eines hätten haben
 []


Underfull \hbox (badness 10000) in paragraph at lines 1432--1433
\T1/cmtt/m/n/10.95 können. Dieses Bewusstsein brauchte all die vielen
 []


Underfull \hbox (badness 10000) in paragraph at lines 1432--1433
\T1/cmtt/m/n/10.95 Zeitrotationen auf unserem Zeitmesser, Millionen
 []


Underfull \hbox (badness 10000) in paragraph at lines 1432--1433
\T1/cmtt/m/n/10.95 von Jahre und mehrere Äonen von Heimatplaneten,
 []


Underfull \hbox (badness 10000) in paragraph at lines 1434--1435
[]\T1/cmtt/m/n/10.95 Und dann kam Atlantis. (Womit unsere Geschichte,
 []


Underfull \hbox (badness 10000) in paragraph at lines 1434--1435
\T1/cmtt/m/n/10.95 der Leser möge den schmählichen, aber
 []


Underfull \hbox (badness 10000) in paragraph at lines 1434--1435
\T1/cmtt/m/n/10.95 einkalkulierten Fauxpas verzeihen, einen
 []


Underfull \hbox (badness 10000) in paragraph at lines 1434--1435
\T1/cmtt/m/n/10.95 Gènréwechsel von Science-Fiction zu Fantasy
 []


Underfull \hbox (badness 10000) in paragraph at lines 1439--1440
\T1/cmtt/m/n/10.95 Das Krokodil schlug wild um sich. Der mächtige
 []


Underfull \hbox (badness 10000) in paragraph at lines 1439--1440
\T1/cmtt/m/n/10.95 Schwanz platschte auf das Wasser und es drehte
 []


Underfull \hbox (badness 10000) in paragraph at lines 1439--1440
\T1/cmtt/m/n/10.95 sich, die Strömung, die sich auf die engste Stelle
 []


Underfull \hbox (badness 10000) in paragraph at lines 1439--1440
\T1/cmtt/m/n/10.95 des Rheinknies zu bewegte, wurde schneller. Schon
 []


Underfull \hbox (badness 10000) in paragraph at lines 1439--1440
\T1/cmtt/m/n/10.95 trieben sie unter der Wettsteinbrücke durch. Amélie
 []


Underfull \hbox (badness 10000) in paragraph at lines 1439--1440
\T1/cmtt/m/n/10.95 klammerte sich fest und das Krokodil versuchte sie
 []


Underfull \vbox (badness 1527) has occurred while \output is active []

 [183]
Underfull \hbox (badness 10000) in paragraph at lines 1441--1442
[]\T1/cmtt/m/n/10.95 Sie befanden sich unterhalb der Pfalz. Das Krokodil
 []


Underfull \hbox (badness 10000) in paragraph at lines 1441--1442
\T1/cmtt/m/n/10.95 hatte die Orientierung wieder gefunden und tauchte
 []


Underfull \hbox (badness 10000) in paragraph at lines 1441--1442
\T1/cmtt/m/n/10.95 ab. Amélie schwamm und strampelte. Sie bekam
 []


Underfull \hbox (badness 10000) in paragraph at lines 1441--1442
\T1/cmtt/m/n/10.95 plötzlich einen Stock zu fassen. Er ragte von der
 []


Underfull \hbox (badness 10000) in paragraph at lines 1441--1442
\T1/cmtt/m/n/10.95 Leuen-Fähre ins Wasser. Amélie gelang es sich am
 []


Underfull \hbox (badness 10000) in paragraph at lines 1441--1442
\T1/cmtt/m/n/10.95 Stock hochzuziehen, um sich an die Bordwand zu
 []


Underfull \hbox (badness 10000) in paragraph at lines 1441--1442
\T1/cmtt/m/n/10.95 klammern. Sie hatte genug. Sie schaffte es sich
 []


Underfull \hbox (badness 10000) in paragraph at lines 1441--1442
\T1/cmtt/m/n/10.95 zu halten und einen Fuss über die Bordkante zu
 []


Underfull \hbox (badness 10000) in paragraph at lines 1443--1444
[]\T1/cmtt/m/n/10.95 Bevor sie sich ganz in die Fähre hieven konnte,
 []


Underfull \hbox (badness 10000) in paragraph at lines 1443--1444
\T1/cmtt/m/n/10.95 wurde sie von einer mächtigen Pranke ins Wasser
 []


Underfull \hbox (badness 10000) in paragraph at lines 1443--1444
\T1/cmtt/m/n/10.95 zurück geschubst. Obwohl sie untertauchte hörte sie
 []


Underfull \hbox (badness 10000) in paragraph at lines 1443--1444
\T1/cmtt/m/n/10.95 ein lautes Gebrüll und als sie auftauchte, ragte
 []


Underfull \hbox (badness 10000) in paragraph at lines 1443--1444
\T1/cmtt/m/n/10.95 ein Löwe, die Tatzen auf die Fährenplanken gestemmt
 []


Underfull \hbox (badness 10000) in paragraph at lines 1443--1444
\T1/cmtt/m/n/10.95 vor ihr auf und funkelte sie an. Er hob den Kopf in
 []


Underfull \hbox (badness 10000) in paragraph at lines 1443--1444
\T1/cmtt/m/n/10.95 den Nacken und brüllte ein zweites mal. Dann nahm
 []


Underfull \hbox (badness 10000) in paragraph at lines 1443--1444
\T1/cmtt/m/n/10.95 er den Stock, an dem Amélie sich noch immer mit
 []


Underfull \hbox (badness 10000) in paragraph at lines 1443--1444
\T1/cmtt/m/n/10.95 einer Hand hielt ins Maul und löste ihn vom Schiff.
 []


Underfull \hbox (badness 10000) in paragraph at lines 1443--1444
\T1/cmtt/m/n/10.95 Amélie stürzte mit dem Stock in der Hand zurück in
 []


Underfull \hbox (badness 10000) in paragraph at lines 1445--1446
[]\T1/cmtt/m/n/10.95 Sofort rauschte das Krokodil heran, aber sie hatte
 []


Underfull \hbox (badness 10000) in paragraph at lines 1445--1446
\T1/cmtt/m/n/10.95 damit gerechnet und stach so gut sie konnte mit
 []


Underfull \hbox (badness 10000) in paragraph at lines 1445--1446
\T1/cmtt/m/n/10.95 dem Stock nach dem Auge des Ungetüms. Das Krokodil
 []


Underfull \hbox (badness 10000) in paragraph at lines 1445--1446
\T1/cmtt/m/n/10.95 tauchte ab, aber Amélie war schnell und konnte
 []


Underfull \hbox (badness 10000) in paragraph at lines 1445--1446
\T1/cmtt/m/n/10.95 sich an dem rauen Schuppenkleid festhalten. Mit
 []


Underfull \hbox (badness 10000) in paragraph at lines 1445--1446
\T1/cmtt/m/n/10.95 dem freien Arm und den Beinen klammerte sie sich
 []


Underfull \hbox (badness 10000) in paragraph at lines 1445--1446
\T1/cmtt/m/n/10.95 an das Reptil, das tiefer und tiefer tauchte. Sie
 []


Underfull \hbox (badness 10000) in paragraph at lines 1445--1446
\T1/cmtt/m/n/10.95 rammte ihm den Stock überall hin, wo sie konnte,
 []

[184]
Underfull \hbox (badness 10000) in paragraph at lines 1447--1448
[]\T1/cmtt/m/n/10.95 Sie schnappte nach Luft.^^RIch schlag dich zu
 []


Underfull \hbox (badness 10000) in paragraph at lines 1447--1448
\T1/cmtt/m/n/10.95 Brei, wenn du nochmal abtauchst!^^P japste sie und
 []


Underfull \hbox (badness 10000) in paragraph at lines 1447--1448
\T1/cmtt/m/n/10.95 haute zur Bekräftigung den Stock tüchtig auf den
 []


Underfull \hbox (badness 10000) in paragraph at lines 1447--1448
\T1/cmtt/m/n/10.95 Schuppenkopf. In dem Augenblick kamen sie unter
 []


Underfull \hbox (badness 10000) in paragraph at lines 1447--1448
\T1/cmtt/m/n/10.95 der Mittleren Brücke durch. Ein Schiff kam auf der
 []


Underfull \hbox (badness 10000) in paragraph at lines 1447--1448
\T1/cmtt/m/n/10.95 linken Seite den Rhein hinauf gefahren. Die Wellen
 []


Underfull \hbox (badness 10000) in paragraph at lines 1447--1448
\T1/cmtt/m/n/10.95 brachen sich an den Brückenpfeilern und schwappten
 []


Underfull \hbox (badness 10000) in paragraph at lines 1447--1448
\T1/cmtt/m/n/10.95 über das Reptil und seine Reiterin. Der Strudel
 []


Underfull \hbox (badness 10000) in paragraph at lines 1447--1448
\T1/cmtt/m/n/10.95 hinter der Brücke verstärkte sich und das Krokodil
 []


Underfull \hbox (badness 10000) in paragraph at lines 1449--1450
[]\T1/cmtt/m/n/10.95 Sie kämpfte verzweifelt gegen den Sog der Walze an,
 []


Underfull \hbox (badness 10000) in paragraph at lines 1449--1450
\T1/cmtt/m/n/10.95 doch es war zu spät sie ging unter. Aber sie war
 []


Underfull \hbox (badness 10000) in paragraph at lines 1449--1450
\T1/cmtt/m/n/10.95 vorbereitet, statt nach oben, tauchte sie so tief
 []


Underfull \hbox (badness 10000) in paragraph at lines 1449--1450
\T1/cmtt/m/n/10.95 sie konnte und die Strömung der Walze aufhörte.
 []


Underfull \hbox (badness 10000) in paragraph at lines 1449--1450
\T1/cmtt/m/n/10.95 Sie spürte den sandig, schlammigen Boden und stiess
 []


Underfull \hbox (badness 10000) in paragraph at lines 1449--1450
\T1/cmtt/m/n/10.95 sich ab. An der Oberfläche atmete sie tief durch.
 []


Underfull \hbox (badness 10000) in paragraph at lines 1454--1455
\T1/cmtt/m/n/10.95 Wibrandis hatte sie zu Thots achteckigen Bureau
 []


Underfull \hbox (badness 10000) in paragraph at lines 1456--1457
[]\T1/cmtt/m/n/10.95 Sie wollte klopfen, hielt aber inne, als sie das
 []


Underfull \hbox (badness 10000) in paragraph at lines 1456--1457
\T1/cmtt/m/n/10.95 Stimmengewirr hinter der Tür hörte. Ob Tefnut in
 []


Underfull \hbox (badness 10000) in paragraph at lines 1456--1457
\T1/cmtt/m/n/10.95 dem Zimmer war? Und wer noch? Amset? Wieso Amset,
 []


Underfull \hbox (badness 10000) in paragraph at lines 1458--1459
[]\T1/cmtt/m/n/10.95 ^^RHerein, nur herein^^P Thot öffnete die Tür, bevor
 []


Underfull \hbox (badness 10000) in paragraph at lines 1458--1459
\T1/cmtt/m/n/10.95 Amélie geklopft hatte. Wie hatte sie denken können,
 []


Underfull \hbox (badness 10000) in paragraph at lines 1458--1459
\T1/cmtt/m/n/10.95 sie bliebe unbemerkt? Eingeschüchtert betrat Amélie
 []


Underfull \hbox (badness 10000) in paragraph at lines 1458--1459
\T1/cmtt/m/n/10.95 den Raum. Die drei Ohrensessel waren besetzt.
 []


Underfull \hbox (badness 10000) in paragraph at lines 1458--1459
\T1/cmtt/m/n/10.95 In dem einen erkannte sie Tefnut, die Göttin
 []


Underfull \hbox (badness 10000) in paragraph at lines 1458--1459
\T1/cmtt/m/n/10.95 hatte sich einen kurzen, roten Bademantel aus
 []


Underfull \hbox (badness 10000) in paragraph at lines 1458--1459
\T1/cmtt/m/n/10.95 weichfliessender Seide übergestreift. Seltsamer
 []


Underfull \hbox (badness 10000) in paragraph at lines 1458--1459
\T1/cmtt/m/n/10.95 Weise hatte sie eine Schürze an. Keine grosse,
 []


Underfull \hbox (badness 10000) in paragraph at lines 1458--1459
\T1/cmtt/m/n/10.95 wie die anderen Göttinnen, die Amélie mit Schürze
 []


Underfull \hbox (badness 10000) in paragraph at lines 1458--1459
\T1/cmtt/m/n/10.95 gesehen hatte, sondern eine kleine weisse Schürze
 []


Underfull \hbox (badness 10000) in paragraph at lines 1458--1459
\T1/cmtt/m/n/10.95 mit Rüschenrand und einer kleinen Tasche. Auf
 []


Underfull \hbox (badness 10000) in paragraph at lines 1458--1459
\T1/cmtt/m/n/10.95 die Tasche waren Dreiecke in rötlichen Farben
 []


Underfull \hbox (badness 10000) in paragraph at lines 1458--1459
\T1/cmtt/m/n/10.95 gestickt, angeordnet wie eine Flamme. Diese Schürze
 []


Underfull \hbox (badness 10000) in paragraph at lines 1458--1459
\T1/cmtt/m/n/10.95 ist heiss! Fand Amélie und merkte, wie sie Rot
 []


Underfull \hbox (badness 10000) in paragraph at lines 1458--1459
\T1/cmtt/m/n/10.95 wurde. Es schien ihr ein Zeichen von Tefnuts
 []


Underfull \hbox (badness 10000) in paragraph at lines 1458--1459
\T1/cmtt/m/n/10.95 Anwesenheit zu sein, Scham zu empfinden. Deswegen
 []


Underfull \hbox (badness 10000) in paragraph at lines 1458--1459
\T1/cmtt/m/n/10.95 hatte Wibrandis wohl einen roten Kopf bekommen am
 []


Underfull \hbox (badness 10000) in paragraph at lines 1458--1459
\T1/cmtt/m/n/10.95 Morgen, als Amélie ihre Schürze ansah. Allerdings
 []


Underfull \hbox (badness 10000) in paragraph at lines 1458--1459
\T1/cmtt/m/n/10.95 musst sie sich bei ihrem Modell keine Sorgen wegen
 []


Underfull \hbox (badness 10000) in paragraph at lines 1458--1459
\T1/cmtt/m/n/10.95 der Temperatur machen...Tefnut schien nur diese
 []


Underfull \hbox (badness 10000) in paragraph at lines 1458--1459
\T1/cmtt/m/n/10.95 zwei Kleidungsstücke und rotseidenen Pantöffelchen
 []


Underfull \hbox (badness 10000) in paragraph at lines 1458--1459
\T1/cmtt/m/n/10.95 an den Füssen zu tragen. Sie hatte ein Bein
 []


Underfull \hbox (badness 10000) in paragraph at lines 1458--1459
\T1/cmtt/m/n/10.95 übergeschlagen und wippte mit ihrem Pantoffel an
 []


Underfull \hbox (badness 10000) in paragraph at lines 1458--1459
\T1/cmtt/m/n/10.95 der Zehenspitze. Sie fixierte Amélie, lächelte
 []


Underfull \hbox (badness 10000) in paragraph at lines 1458--1459
\T1/cmtt/m/n/10.95 aber. Dann warf sie einen schmachtenden Blick zu
 []


Underfull \hbox (badness 10000) in paragraph at lines 1458--1459
\T1/cmtt/m/n/10.95 dem zweiten Ohrensessel hinüber und Amélie schien
 []

[185]
Underfull \hbox (badness 10000) in paragraph at lines 1460--1461
[]\T1/cmtt/m/n/10.95 ^^RDas ist Schu. Der Gott der Lüfte und des Lichtes.
 []


Underfull \hbox (badness 10000) in paragraph at lines 1460--1461
\T1/cmtt/m/n/10.95 Der Gott des Lebens und Ehegatte und Bruder der
 []


Underfull \hbox (badness 10000) in paragraph at lines 1460--1461
\T1/cmtt/m/n/10.95 hinreissenden Tefnut[].^^P Stellte Thot den mächtigen
 []


Underfull \hbox (badness 10000) in paragraph at lines 1460--1461
\T1/cmtt/m/n/10.95 Gott vor. Er trug ein schwarzes T-Shirt, auf
 []


Underfull \hbox (badness 10000) in paragraph at lines 1460--1461
\T1/cmtt/m/n/10.95 dem ein Dreieck aus weissen Linien, hinter dem
 []


Underfull \hbox (badness 10000) in paragraph at lines 1460--1461
\T1/cmtt/m/n/10.95 sich ein weisser Streifen in einen Regenbogen
 []


Underfull \hbox (badness 10000) in paragraph at lines 1460--1461
\T1/cmtt/m/n/10.95 auffächerte, abgebildet war. Amélie hatte das
 []


Underfull \hbox (badness 10000) in paragraph at lines 1460--1461
\T1/cmtt/m/n/10.95 Bild schon gesehen. War es nicht ein Plattencover?
 []


Underfull \hbox (badness 10000) in paragraph at lines 1460--1461
\T1/cmtt/m/n/10.95 Dazu eine verschlissene, verboten enge Jeans. Der
 []


Underfull \hbox (badness 10000) in paragraph at lines 1460--1461
\T1/cmtt/m/n/10.95 Gott schien jung. Er war muskulös und schlank. Die
 []


Underfull \hbox (badness 10000) in paragraph at lines 1460--1461
\T1/cmtt/m/n/10.95 Verwandtschaft mit dem Sonnengott war deutlich zu
 []


Underfull \hbox (badness 10000) in paragraph at lines 1460--1461
\T1/cmtt/m/n/10.95 sehen. Eine goldblonde Löwenmähne umrahmte seine
 []


Underfull \hbox (badness 10000) in paragraph at lines 1460--1461
\T1/cmtt/m/n/10.95 Gesicht und fiel auf seinen Rücken. Er lächelte
 []


Underfull \hbox (badness 10000) in paragraph at lines 1460--1461
\T1/cmtt/m/n/10.95 Amélie verschmitzt an. In seinem Mundwinkel hing
 []


Underfull \hbox (badness 10000) in paragraph at lines 1460--1461
\T1/cmtt/m/n/10.95 eine verdächtig lange, selbst gedrehte Zigarette,
 []


Underfull \hbox (badness 10000) in paragraph at lines 1460--1461
\T1/cmtt/m/n/10.95 die nicht nach Tabak duftete. ^^RHi, Amélie^^P. Bevor
 []


Underfull \hbox (badness 10000) in paragraph at lines 1460--1461
\T1/cmtt/m/n/10.95 Amélie in die Verlegenheit geriet wie ein Groupie
 []


Underfull \hbox (badness 10000) in paragraph at lines 1460--1461
\T1/cmtt/m/n/10.95 zu quietschen, lenkte Thot ihre Aufmerksamkeit auf
 []

[186]
Underfull \hbox (badness 10000) in paragraph at lines 1462--1463
[]\T1/cmtt/m/n/10.95 ^^RLast but not least, haben wir heute die Ehre den
 []


Underfull \hbox (badness 10000) in paragraph at lines 1462--1463
\T1/cmtt/m/n/10.95 Sonnengott höchstpersönlich in unserer Morgenrunde
 []


Underfull \hbox (badness 10000) in paragraph at lines 1462--1463
\T1/cmtt/m/n/10.95 zu begrüssen. Amélie, dies ist der Vater aller
 []


Underfull \hbox (badness 10000) in paragraph at lines 1462--1463
\T1/cmtt/m/n/10.95 hier anwesenden Götter, Re!^^P ^^RHach, Thot. Wie
 []


Underfull \hbox (badness 10000) in paragraph at lines 1462--1463
\T1/cmtt/m/n/10.95 schaffst du es nur? Jetzt fühle ich mich plötzlich
 []


Underfull \hbox (badness 10000) in paragraph at lines 1462--1463
\T1/cmtt/m/n/10.95 alt^^P lachte der Gott. Amélie grinste schüchtern.
 []


Underfull \hbox (badness 10000) in paragraph at lines 1462--1463
\T1/cmtt/m/n/10.95 Sie hatte den Vater aller Götter sofort in ihr
 []


Underfull \hbox (badness 10000) in paragraph at lines 1462--1463
\T1/cmtt/m/n/10.95 Herz geschlossen. Sie hatte ihn schon während des
 []


Underfull \hbox (badness 10000) in paragraph at lines 1462--1463
\T1/cmtt/m/n/10.95 gemeinsamen Mittagessens beobachtete, wo er, meist
 []


Underfull \hbox (badness 10000) in paragraph at lines 1462--1463
\T1/cmtt/m/n/10.95 vergnügt und laut-fröhlich, mit einer Sonnenbrille
 []


Underfull \hbox (badness 10000) in paragraph at lines 1462--1463
\T1/cmtt/m/n/10.95 auf der Nase am Kopfende des Tisches sass. Er
 []


Underfull \hbox (badness 10000) in paragraph at lines 1462--1463
\T1/cmtt/m/n/10.95 überragte alle, selbst Horus. Man musste kein
 []


Underfull \hbox (badness 10000) in paragraph at lines 1462--1463
\T1/cmtt/m/n/10.95 Götterexperte sein, um seine Stellung und Autorität
 []


Underfull \hbox (badness 10000) in paragraph at lines 1462--1463
\T1/cmtt/m/n/10.95 als Göttervater sofort zu spüren. Auch jetzt
 []


Underfull \hbox (badness 10000) in paragraph at lines 1462--1463
\T1/cmtt/m/n/10.95 trug er die Sonnenbrille. Amélie war ihm bisher
 []


Underfull \hbox (badness 10000) in paragraph at lines 1462--1463
\T1/cmtt/m/n/10.95 nie so nahe gekommen und konnte nun den Glanz
 []


Underfull \hbox (badness 10000) in paragraph at lines 1462--1463
\T1/cmtt/m/n/10.95 erkennen, den die Augen auch durch die dunklen
 []


Underfull \hbox (badness 10000) in paragraph at lines 1462--1463
\T1/cmtt/m/n/10.95 Gläser abstrahlten. Das Haupt des Sonnengottes war
 []


Underfull \hbox (badness 10000) in paragraph at lines 1462--1463
\T1/cmtt/m/n/10.95 von einer goldenen Carona umgeben. Die golden und
 []


Underfull \hbox (badness 10000) in paragraph at lines 1462--1463
\T1/cmtt/m/n/10.95 rot schimmernden Locken bewegten sich, als gäbe es
 []


Underfull \vbox (badness 1231) has occurred while \output is active []

 [187]
Underfull \hbox (badness 10000) in paragraph at lines 1464--1465
[]\T1/cmtt/m/n/10.95 ^^RAmélie, heute Nacht warst du grossartig!^^P Begann
 []


Underfull \hbox (badness 10000) in paragraph at lines 1464--1465
\T1/cmtt/m/n/10.95 Thot die Runde. Alle Götter murmelten zustimmend,
 []


Underfull \hbox (badness 10000) in paragraph at lines 1464--1465
\T1/cmtt/m/n/10.95 Re hielt den Daumen in die Höhe und Schu zwinkerte
 []


Underfull \hbox (badness 10000) in paragraph at lines 1464--1465
\T1/cmtt/m/n/10.95 mit einem strahlenden Himmelblauen Augen. Amélies
 []


Underfull \hbox (badness 10000) in paragraph at lines 1464--1465
\T1/cmtt/m/n/10.95 glühte, -Hilfe, ich seh' aus wie eine Tomate. ^^RIch
 []


Underfull \hbox (badness 10000) in paragraph at lines 1464--1465
\T1/cmtt/m/n/10.95 denke, Sobek dein Lehrmeister wird der gleichen
 []


Underfull \hbox (badness 10000) in paragraph at lines 1464--1465
\T1/cmtt/m/n/10.95 Ansicht sein, wenn du ihn nachher besuchen gehst!^^P
 []


Underfull \hbox (badness 10000) in paragraph at lines 1464--1465
\T1/cmtt/m/n/10.95 Amélie schluckte, sie hatte nicht viel Lust das
 []


Underfull \hbox (badness 10000) in paragraph at lines 1466--1467
[]\T1/cmtt/m/n/10.95 In diesem Augenblick betrat Hans das Bureau. Er
 []


Underfull \hbox (badness 10000) in paragraph at lines 1466--1467
\T1/cmtt/m/n/10.95 hatte sich eine Rose an die Latzhose gesteckt,
 []


Underfull \hbox (badness 10000) in paragraph at lines 1466--1467
\T1/cmtt/m/n/10.95 welche er als einziges Kleidungsstück akzeptieren
 []


Underfull \hbox (badness 10000) in paragraph at lines 1466--1467
\T1/cmtt/m/n/10.95 wollte, obwohl es Winter war. -Anscheinend tragen
 []


Underfull \hbox (badness 10000) in paragraph at lines 1466--1467
\T1/cmtt/m/n/10.95 Götter Kleidung als Statement, oder aus Spass,
 []


Underfull \hbox (badness 10000) in paragraph at lines 1466--1467
\T1/cmtt/m/n/10.95 statt als Schutz für den Körper, dachte Amélie.
 []


Underfull \hbox (badness 10000) in paragraph at lines 1466--1467
\T1/cmtt/m/n/10.95 ^^RJetzt sind alle Vertreter der Elemente zusammen.^^P
 []


Underfull \hbox (badness 10000) in paragraph at lines 1466--1467
\T1/cmtt/m/n/10.95 Bemerkte Thot. Schu und Tefnut hatten sich erhoben
 []


Underfull \hbox (badness 10000) in paragraph at lines 1466--1467
\T1/cmtt/m/n/10.95 und neben Hans gestellt. Sie wirkten plötzlich sehr
 []


Underfull \hbox (badness 10000) in paragraph at lines 1468--1469
[]\T1/cmtt/m/n/10.95 Hans trat als erster an Amélie heran. ^^RMeidli! Du
 []


Underfull \hbox (badness 10000) in paragraph at lines 1468--1469
\T1/cmtt/m/n/10.95 hesch de Prüfung bestande. Du hesch de Lebenskraft
 []


Underfull \hbox (badness 10000) in paragraph at lines 1468--1469
\T1/cmtt/m/n/10.95 könne ufnä. Daher bisch du brechtig die Insigne des
 []


Underfull \hbox (badness 10000) in paragraph at lines 1468--1469
\T1/cmtt/m/n/10.95 Erdvolkes die silberne Münze z trage und z dinem
 []


Underfull \hbox (badness 10000) in paragraph at lines 1468--1469
\T1/cmtt/m/n/10.95 Schutz z verwende.^^P Hans lächelte auf Amélie runter
 []


Underfull \hbox (badness 10000) in paragraph at lines 1468--1469
\T1/cmtt/m/n/10.95 und schüttelte begeistert ihre Hand. Amélie war
 []


Underfull \hbox (badness 10000) in paragraph at lines 1468--1469
\T1/cmtt/m/n/10.95 derweilen blass geworden. ^^RS isch nur seltsam, dänn
 []


Underfull \hbox (badness 10000) in paragraph at lines 1468--1469
\T1/cmtt/m/n/10.95 de Münze hätte hüt am morge in meiner Hosentasche
 []


Underfull \hbox (badness 10000) in paragraph at lines 1468--1469
\T1/cmtt/m/n/10.95 sölle erschiene. Isch s abr nich...nu weiss ich
 []


Underfull \hbox (badness 10000) in paragraph at lines 1468--1469
\T1/cmtt/m/n/10.95 auch nich!^^P Der wilde Maa zuckte mit den breiten
 []


Underfull \hbox (badness 10000) in paragraph at lines 1468--1469
\T1/cmtt/m/n/10.95 Schultern und liess den Kopf hängen. ^^RÄhm^^P, Amélie
 []


Underfull \hbox (badness 10000) in paragraph at lines 1468--1469
\T1/cmtt/m/n/10.95 räusperte sich ^^Rkönnte es daran liegen, dass mir
 []


Underfull \hbox (badness 10000) in paragraph at lines 1468--1469
\T1/cmtt/m/n/10.95 die Münze gestern im Fluss in den Hals gerutscht
 []


Underfull \hbox (badness 10000) in paragraph at lines 1468--1469
\T1/cmtt/m/n/10.95 ist und ich sie verschluckt habe?^^P ^^RJoh, Meidli, du
 []


Underfull \hbox (badness 10000) in paragraph at lines 1468--1469
\T1/cmtt/m/n/10.95 packscht s Züüg grad richtig a, hä?^^P Hans lachte.
 []


Underfull \hbox (badness 10000) in paragraph at lines 1468--1469
\T1/cmtt/m/n/10.95 Dann drückte er mit dem Zeigefinger in Amélies
 []


Underfull \hbox (badness 10000) in paragraph at lines 1468--1469
\T1/cmtt/m/n/10.95 Bauch. Er dachte einen Moment nach und meinte dann:
 []


Underfull \hbox (badness 10000) in paragraph at lines 1468--1469
\T1/cmtt/m/n/10.95 ^^RJoh, nich schlecht, dann hesch du de Münz noch s
 []


Underfull \hbox (badness 10000) in paragraph at lines 1468--1469
\T1/cmtt/m/n/10.95 Momentli bei dir. Ich werd de Rest mit dr Wibrandis
 []


Underfull \hbox (badness 10000) in paragraph at lines 1468--1469
\T1/cmtt/m/n/10.95 bspreche.... Wird wohl nich nötig si, dir de Buuch
 []

[188]
Underfull \hbox (badness 10000) in paragraph at lines 1470--1471
[]\T1/cmtt/m/n/10.95 Dann trat Tefnut vor. ^^RIch bin das Feuer. Ich
 []


Underfull \hbox (badness 10000) in paragraph at lines 1470--1471
\T1/cmtt/m/n/10.95 übergebe dir den heiligen Feuerstab. Es ist
 []


Underfull \hbox (badness 10000) in paragraph at lines 1470--1471
\T1/cmtt/m/n/10.95 derselbe, den dir der Leu der Leuenfähre gestern
 []


Underfull \hbox (badness 10000) in paragraph at lines 1470--1471
\T1/cmtt/m/n/10.95 gab und den du Sobi über den schuppigen Schädel
 []


Underfull \hbox (badness 10000) in paragraph at lines 1470--1471
\T1/cmtt/m/n/10.95 gezogen hast.^^P Tefnut lachte und reichte Amélie
 []


Underfull \hbox (badness 10000) in paragraph at lines 1470--1471
\T1/cmtt/m/n/10.95 graziöse den Stab. Amélie nahm ihn. Er war aus
 []


Underfull \hbox (badness 10000) in paragraph at lines 1470--1471
\T1/cmtt/m/n/10.95 Holz. Er besass noch die Rinde, in die feine
 []


Underfull \hbox (badness 10000) in paragraph at lines 1470--1471
\T1/cmtt/m/n/10.95 Muster eingeritzt waren, die wie Flammen aussahen.
 []


Underfull \hbox (badness 10000) in paragraph at lines 1470--1471
\T1/cmtt/m/n/10.95 Die Muster bildeten sich aus lauter Dreiecken,
 []


Underfull \hbox (badness 10000) in paragraph at lines 1470--1471
\T1/cmtt/m/n/10.95 deren Spitze nach oben zeigte. Am oberen Ende das
 []


Underfull \hbox (badness 10000) in paragraph at lines 1470--1471
\T1/cmtt/m/n/10.95 leicht gekrümmt war und sich natürlich in ihre
 []


Underfull \hbox (badness 10000) in paragraph at lines 1470--1471
\T1/cmtt/m/n/10.95 Hand schmiegte, sah sie die verschiedenen Farben
 []


Underfull \hbox (badness 10000) in paragraph at lines 1470--1471
\T1/cmtt/m/n/10.95 des Holzes. Aussen unter der Rinde war es hell,
 []


Underfull \hbox (badness 10000) in paragraph at lines 1470--1471
\T1/cmtt/m/n/10.95 gelblich und im Inneren befand sich ein rötlicher
 []


Underfull \hbox (badness 10000) in paragraph at lines 1472--1473
[]\T1/cmtt/m/n/10.95 ^^REs ist ein Wachholderstab^^P bemerkte Thot zu
 []


Underfull \hbox (badness 10000) in paragraph at lines 1472--1473
\T1/cmtt/m/n/10.95 Amélies Blick. Eine kleine Erinnerung tauchte
 []


Underfull \hbox (badness 10000) in paragraph at lines 1472--1473
\T1/cmtt/m/n/10.95 auf, Berta hatte ihr vom Wacholder, oder auch
 []


Underfull \hbox (badness 10000) in paragraph at lines 1472--1473
\T1/cmtt/m/n/10.95 Manchandelboom erzählt. -Cool, ich hab' jetzt einen
 []


Underfull \hbox (badness 10000) in paragraph at lines 1472--1473
\T1/cmtt/m/n/10.95 Zauberstab! Amélie strahlte. ^^RDu wirst den Stab
 []


Underfull \hbox (badness 10000) in paragraph at lines 1472--1473
\T1/cmtt/m/n/10.95 heute noch brauchen!^^P Meinte Tefnut. ^^RWir sehen
 []


Underfull \hbox (badness 10000) in paragraph at lines 1472--1473
\T1/cmtt/m/n/10.95 uns heute Nacht, Schätzchen!^^P ^^ROkay!^^P stotterte
 []


Underfull \hbox (badness 10000) in paragraph at lines 1472--1473
\T1/cmtt/m/n/10.95 Amélie. Tefnut verliess das Bureau, nachdem sie
 []


Underfull \hbox (badness 10000) in paragraph at lines 1472--1473
\T1/cmtt/m/n/10.95 Schu einen Kuss auf die Wange gehaucht hatte. ^^RBis
 []


Underfull \hbox (badness 10000) in paragraph at lines 1472--1473
\T1/cmtt/m/n/10.95 gleich, Liebster!^^P flüsterte sie und Schu blies ihr
 []


Underfull \hbox (badness 10000) in paragraph at lines 1472--1473
\T1/cmtt/m/n/10.95 sanft den Rauch seiner Zigarette ins Gesicht. Thot
 []


Underfull \hbox (badness 10000) in paragraph at lines 1472--1473
\T1/cmtt/m/n/10.95 räusperte sich. Zu Amélies Vergnügen, bemerkte sie
 []


Underfull \hbox (badness 10000) in paragraph at lines 1472--1473
\T1/cmtt/m/n/10.95 den leichten rosa Schimmer auf den Wangen des sonst
 []

[189]
Underfull \hbox (badness 10000) in paragraph at lines 1474--1475
[]\T1/cmtt/m/n/10.95 Amélie wurde von Thot zu Schu geschoben. Der
 []


Underfull \hbox (badness 10000) in paragraph at lines 1474--1475
\T1/cmtt/m/n/10.95 hielt plötzlich die Scheide und das Schwert in
 []


Underfull \hbox (badness 10000) in paragraph at lines 1474--1475
\T1/cmtt/m/n/10.95 den grossen Händen. ^^RDies ist das Luftschwert. Es
 []


Underfull \hbox (badness 10000) in paragraph at lines 1474--1475
\T1/cmtt/m/n/10.95 darf von denen benutzt werden, die die Kunst der
 []


Underfull \hbox (badness 10000) in paragraph at lines 1474--1475
\T1/cmtt/m/n/10.95 Elemente beherrschen. Es gibt vieles, was du noch
 []


Underfull \hbox (badness 10000) in paragraph at lines 1474--1475
\T1/cmtt/m/n/10.95 lernen musst. Aber die Herren der Luft, zu denen
 []


Underfull \hbox (badness 10000) in paragraph at lines 1474--1475
\T1/cmtt/m/n/10.95 auch der Vogel Gryff auf der Fähre und ich gehören,
 []


Underfull \hbox (badness 10000) in paragraph at lines 1474--1475
\T1/cmtt/m/n/10.95 meinen, du bist es wert.^^P Schu reichte Amélie die
 []


Underfull \hbox (badness 10000) in paragraph at lines 1474--1475
\T1/cmtt/m/n/10.95 beiden Gegenstände. ^^RWar' übrigens nicht leicht,
 []


Underfull \hbox (badness 10000) in paragraph at lines 1474--1475
\T1/cmtt/m/n/10.95 das Schwert aus Sobis Rachen zu holen. Da kannst du
 []


Underfull \hbox (badness 10000) in paragraph at lines 1476--1477
[]\T1/cmtt/m/n/10.95 Die Scheide war aus Samt und Leder. Das Leder war
 []


Underfull \hbox (badness 10000) in paragraph at lines 1476--1477
\T1/cmtt/m/n/10.95 gelblich. An der Spitze und am oberen Rand war das
 []


Underfull \hbox (badness 10000) in paragraph at lines 1476--1477
\T1/cmtt/m/n/10.95 Leder auch Aussen als Verstärkung angebracht.
 []


Underfull \hbox (badness 10000) in paragraph at lines 1476--1477
\T1/cmtt/m/n/10.95 Auf dem oberen Lederring schimmerte ein blauer
 []


Underfull \hbox (badness 10000) in paragraph at lines 1476--1477
\T1/cmtt/m/n/10.95 Kristall.Der Samt war Königsblau und überzog die
 []


Underfull \hbox (badness 10000) in paragraph at lines 1476--1477
\T1/cmtt/m/n/10.95 restliche Scheide. So fühlte sie sich steif, aber
 []


Underfull \hbox (badness 10000) in paragraph at lines 1476--1477
\T1/cmtt/m/n/10.95 warm und weich an. Mit einem einfachen Gürtel, der
 []


Underfull \hbox (badness 10000) in paragraph at lines 1476--1477
\T1/cmtt/m/n/10.95 aus dem selben gelben Leder gefertigt war, konnte
 []


Underfull \hbox (badness 10000) in paragraph at lines 1478--1479
[]\T1/cmtt/m/n/10.95 Amélie zog das Schwert aus der Scheide. Der Griff
 []


Underfull \hbox (badness 10000) in paragraph at lines 1478--1479
\T1/cmtt/m/n/10.95 war mit dem gelben Leder umwickelt. Das Schwert war
 []


Underfull \hbox (badness 10000) in paragraph at lines 1478--1479
\T1/cmtt/m/n/10.95 einfach. Die Klinge aus Eisen, keine Schnörkel,
 []


Underfull \hbox (badness 10000) in paragraph at lines 1478--1479
\T1/cmtt/m/n/10.95 keine Zierden, keine Schmucksteine. Amélie war
 []


Underfull \hbox (badness 10000) in paragraph at lines 1478--1479
\T1/cmtt/m/n/10.95 etwas enttäuscht. Sie lies sich, wie sie hoffte,
 []


Underfull \hbox (badness 10000) in paragraph at lines 1478--1479
\T1/cmtt/m/n/10.95 nichts anmerken, sie wollte den Luftgott nicht
 []


Underfull \hbox (badness 10000) in paragraph at lines 1478--1479
\T1/cmtt/m/n/10.95 kränken. ^^RDanke!^^P ^^RHeute Nacht wirst du kannst du
 []


Underfull \hbox (badness 10000) in paragraph at lines 1478--1479
\T1/cmtt/m/n/10.95 es dann ausprobieren!^^P Amélie blickte Schu erstaunt
 []


Underfull \hbox (badness 10000) in paragraph at lines 1478--1479
\T1/cmtt/m/n/10.95 an. Der lies einen Rauchring aus seinem Mund, der
 []


Underfull \hbox (badness 10000) in paragraph at lines 1478--1479
\T1/cmtt/m/n/10.95 sich um Amélies Nase kringelte. Sie nieste. Schu
 []

[190]
Underfull \hbox (badness 10000) in paragraph at lines 1480--1481
[]\T1/cmtt/m/n/10.95 ^^RJa, ja, die Kinder.^^P Murmelte Re. Er schaute
 []


Underfull \hbox (badness 10000) in paragraph at lines 1480--1481
\T1/cmtt/m/n/10.95 erwartungsvoll zu Thot. ^^RVon mir bekommst du
 []


Underfull \hbox (badness 10000) in paragraph at lines 1480--1481
\T1/cmtt/m/n/10.95 den letzten Gegenstand.^^P Amélie stutzte, als sie
 []


Underfull \hbox (badness 10000) in paragraph at lines 1480--1481
\T1/cmtt/m/n/10.95 den Kelch in den Händen des Gottes sah: ^^R Die
 []


Underfull \hbox (badness 10000) in paragraph at lines 1480--1481
\T1/cmtt/m/n/10.95 Schale, die ist völlig zersplittert? Ich hab doch
 []


Underfull \hbox (badness 10000) in paragraph at lines 1480--1481
\T1/cmtt/m/n/10.95 sogar mit einem der Splitter zugestochen?^^P Thot
 []


Underfull \hbox (badness 10000) in paragraph at lines 1480--1481
\T1/cmtt/m/n/10.95 reichte Amélie den Kelch. Er war schwer und kühl.
 []


Underfull \hbox (badness 10000) in paragraph at lines 1480--1481
\T1/cmtt/m/n/10.95 Fein geschliffener Kristall, der an immer neuen
 []


Underfull \hbox (badness 10000) in paragraph at lines 1480--1481
\T1/cmtt/m/n/10.95 Stellen das Licht ein funkelnde Regenbögen brach
 []


Underfull \hbox (badness 10000) in paragraph at lines 1480--1481
\T1/cmtt/m/n/10.95 und sie im Zimmer verteilte. ^^RSehr hübsch^^P fand
 []


Underfull \hbox (badness 10000) in paragraph at lines 1480--1481
\T1/cmtt/m/n/10.95 Re. Er hob etwas die Sonnenbrille an und sofort
 []


Underfull \hbox (badness 10000) in paragraph at lines 1480--1481
\T1/cmtt/m/n/10.95 befanden sie sich alle in einem Farbenmeer. Die
 []


Underfull \hbox (badness 10000) in paragraph at lines 1480--1481
\T1/cmtt/m/n/10.95 Farben schillerten und schimmerten, Amélie konnte
 []


Underfull \hbox (badness 10000) in paragraph at lines 1480--1481
\T1/cmtt/m/n/10.95 den Kelch nicht mehr sehen, obwohl sie ihn in den
 []


Underfull \hbox (badness 10000) in paragraph at lines 1480--1481
\T1/cmtt/m/n/10.95 Händen hielt. Dann erblickte sie im Inneren des
 []


Underfull \hbox (badness 10000) in paragraph at lines 1480--1481
\T1/cmtt/m/n/10.95 Kelchs eine rote Flüssigkeit. ^^RIst das, das Blut?
 []


Underfull \hbox (badness 10000) in paragraph at lines 1480--1481
\T1/cmtt/m/n/10.95 Von wem? Wieso?^^P ^^RSpäter^^P gab Thot zur Antwort,
 []


Underfull \hbox (badness 10000) in paragraph at lines 1480--1481
\T1/cmtt/m/n/10.95 ^^Rspäter wirst du es erfahren.^^P Er nahm den Kelch
 []


Underfull \hbox (badness 10000) in paragraph at lines 1480--1481
\T1/cmtt/m/n/10.95 aus Amélies Händen. ^^RDie Gabe des Kelchs trägst
 []


Underfull \hbox (badness 10000) in paragraph at lines 1480--1481
\T1/cmtt/m/n/10.95 du seit gestern Nacht in dir. Die anderen drei
 []


Underfull \hbox (badness 10000) in paragraph at lines 1480--1481
\T1/cmtt/m/n/10.95 Insignien werden dir helfen, dich an die Macht des
 []

[191] [192

] (./DieHorus.toc
LaTeX Font Info:    Font shape `T1/cmtt/bx/n' in size <10.95> not available
(Font)              Font shape `T1/cmtt/m/n' tried instead on input line 2.
LaTeX Font Info:    Font shape `T1/cmtt/bx/n' in size <12> not available
(Font)              Font shape `T1/cmtt/m/n' tried instead on input line 4.
 [193] [194])
\tf@toc=\write3
\openout3 = `DieHorus.toc'.


No file DieHorus.bbl.
[195] (./DieHorus.aux) ) 
Here is how much of TeX's memory you used:
 10035 strings out of 494860
 169669 string characters out of 6177602
 237522 words of memory out of 5000000
 13179 multiletter control sequences out of 15000+600000
 25260 words of font info for 50 fonts, out of 8000000 for 9000
 36 hyphenation exceptions out of 8191
 38i,8n,40p,1595b,310s stack positions out of 5000i,500n,10000p,200000b,80000s
 </home/felicitas/.texmf-var/fonts/pk/ljfour/jknappen/e
c/ectt1200.600pk> </home/felicitas/.texmf-var/fonts/pk/ljfour/jknappen/ec/ectt1
095.600pk> </home/felicitas/.texmf-var/fonts/pk/ljfour/jknappen/ec/ecrm0900.600
pk> </home/felicitas/.texmf-var/fonts/pk/ljfour/jknappen/ec/ecrm0600.600pk> </h
ome/felicitas/.texmf-var/fonts/pk/ljfour/jknappen/ec/ecrm0800.600pk> </home/fel
icitas/.texmf-var/fonts/pk/ljfour/jknappen/ec/ecbx2488.600pk> </home/felicitas/
.texmf-var/fonts/pk/ljfour/jknappen/ec/ecrm1095.600pk>{/usr/share/texlive/texmf
-dist/fonts/enc/dvips/base/8r.enc} </home/felicitas/.texmf-var/fonts/pk/ljfour/
jknappen/ec/ecbx1440.600pk></usr/share/texlive/texmf-dist/fonts/type1/urw/palat
ino/uplr8a.pfb></usr/share/texlive/texmf-dist/fonts/type1/urw/palatino/uplri8a.
pfb>
Output written on DieHorus.pdf (195 pages, 1524885 bytes).
PDF statistics:
 960 PDF objects out of 1000 (max. 8388607)
 470 compressed objects within 5 object streams
 0 named destinations out of 1000 (max. 500000)
 6 words of extra memory for PDF output out of 10000 (max. 10000000)

